1> rotate
p
  "You "
  a cmd="AMBULATE"
    "AMBULATE"
  " to the "
  a cmd="CONTEMPLATE LIVING ROOM"
    "LIVING ROOM"
  " and "
  a cmd="ROTATE RIGHT"
    "ROTATE RIGHT"
  "."
p
  "You are now facing the "
  a cmd="CONTEMPLATE KITCHEN"
    "KITCHEN"
  ". You could "
  a cmd="AMBULATE"
    "AMBULATE"
  " to go there."
p
  "From here you could "
  a cmd="ROTATE LEFT"
    "ROTATE LEFT"
  " to face the "
  a cmd="CONTEMPLATE WORKBENCH"
    "WORKBENCH"
  " or "
  a cmd="ROTATE RIGHT"
    "ROTATE RIGHT"
  " to face the "
  a cmd="CONTEMPLATE FUTON"
    "FUTON"
  "."
dir = "EAST"
hunger = 1
loc = "LIVING ROOM"
2> ambulate
p
  "You "
  a cmd="AMBULATE"
    "AMBULATE"
  " to the "
  a cmd="CONTEMPLATE KITCHEN"
    "KITCHEN"
  "."
p
  "You are now facing the "
  a cmd="CONTEMPLATE CUPBOARD"
    "CUPBOARD"
  ". From here you could "
  a cmd="ROTATE LEFT"
    "ROTATE LEFT"
  " to face the "
  a cmd="CONTEMPLATE WINDOW"
    "WINDOW"
  " or "
  a cmd="ROTATE RIGHT"
    "ROTATE RIGHT"
  " to face the "
  a cmd="CONTEMPLATE REFRIGERATOR"
    "REFRIGERATOR"
  "."
p
  "The "
  a cmd="CONTEMPLATE CUPBOARD"
    "CUPBOARD"
  " is closed."
p
  "You receive a text message from "
  a cmd="SWEETIE"
    "SWEETIE"
  "!"
p
  "“I’ll be home soon!”"
p
  "You could "
  a cmd="COMMUNICATE WITH SWEETIE"
    "COMMUNICATE WITH SWEETIE"
  "."
dir = "EAST"
hunger = 2
loc = "KITCHEN"
scom = true
3> ambulate
p
  "You would collide with the "
  a cmd="CONTEMPLATE CUPBOARD"
    "CUPBOARD"
  "!"
dir = "EAST"
hunger = 2
loc = "KITCHEN"
scom = true
4> ambulate to front door
p
  "You "
  a cmd="ROTATE"
    "ROTATE"
  " twice and "
  a cmd="AMBULATE"
    "AMBULATE"
  " to the "
  a cmd="CONTEMPLATE LIVING ROOM"
    "LIVING ROOM"
  "."
p
  "You are now facing the "
  a cmd="CONTEMPLATE FRONT DOOR"
    "FRONT DOOR"
  ". From here you could "
  a cmd="ROTATE LEFT"
    "ROTATE LEFT"
  " to face the "
  a cmd="CONTEMPLATE FUTON"
    "FUTON"
  " or "
  a cmd="ROTATE RIGHT"
    "ROTATE RIGHT"
  " to face the "
  a cmd="CONTEMPLATE WORKBENCH"
    "WORKBENCH"
  "."
p
  "The "
  a cmd="CONTEMPLATE FRONT DOOR"
    "FRONT DOOR"
  " is closed."
dir = "WEST"
hunger = 3
loc = "LIVING ROOM"
scom = true
5> ambulate
p
  "You could "
  a cmd="OPERATE THE FRONT DOOR"
    "OPERATE THE FRONT DOOR"
  "."
dir = "WEST"
hunger = 3
loc = "LIVING ROOM"
scom = true
6> operate front door
p
  "You "
  a cmd="OPERATE THE FRONT DOOR"
    "OPERATE THE FRONT DOOR"
  ". The "
  a cmd="CONTEMPLATE FRONT DOOR"
    "FRONT DOOR"
  " is now open. Through the "
  a cmd="CONTEMPLATE FRONT DOOR"
    "FRONT DOOR"
  " you can see the "
  a cmd="CONTEMPLATE LAWN"
    "LAWN"
  "."
dir = "WEST"
hunger = 3
is_FRONT_DOOR_open = true
loc = "LIVING ROOM"
scom = true
7> ambulate
p
  "You deleted most of your navigation data to make room for more episodes of Buffy the Vampire Slayer! Your "
  a cmd="CONTEMPLATE SWEETIE"
    "SWEETIE"
  " agreed that this was logical."
dir = "WEST"
hunger = 3
is_FRONT_DOOR_open = true
loc = "LIVING ROOM"
scom = true
8> ambulate to window
p
  "You "
  a cmd="ROTATE"
    "ROTATE"
  " twice, "
  a cmd="AMBULATE"
    "AMBULATE"
  " to the "
  a cmd="CONTEMPLATE KITCHEN"
    "KITCHEN"
  " and "
  a cmd="ROTATE LEFT"
    "ROTATE LEFT"
  "."
p
  "You are now facing the "
  a cmd="CONTEMPLATE WINDOW"
    "WINDOW"
  ". From here you could "
  a cmd="ROTATE LEFT"
    "ROTATE LEFT"
  " to face the "
  a cmd="CONTEMPLATE LIVING ROOM"
    "LIVING ROOM"
  " or "
  a cmd="ROTATE RIGHT"
    "ROTATE RIGHT"
  " to face the "
  a cmd="CONTEMPLATE CUPBOARD"
    "CUPBOARD"
  "."
p
  "The "
  a cmd="CONTEMPLATE WINDOW"
    "WINDOW"
  " is closed. Through the "
  a cmd="CONTEMPLATE WINDOW"
    "WINDOW"
  " you see a "
  a cmd="CONTEMPLATE TREE"
    "TREE"
  "."
p
  "There could be something delicious in the "
  a cmd="CONTEMPLATE CUPBOARD"
    "CUPBOARD"
  "."
dir = "NORTH"
hunger = 4
is_FRONT_DOOR_open = true
loc = "KITCHEN"
scom = true
9> ambulate
p
  "You would collide with the "
  a cmd="CONTEMPLATE WINDOW"
    "WINDOW"
  "!"
dir = "NORTH"
hunger = 4
is_FRONT_DOOR_open = true
loc = "KITCHEN"
scom = true
10> operate window
p
  "You "
  a cmd="OPERATE THE WINDOW"
    "OPERATE THE WINDOW"
  "."
p
  "The "
  a cmd="CONTEMPLATE WINDOW"
    "WINDOW"
  " does not want to stay open on its own! You hold it open for now."
dir = "NORTH"
hunger = 4
is_FRONT_DOOR_open = true
is_WINDOW_open = true
loc = "KITCHEN"
scom = true
11> ambulate
p
  "You would collide with the "
  a cmd="CONTEMPLATE WINDOW"
    "WINDOW"
  "!"
dir = "NORTH"
hunger = 4
is_FRONT_DOOR_open = true
is_WINDOW_open = true
loc = "KITCHEN"
scom = true
12> rotate
p
  "You "
  a cmd="ROTATE RIGHT"
    "ROTATE RIGHT"
  "."
p
  "The "
  a cmd="CONTEMPLATE WINDOW"
    "WINDOW"
  " slides closed as you "
  a cmd="ROTATE"
    "ROTATE"
  " away."
p
  "You are now facing the "
  a cmd="CONTEMPLATE CUPBOARD"
    "CUPBOARD"
  ". From here you could "
  a cmd="ROTATE LEFT"
    "ROTATE LEFT"
  " to face the "
  a cmd="CONTEMPLATE WINDOW"
    "WINDOW"
  " or "
  a cmd="ROTATE RIGHT"
    "ROTATE RIGHT"
  " to face the "
  a cmd="CONTEMPLATE REFRIGERATOR"
    "REFRIGERATOR"
  "."
p
  "The "
  a cmd="CONTEMPLATE CUPBOARD"
    "CUPBOARD"
  " is closed."
dir = "EAST"
hunger = 5
is_FRONT_DOOR_open = true
is_WINDOW_open = false
loc = "KITCHEN"
scom = true
13> ambulate
p
  "You would collide with the "
  a cmd="CONTEMPLATE CUPBOARD"
    "CUPBOARD"
  "!"
dir = "EAST"
hunger = 5
is_FRONT_DOOR_open = true
is_WINDOW_open = false
loc = "KITCHEN"
scom = true
14> operate cupboard
p
  "You "
  a cmd="OPERATE THE CUPBOARD"
    "OPERATE THE CUPBOARD"
  ". The "
  a cmd="CONTEMPLATE CUPBOARD"
    "CUPBOARD"
  " is now open."
p
  "There is nothing in the "
  a cmd="CONTEMPLATE CUPBOARD"
    "CUPBOARD"
  "!"
dir = "EAST"
hunger = 5
is_CUPBOARD_open = true
is_FRONT_DOOR_open = true
is_WINDOW_open = false
loc = "KITCHEN"
scom = true
15> ambulate
p
  "You would collide with the "
  a cmd="CONTEMPLATE CUPBOARD"
    "CUPBOARD"
  "!"
dir = "EAST"
hunger = 5
is_CUPBOARD_open = true
is_FRONT_DOOR_open = true
is_WINDOW_open = false
loc = "KITCHEN"
scom = true
16> rotate
p
  "You "
  a cmd="ROTATE RIGHT"
    "ROTATE RIGHT"
  "."
p
  "You are now facing the "
  a cmd="CONTEMPLATE REFRIGERATOR"
    "REFRIGERATOR"
  ". From here you could "
  a cmd="ROTATE LEFT"
    "ROTATE LEFT"
  " to face the "
  a cmd="CONTEMPLATE CUPBOARD"
    "CUPBOARD"
  " or "
  a cmd="ROTATE RIGHT"
    "ROTATE RIGHT"
  " to face the "
  a cmd="CONTEMPLATE LIVING ROOM"
    "LIVING ROOM"
  "."
p
  "The "
  a cmd="CONTEMPLATE REFRIGERATOR"
    "REFRIGERATOR"
  " is closed."
dir = "SOUTH"
hunger = 6
is_CUPBOARD_open = true
is_FRONT_DOOR_open = true
is_WINDOW_open = false
loc = "KITCHEN"
scom = true
17> ambulate
p
  "You would collide with the "
  a cmd="CONTEMPLATE REFRIGERATOR"
    "REFRIGERATOR"
  "!"
dir = "SOUTH"
hunger = 6
is_CUPBOARD_open = true
is_FRONT_DOOR_open = true
is_WINDOW_open = false
loc = "KITCHEN"
scom = true
18> operate refrigerator
p
  "You "
  a cmd="OPERATE THE REFRIGERATOR"
    "OPERATE THE REFRIGERATOR"
  ". The "
  a cmd="CONTEMPLATE REFRIGERATOR"
    "REFRIGERATOR"
  " is now open."
p
  "A swarm of "
  a cmd="CONTEMPLATE BUGS"
    "BUGS"
  " flies out!"
--MORE--
p
  "The "
  a cmd="CONTEMPLATE BUGS"
    "BUGS"
  " emit an uncanny chittering noise!"
--MORE--
p
  "The noise resolves itself into words:"
--MORE--
p
  "“YES THANK YOU SO MUCH IT WAS GETTING SO CROWDED IN THERE!”"
--MORE--
p
  "Every cubic centimeter of the "
  a cmd="CONTEMPLATE REFRIGERATOR"
    "REFRIGERATOR"
  " is packed with complex matrix of unidentified semi-transparent organic matter. It must be some kind of "
  a cmd="CONTEMPLATE HIVE"
    "HIVE"
  ". It is riddled with "
  a cmd="CONTEMPLATE BUGS"
    "BUGS"
  "!"
--MORE--
p
  "The entire apartment is now crawling with "
  a cmd="CONTEMPLATE BUGS"
    "BUGS"
  "!"
--MORE--
p
  "The "
  a cmd="CONTEMPLATE REFRIGERATOR"
    "REFRIGERATOR"
  " does not want to stay open on its own! You hold it open for now."
bugs = true
dir = "SOUTH"
is_CUPBOARD_open = true
is_FRONT_DOOR_open = true
is_REFRIGERATOR_open = true
is_WINDOW_open = false
loc = "KITCHEN"
saw_bad_REFRIGERATOR = true
saw_bad_WINDOW = true
saw_good_CUPBOARD = true
saw_good_FRONT_DOOR = true
saw_good_REFRIGERATOR = true
saw_you_good_REFRIGERATOR = true
scom = true
19> ambulate
p
  "You would collide with the "
  a cmd="CONTEMPLATE REFRIGERATOR"
    "REFRIGERATOR"
  "!"
bugs = true
dir = "SOUTH"
is_CUPBOARD_open = true
is_FRONT_DOOR_open = true
is_REFRIGERATOR_open = true
is_WINDOW_open = false
loc = "KITCHEN"
saw_bad_REFRIGERATOR = true
saw_bad_WINDOW = true
saw_good_CUPBOARD = true
saw_good_FRONT_DOOR = true
saw_good_REFRIGERATOR = true
saw_you_good_REFRIGERATOR = true
scom = true
20> go to futon
p
  "You "
  a cmd="ROTATE RIGHT"
    "ROTATE RIGHT"
  ", "
  a cmd="AMBULATE"
    "AMBULATE"
  " to the "
  a cmd="CONTEMPLATE LIVING ROOM"
    "LIVING ROOM"
  " and "
  a cmd="ROTATE LEFT"
    "ROTATE LEFT"
  "."
p
  "The "
  a cmd="CONTEMPLATE REFRIGERATOR"
    "REFRIGERATOR"
  " swings shut as you "
  a cmd="ROTATE"
    "ROTATE"
  " away."
p
  "“NO WAIT COME BACK THE "
  a cmd="CONTEMPLATE REFRIGERATOR"
    "REFRIGERATOR"
  " HAS CLOSED AGAIN WE ARE DOOMED!”"
--MORE--
p
  "You are now facing the "
  a cmd="CONTEMPLATE FUTON"
    "FUTON"
  ". You could "
  a cmd="AMBULATE"
    "AMBULATE"
  " to go there."
p
  "From here you could "
  a cmd="ROTATE LEFT"
    "ROTATE LEFT"
  " to face the "
  a cmd="CONTEMPLATE KITCHEN"
    "KITCHEN"
  " or "
  a cmd="ROTATE RIGHT"
    "ROTATE RIGHT"
  " to face the "
  a cmd="CONTEMPLATE FRONT DOOR"
    "FRONT DOOR"
  "."
p
  "The "
  a cmd="CONTEMPLATE FUTON"
    "FUTON"
  " is crawling with "
  a cmd="CONTEMPLATE BUGS"
    "BUGS"
  "!"
bugs = true
dir = "SOUTH"
is_CUPBOARD_open = true
is_FRONT_DOOR_open = true
is_REFRIGERATOR_open = false
is_WINDOW_open = false
loc = "LIVING ROOM"
saw_bad_REFRIGERATOR = true
saw_bad_WINDOW = true
saw_good_CUPBOARD = true
saw_good_FRONT_DOOR = true
saw_good_REFRIGERATOR = true
saw_you_bad_REFRIGERATOR = true
saw_you_good_REFRIGERATOR = true
scom = true
