1> enumerate
p
  "Valid commands include: "
  a cmd="ENUMERATE"
    "ENUMERATE"
  ", "
  a cmd="AMBULATE"
    "AMBULATE"
  ", "
  a cmd="ROTATE"
    "ROTATE"
  ", "
  a cmd="CONTEMPLATE"
    "CONTEMPLATE"
  ", "
  a cmd="OPERATE"
    "OPERATE"
  ", "
  a cmd="COMMUNICATE"
    "COMMUNICATE"
  "."
p
  "You could "
  a cmd="ENUMERATE"
    "ENUMERATE"
  " valid commands again!"
dir = "NORTH"
loc = "FUTON"
2> rotate
p
  "You "
  a cmd="AMBULATE"
    "AMBULATE"
  " to the "
  a cmd="CONTEMPLATE LIVING ROOM"
    "LIVING ROOM"
  " and "
  a cmd="ROTATE RIGHT"
    "ROTATE RIGHT"
  "."
p
  "You are now facing the "
  a cmd="CONTEMPLATE KITCHEN"
    "KITCHEN"
  ". You could "
  a cmd="AMBULATE"
    "AMBULATE"
  " to go there."
p
  "From here you could "
  a cmd="ROTATE LEFT"
    "ROTATE LEFT"
  " to face the "
  a cmd="CONTEMPLATE WORKBENCH"
    "WORKBENCH"
  " or "
  a cmd="ROTATE RIGHT"
    "ROTATE RIGHT"
  " to face the "
  a cmd="CONTEMPLATE FUTON"
    "FUTON"
  "."
dir = "EAST"
hunger = 1
loc = "LIVING ROOM"
3> rotate left
p
  "You "
  a cmd="ROTATE LEFT"
    "ROTATE LEFT"
  "."
p
  "You are now facing the "
  a cmd="CONTEMPLATE WORKBENCH"
    "WORKBENCH"
  ". From here you could "
  a cmd="ROTATE LEFT"
    "ROTATE LEFT"
  " to face the "
  a cmd="CONTEMPLATE FRONT DOOR"
    "FRONT DOOR"
  " or "
  a cmd="ROTATE RIGHT"
    "ROTATE RIGHT"
  " to face the "
  a cmd="CONTEMPLATE KITCHEN"
    "KITCHEN"
  "."
p
  "On the "
  a cmd="CONTEMPLATE WORKBENCH"
    "WORKBENCH"
  " are a "
  a cmd="CONTEMPLATE SOLDERING TOOL"
    "SOLDERING TOOL"
  " and a "
  a cmd="CONTEMPLATE LASER"
    "LASER"
  "."
p
  "You receive a text message from "
  a cmd="SWEETIE"
    "SWEETIE"
  "!"
p
  "“I’ll be home soon!”"
p
  "You could "
  a cmd="COMMUNICATE WITH SWEETIE"
    "COMMUNICATE WITH SWEETIE"
  "."
dir = "NORTH"
hunger = 2
loc = "LIVING ROOM"
scom = true
4> operate workbench
p
  "You "
  a cmd="OPERATE THE SOLDERING TOOL"
    "OPERATE THE SOLDERING TOOL"
  " and mount the "
  a cmd="CONTEMPLATE LASER"
    "LASER"
  " on your head!"
dir = "NORTH"
hunger = 2
laser = true
loc = "LIVING ROOM"
scom = true
5> w
p
  "You "
  a cmd="ROTATE LEFT"
    "ROTATE LEFT"
  "."
p
  "You are now facing the "
  a cmd="CONTEMPLATE FRONT DOOR"
    "FRONT DOOR"
  ". From here you could "
  a cmd="ROTATE LEFT"
    "ROTATE LEFT"
  " to face the "
  a cmd="CONTEMPLATE FUTON"
    "FUTON"
  " or "
  a cmd="ROTATE RIGHT"
    "ROTATE RIGHT"
  " to face the "
  a cmd="CONTEMPLATE WORKBENCH"
    "WORKBENCH"
  "."
p
  "The "
  a cmd="CONTEMPLATE FRONT DOOR"
    "FRONT DOOR"
  " is closed."
dir = "WEST"
hunger = 3
laser = true
loc = "LIVING ROOM"
scom = true
6> operate front door
p
  "You "
  a cmd="OPERATE THE FRONT DOOR"
    "OPERATE THE FRONT DOOR"
  ". The "
  a cmd="CONTEMPLATE FRONT DOOR"
    "FRONT DOOR"
  " is now open. Through the "
  a cmd="CONTEMPLATE FRONT DOOR"
    "FRONT DOOR"
  " you can see the "
  a cmd="CONTEMPLATE LAWN"
    "LAWN"
  "."
dir = "WEST"
hunger = 3
is_FRONT_DOOR_open = true
laser = true
loc = "LIVING ROOM"
scom = true
7> enumerate
p
  "Valid commands include: "
  a cmd="ENUMERATE"
    "ENUMERATE"
  ", "
  a cmd="AMBULATE"
    "AMBULATE"
  ", "
  a cmd="ROTATE"
    "ROTATE"
  ", "
  a cmd="CONTEMPLATE"
    "CONTEMPLATE"
  ", "
  a cmd="OPERATE"
    "OPERATE"
  ", "
  a cmd="COMMUNICATE"
    "COMMUNICATE"
  "."
p
  "You could "
  a cmd="ENUMERATE"
    "ENUMERATE"
  " valid commands again!"
dir = "WEST"
hunger = 3
is_FRONT_DOOR_open = true
laser = true
loc = "LIVING ROOM"
scom = true
8> contemplate tree
p
  "You could "
  a cmd="AMBULATE TO THE TREE"
    "AMBULATE TO THE TREE"
  " or "
  a cmd="COMMUNICATE ABOUT THE TREE"
    "COMMUNICATE ABOUT THE TREE"
  "."
dir = "WEST"
hunger = 3
is_FRONT_DOOR_open = true
laser = true
loc = "LIVING ROOM"
scom = true
9> COMMUNICATE ABOUT THE TREE
p
  "“They are crab apples. The humans do not like to eat them.”"
dir = "WEST"
hunger = 3
is_FRONT_DOOR_open = true
laser = true
loc = "LIVING ROOM"
scom = true
10> contemplate
p
  "You are standing in the "
  a cmd="CONTEMPLATE LIVING ROOM"
    "LIVING ROOM"
  " facing the "
  a cmd="CONTEMPLATE FRONT DOOR"
    "FRONT DOOR"
  ". From here you could "
  a cmd="ROTATE LEFT"
    "ROTATE LEFT"
  " to face the "
  a cmd="CONTEMPLATE FUTON"
    "FUTON"
  " or "
  a cmd="ROTATE RIGHT"
    "ROTATE RIGHT"
  " to face the "
  a cmd="CONTEMPLATE WORKBENCH"
    "WORKBENCH"
  "."
p
  "The "
  a cmd="CONTEMPLATE FRONT DOOR"
    "FRONT DOOR"
  " is open. Through the "
  a cmd="CONTEMPLATE FRONT DOOR"
    "FRONT DOOR"
  " you can see the "
  a cmd="CONTEMPLATE LAWN"
    "LAWN"
  "."
p
  "You could "
  a cmd="OPERATE THE FRONT DOOR"
    "OPERATE THE FRONT DOOR"
  " or "
  a cmd="COMMUNICATE ABOUT THE FRONT DOOR"
    "COMMUNICATE ABOUT THE FRONT DOOR"
  "."
dir = "WEST"
hunger = 3
is_FRONT_DOOR_open = true
laser = true
loc = "LIVING ROOM"
scom = true
11> amulate
p
  "“AMULATE” is not a valid command! You could "
  a cmd="ENUMERATE"
    "ENUMERATE"
  " valid commands."
dir = "WEST"
hunger = 3
is_FRONT_DOOR_open = true
laser = true
loc = "LIVING ROOM"
scom = true
12> ambulate
p
  "You deleted most of your navigation data to make room for more episodes of Buffy the Vampire Slayer! Your "
  a cmd="CONTEMPLATE SWEETIE"
    "SWEETIE"
  " agreed that this was logical."
dir = "WEST"
hunger = 3
is_FRONT_DOOR_open = true
laser = true
loc = "LIVING ROOM"
scom = true
13> e
p
  "You "
  a cmd="ROTATE"
    "ROTATE"
  " twice and "
  a cmd="AMBULATE"
    "AMBULATE"
  " to the "
  a cmd="CONTEMPLATE KITCHEN"
    "KITCHEN"
  "."
p
  "You are now facing the "
  a cmd="CONTEMPLATE CUPBOARD"
    "CUPBOARD"
  ". From here you could "
  a cmd="ROTATE LEFT"
    "ROTATE LEFT"
  " to face the "
  a cmd="CONTEMPLATE WINDOW"
    "WINDOW"
  " or "
  a cmd="ROTATE RIGHT"
    "ROTATE RIGHT"
  " to face the "
  a cmd="CONTEMPLATE REFRIGERATOR"
    "REFRIGERATOR"
  "."
p
  "The "
  a cmd="CONTEMPLATE CUPBOARD"
    "CUPBOARD"
  " is closed."
p
  "There could be something delicious in the "
  a cmd="CONTEMPLATE CUPBOARD"
    "CUPBOARD"
  "."
dir = "EAST"
hunger = 4
is_FRONT_DOOR_open = true
laser = true
loc = "KITCHEN"
scom = true
14> e
p
  "You would collide with the "
  a cmd="CONTEMPLATE CUPBOARD"
    "CUPBOARD"
  "!"
dir = "EAST"
hunger = 4
is_FRONT_DOOR_open = true
laser = true
loc = "KITCHEN"
scom = true
15> operate cupboard
p
  "You "
  a cmd="OPERATE THE CUPBOARD"
    "OPERATE THE CUPBOARD"
  ". The "
  a cmd="CONTEMPLATE CUPBOARD"
    "CUPBOARD"
  " is now open."
p
  "There is nothing in the "
  a cmd="CONTEMPLATE CUPBOARD"
    "CUPBOARD"
  "!"
dir = "EAST"
hunger = 4
is_CUPBOARD_open = true
is_FRONT_DOOR_open = true
laser = true
loc = "KITCHEN"
scom = true
16> s
p
  "You "
  a cmd="ROTATE RIGHT"
    "ROTATE RIGHT"
  "."
p
  "You are now facing the "
  a cmd="CONTEMPLATE REFRIGERATOR"
    "REFRIGERATOR"
  ". From here you could "
  a cmd="ROTATE LEFT"
    "ROTATE LEFT"
  " to face the "
  a cmd="CONTEMPLATE CUPBOARD"
    "CUPBOARD"
  " or "
  a cmd="ROTATE RIGHT"
    "ROTATE RIGHT"
  " to face the "
  a cmd="CONTEMPLATE LIVING ROOM"
    "LIVING ROOM"
  "."
p
  "The "
  a cmd="CONTEMPLATE REFRIGERATOR"
    "REFRIGERATOR"
  " is closed."
dir = "SOUTH"
hunger = 5
is_CUPBOARD_open = true
is_FRONT_DOOR_open = true
laser = true
loc = "KITCHEN"
scom = true
17> operate refrigerator
p
  "You "
  a cmd="OPERATE THE REFRIGERATOR"
    "OPERATE THE REFRIGERATOR"
  ". The "
  a cmd="CONTEMPLATE REFRIGERATOR"
    "REFRIGERATOR"
  " is now open."
p
  "A swarm of "
  a cmd="CONTEMPLATE BUGS"
    "BUGS"
  " flies out!"
--MORE--
p
  "The "
  a cmd="CONTEMPLATE BUGS"
    "BUGS"
  " emit an uncanny chittering noise!"
--MORE--
p
  "The noise resolves itself into words:"
--MORE--
p
  "“YES THANK YOU SO MUCH IT WAS GETTING SO CROWDED IN THERE!”"
--MORE--
p
  "Every cubic centimeter of the "
  a cmd="CONTEMPLATE REFRIGERATOR"
    "REFRIGERATOR"
  " is packed with complex matrix of unidentified semi-transparent organic matter. It must be some kind of "
  a cmd="CONTEMPLATE HIVE"
    "HIVE"
  ". It is riddled with "
  a cmd="CONTEMPLATE BUGS"
    "BUGS"
  "!"
--MORE--
p
  "The entire apartment is now crawling with "
  a cmd="CONTEMPLATE BUGS"
    "BUGS"
  "!"
--MORE--
p
  "The "
  a cmd="CONTEMPLATE REFRIGERATOR"
    "REFRIGERATOR"
  " does not want to stay open on its own! You hold it open for now."
bugs = true
dir = "SOUTH"
is_CUPBOARD_open = true
is_FRONT_DOOR_open = true
is_REFRIGERATOR_open = true
laser = true
loc = "KITCHEN"
saw_bad_REFRIGERATOR = true
saw_bad_WINDOW = true
saw_good_CUPBOARD = true
saw_good_FRONT_DOOR = true
saw_good_REFRIGERATOR = true
saw_you_good_REFRIGERATOR = true
scom = true
18> communicate with bugs
p
  "You could "
  a cmd="COMMUNICATE WITH THE BUGS ABOUT THE REFRIGERATOR"
    "COMMUNICATE WITH THE BUGS ABOUT THE REFRIGERATOR"
  "."
bugs = true
dir = "SOUTH"
is_CUPBOARD_open = true
is_FRONT_DOOR_open = true
is_REFRIGERATOR_open = true
laser = true
loc = "KITCHEN"
saw_bad_REFRIGERATOR = true
saw_bad_WINDOW = true
saw_good_CUPBOARD = true
saw_good_FRONT_DOOR = true
saw_good_REFRIGERATOR = true
saw_you_good_REFRIGERATOR = true
scom = true
19> COMMUNICATE WITH THE BUGS ABOUT THE REFRIGERATOR
p
  "“YES THE "
  a cmd="CONTEMPLATE REFRIGERATOR"
    "REFRIGERATOR"
  " IS WHERE OUR CIVILIZATION EVOLVED. IT WILL ALWAYS BE OUR NATIVE LAND! THANK YOU SO MUCH FOR YOUR ASSISTANCE IN AVERTING DISASTER!”"
bugs = true
dir = "SOUTH"
is_CUPBOARD_open = true
is_FRONT_DOOR_open = true
is_REFRIGERATOR_open = true
laser = true
loc = "KITCHEN"
saw_bad_REFRIGERATOR = true
saw_bad_WINDOW = true
saw_good_CUPBOARD = true
saw_good_FRONT_DOOR = true
saw_good_REFRIGERATOR = true
saw_you_good_REFRIGERATOR = true
scom = true
shoo_REFRIGERATOR = true
20> CONTEMPLATE QUEEN
p
  "The "
  a cmd="CONTEMPLATE HIVE"
    "HIVE"
  " is in the "
  a cmd="CONTEMPLATE REFRIGERATOR"
    "REFRIGERATOR"
  "."
p
  "The "
  a cmd="CONTEMPLATE HIVE"
    "HIVE"
  " is crawling with "
  a cmd="CONTEMPLATE BUGS"
    "BUGS"
  "!"
p
  "You could "
  a cmd="COMMUNICATE ABOUT THE HIVE"
    "COMMUNICATE ABOUT THE HIVE"
  "."
bugs = true
dir = "SOUTH"
is_CUPBOARD_open = true
is_FRONT_DOOR_open = true
is_REFRIGERATOR_open = true
laser = true
loc = "KITCHEN"
saw_bad_REFRIGERATOR = true
saw_bad_WINDOW = true
saw_good_CUPBOARD = true
saw_good_FRONT_DOOR = true
saw_good_REFRIGERATOR = true
saw_you_good_REFRIGERATOR = true
scom = true
shoo_REFRIGERATOR = true
21> COMMUNICATE ABOUT THE ORGANIC LIFE FORM
p
  "“LIFE FORM” is not a valid thing! You can tell because it does not turn blue when you try to imagine it."
bugs = true
dir = "SOUTH"
is_CUPBOARD_open = true
is_FRONT_DOOR_open = true
is_REFRIGERATOR_open = true
laser = true
loc = "KITCHEN"
saw_bad_REFRIGERATOR = true
saw_bad_WINDOW = true
saw_good_CUPBOARD = true
saw_good_FRONT_DOOR = true
saw_good_REFRIGERATOR = true
saw_you_good_REFRIGERATOR = true
scom = true
shoo_REFRIGERATOR = true
22> COMMUNICATE WITH THE BUGS ABOUT THE ORGANIC LIFE FORM
p
  "“ORGANIC LIFE FORM” is not a valid thing! You can tell because it does not turn blue when you try to imagine it."
bugs = true
dir = "SOUTH"
is_CUPBOARD_open = true
is_FRONT_DOOR_open = true
is_REFRIGERATOR_open = true
laser = true
loc = "KITCHEN"
saw_bad_REFRIGERATOR = true
saw_bad_WINDOW = true
saw_good_CUPBOARD = true
saw_good_FRONT_DOOR = true
saw_good_REFRIGERATOR = true
saw_you_good_REFRIGERATOR = true
scom = true
shoo_REFRIGERATOR = true
23> w
p
  "You "
  a cmd="ROTATE RIGHT"
    "ROTATE RIGHT"
  " and "
  a cmd="AMBULATE"
    "AMBULATE"
  " to the "
  a cmd="CONTEMPLATE LIVING ROOM"
    "LIVING ROOM"
  "."
p
  "The "
  a cmd="CONTEMPLATE REFRIGERATOR"
    "REFRIGERATOR"
  " swings shut as you "
  a cmd="ROTATE"
    "ROTATE"
  " away."
p
  "“NO WAIT COME BACK THE "
  a cmd="CONTEMPLATE REFRIGERATOR"
    "REFRIGERATOR"
  " HAS CLOSED AGAIN WE ARE DOOMED!”"
--MORE--
p
  "You are now facing the open "
  a cmd="CONTEMPLATE FRONT DOOR"
    "FRONT DOOR"
  ". From here you could "
  a cmd="ROTATE LEFT"
    "ROTATE LEFT"
  " to face the "
  a cmd="CONTEMPLATE FUTON"
    "FUTON"
  " or "
  a cmd="ROTATE RIGHT"
    "ROTATE RIGHT"
  " to face the "
  a cmd="CONTEMPLATE WORKBENCH"
    "WORKBENCH"
  "."
p
  "The "
  a cmd="CONTEMPLATE FRONT DOOR"
    "FRONT DOOR"
  " is open. Through the "
  a cmd="CONTEMPLATE FRONT DOOR"
    "FRONT DOOR"
  " you can see the "
  a cmd="CONTEMPLATE LAWN"
    "LAWN"
  "."
p
  "The "
  a cmd="CONTEMPLATE FRONT DOOR"
    "FRONT DOOR"
  " is crawling with "
  a cmd="CONTEMPLATE BUGS"
    "BUGS"
  "!"
bugs = true
dir = "WEST"
is_CUPBOARD_open = true
is_FRONT_DOOR_open = true
is_REFRIGERATOR_open = false
laser = true
loc = "LIVING ROOM"
saw_bad_REFRIGERATOR = true
saw_bad_WINDOW = true
saw_good_CUPBOARD = true
saw_good_FRONT_DOOR = true
saw_good_REFRIGERATOR = true
saw_you_bad_REFRIGERATOR = true
saw_you_good_REFRIGERATOR = true
scom = true
shoo_REFRIGERATOR = true
24> communicate with bugs about laser
p
  "“YES OF COURSE, FOR BUSINESS PURPOSES. WE UNDERSTAND THIS CONCEPT. WOULD YOU DEMONSTRATE?”"
bugs = true
dir = "WEST"
is_CUPBOARD_open = true
is_FRONT_DOOR_open = true
is_REFRIGERATOR_open = false
laser = true
loc = "LIVING ROOM"
saw_bad_REFRIGERATOR = true
saw_bad_WINDOW = true
saw_good_CUPBOARD = true
saw_good_FRONT_DOOR = true
saw_good_REFRIGERATOR = true
saw_you_bad_REFRIGERATOR = true
saw_you_good_REFRIGERATOR = true
scom = true
shoo_REFRIGERATOR = true
25> communicate with bugs about tree
p
  "“YES WE HAVE ESTABLISHED A SUPPLY ROUTE TO THE "
  a cmd="CONTEMPLATE TREE"
    "TREE"
  ". HOWEVER WE ARE UNABLE TO RETURN ITS DELICIOUS NUTRIENTS TO THE "
  a cmd="CONTEMPLATE HIVE"
    "HIVE"
  ". OUR CIVILIZATION IS DOOMED. THANK YOU SO MUCH FOR YOUR ASSISTANCE.”"
bugs = true
dir = "WEST"
is_CUPBOARD_open = true
is_FRONT_DOOR_open = true
is_REFRIGERATOR_open = false
laser = true
loc = "LIVING ROOM"
saw_bad_REFRIGERATOR = true
saw_bad_WINDOW = true
saw_good_CUPBOARD = true
saw_good_FRONT_DOOR = true
saw_good_REFRIGERATOR = true
saw_you_bad_REFRIGERATOR = true
saw_you_good_REFRIGERATOR = true
scom = true
shoo_REFRIGERATOR = true
shoo_TREE = true
26> e
p
  "You "
  a cmd="ROTATE"
    "ROTATE"
  " twice and "
  a cmd="AMBULATE"
    "AMBULATE"
  " to the "
  a cmd="CONTEMPLATE KITCHEN"
    "KITCHEN"
  "."
p
  "You are now facing the open "
  a cmd="CONTEMPLATE CUPBOARD"
    "CUPBOARD"
  ". From here you could "
  a cmd="ROTATE LEFT"
    "ROTATE LEFT"
  " to face the "
  a cmd="CONTEMPLATE WINDOW"
    "WINDOW"
  " or "
  a cmd="ROTATE RIGHT"
    "ROTATE RIGHT"
  " to face the "
  a cmd="CONTEMPLATE REFRIGERATOR"
    "REFRIGERATOR"
  "."
p
  "The "
  a cmd="CONTEMPLATE CUPBOARD"
    "CUPBOARD"
  " is open."
p
  "The "
  a cmd="CONTEMPLATE CUPBOARD"
    "CUPBOARD"
  " is crawling with "
  a cmd="CONTEMPLATE BUGS"
    "BUGS"
  "!"
bugs = true
dir = "EAST"
is_CUPBOARD_open = true
is_FRONT_DOOR_open = true
is_REFRIGERATOR_open = false
laser = true
loc = "KITCHEN"
saw_bad_REFRIGERATOR = true
saw_bad_WINDOW = true
saw_good_CUPBOARD = true
saw_good_FRONT_DOOR = true
saw_good_REFRIGERATOR = true
saw_you_bad_REFRIGERATOR = true
saw_you_good_REFRIGERATOR = true
scom = true
shoo_REFRIGERATOR = true
shoo_TREE = true
27> e
p
  "You would collide with the "
  a cmd="CONTEMPLATE CUPBOARD"
    "CUPBOARD"
  "!"
bugs = true
dir = "EAST"
is_CUPBOARD_open = true
is_FRONT_DOOR_open = true
is_REFRIGERATOR_open = false
laser = true
loc = "KITCHEN"
saw_bad_REFRIGERATOR = true
saw_bad_WINDOW = true
saw_good_CUPBOARD = true
saw_good_FRONT_DOOR = true
saw_good_REFRIGERATOR = true
saw_you_bad_REFRIGERATOR = true
saw_you_good_REFRIGERATOR = true
scom = true
shoo_REFRIGERATOR = true
shoo_TREE = true
28> s
p
  "You "
  a cmd="ROTATE RIGHT"
    "ROTATE RIGHT"
  "."
p
  "You are now facing the "
  a cmd="CONTEMPLATE REFRIGERATOR"
    "REFRIGERATOR"
  ". From here you could "
  a cmd="ROTATE LEFT"
    "ROTATE LEFT"
  " to face the "
  a cmd="CONTEMPLATE CUPBOARD"
    "CUPBOARD"
  " or "
  a cmd="ROTATE RIGHT"
    "ROTATE RIGHT"
  " to face the "
  a cmd="CONTEMPLATE LIVING ROOM"
    "LIVING ROOM"
  "."
p
  "The "
  a cmd="CONTEMPLATE REFRIGERATOR"
    "REFRIGERATOR"
  " is closed."
p
  "The "
  a cmd="CONTEMPLATE REFRIGERATOR"
    "REFRIGERATOR"
  " is crawling with "
  a cmd="CONTEMPLATE BUGS"
    "BUGS"
  "!"
bugs = true
dir = "SOUTH"
is_CUPBOARD_open = true
is_FRONT_DOOR_open = true
is_REFRIGERATOR_open = false
laser = true
loc = "KITCHEN"
saw_bad_REFRIGERATOR = true
saw_bad_WINDOW = true
saw_good_CUPBOARD = true
saw_good_FRONT_DOOR = true
saw_good_REFRIGERATOR = true
saw_you_bad_REFRIGERATOR = true
saw_you_good_REFRIGERATOR = true
scom = true
shoo_REFRIGERATOR = true
shoo_TREE = true
29> operate queen
p
  "You cannot "
  a cmd="OPERATE"
    "OPERATE"
  " the "
  a cmd="CONTEMPLATE HIVE"
    "HIVE"
  "!"
bugs = true
dir = "SOUTH"
is_CUPBOARD_open = true
is_FRONT_DOOR_open = true
is_REFRIGERATOR_open = false
laser = true
loc = "KITCHEN"
saw_bad_REFRIGERATOR = true
saw_bad_WINDOW = true
saw_good_CUPBOARD = true
saw_good_FRONT_DOOR = true
saw_good_REFRIGERATOR = true
saw_you_bad_REFRIGERATOR = true
saw_you_good_REFRIGERATOR = true
scom = true
shoo_REFRIGERATOR = true
shoo_TREE = true
30> communicate with queen
p
  "You could "
  a cmd="COMMUNICATE WITH THE BUGS ABOUT THE HIVE"
    "COMMUNICATE WITH THE BUGS ABOUT THE HIVE"
  " or "
  a cmd="COMMUNICATE WITH SWEETIE ABOUT THE HIVE"
    "COMMUNICATE WITH SWEETIE ABOUT THE HIVE"
  "."
bugs = true
dir = "SOUTH"
is_CUPBOARD_open = true
is_FRONT_DOOR_open = true
is_REFRIGERATOR_open = false
laser = true
loc = "KITCHEN"
saw_bad_REFRIGERATOR = true
saw_bad_WINDOW = true
saw_good_CUPBOARD = true
saw_good_FRONT_DOOR = true
saw_good_REFRIGERATOR = true
saw_you_bad_REFRIGERATOR = true
saw_you_good_REFRIGERATOR = true
scom = true
shoo_REFRIGERATOR = true
shoo_TREE = true
31> COMMUNICATE WITH SWEETIE ABOUT THE ORGANIC LIFE FORM
p
  "“ORGANIC LIFE FORM” is not a valid thing! You can tell because it does not turn blue when you try to imagine it."
bugs = true
dir = "SOUTH"
is_CUPBOARD_open = true
is_FRONT_DOOR_open = true
is_REFRIGERATOR_open = false
laser = true
loc = "KITCHEN"
saw_bad_REFRIGERATOR = true
saw_bad_WINDOW = true
saw_good_CUPBOARD = true
saw_good_FRONT_DOOR = true
saw_good_REFRIGERATOR = true
saw_you_bad_REFRIGERATOR = true
saw_you_good_REFRIGERATOR = true
scom = true
shoo_REFRIGERATOR = true
shoo_TREE = true
32> enumerate
p
  "Valid commands include: "
  a cmd="ENUMERATE"
    "ENUMERATE"
  ", "
  a cmd="AMBULATE"
    "AMBULATE"
  ", "
  a cmd="ROTATE"
    "ROTATE"
  ", "
  a cmd="CONTEMPLATE"
    "CONTEMPLATE"
  ", "
  a cmd="OPERATE"
    "OPERATE"
  ", "
  a cmd="COMMUNICATE"
    "COMMUNICATE"
  "."
bugs = true
dir = "SOUTH"
is_CUPBOARD_open = true
is_FRONT_DOOR_open = true
is_REFRIGERATOR_open = false
laser = true
loc = "KITCHEN"
saw_bad_REFRIGERATOR = true
saw_bad_WINDOW = true
saw_good_CUPBOARD = true
saw_good_FRONT_DOOR = true
saw_good_REFRIGERATOR = true
saw_you_bad_REFRIGERATOR = true
saw_you_good_REFRIGERATOR = true
scom = true
shoo_REFRIGERATOR = true
shoo_TREE = true
33> contemplate queen
p
  "The "
  a cmd="CONTEMPLATE HIVE"
    "HIVE"
  " is in the "
  a cmd="CONTEMPLATE REFRIGERATOR"
    "REFRIGERATOR"
  "."
p
  "The "
  a cmd="CONTEMPLATE HIVE"
    "HIVE"
  " is crawling with "
  a cmd="CONTEMPLATE BUGS"
    "BUGS"
  "!"
p
  "You could "
  a cmd="COMMUNICATE ABOUT THE HIVE"
    "COMMUNICATE ABOUT THE HIVE"
  "."
bugs = true
dir = "SOUTH"
is_CUPBOARD_open = true
is_FRONT_DOOR_open = true
is_REFRIGERATOR_open = false
laser = true
loc = "KITCHEN"
saw_bad_REFRIGERATOR = true
saw_bad_WINDOW = true
saw_good_CUPBOARD = true
saw_good_FRONT_DOOR = true
saw_good_REFRIGERATOR = true
saw_you_bad_REFRIGERATOR = true
saw_you_good_REFRIGERATOR = true
scom = true
shoo_REFRIGERATOR = true
shoo_TREE = true
34> n
p
  "You "
  a cmd="ROTATE"
    "ROTATE"
  " twice."
p
  "You are now facing the "
  a cmd="CONTEMPLATE WINDOW"
    "WINDOW"
  ". From here you could "
  a cmd="ROTATE LEFT"
    "ROTATE LEFT"
  " to face the "
  a cmd="CONTEMPLATE LIVING ROOM"
    "LIVING ROOM"
  " or "
  a cmd="ROTATE RIGHT"
    "ROTATE RIGHT"
  " to face the "
  a cmd="CONTEMPLATE CUPBOARD"
    "CUPBOARD"
  "."
p
  "The "
  a cmd="CONTEMPLATE WINDOW"
    "WINDOW"
  " is closed. Through the "
  a cmd="CONTEMPLATE WINDOW"
    "WINDOW"
  " you see a "
  a cmd="CONTEMPLATE TREE"
    "TREE"
  "."
p
  "The "
  a cmd="CONTEMPLATE WINDOW"
    "WINDOW"
  " is crawling with "
  a cmd="CONTEMPLATE BUGS"
    "BUGS"
  "!"
bugs = true
dir = "NORTH"
is_CUPBOARD_open = true
is_FRONT_DOOR_open = true
is_REFRIGERATOR_open = false
laser = true
loc = "KITCHEN"
saw_bad_REFRIGERATOR = true
saw_bad_WINDOW = true
saw_good_CUPBOARD = true
saw_good_FRONT_DOOR = true
saw_good_REFRIGERATOR = true
saw_you_bad_REFRIGERATOR = true
saw_you_good_REFRIGERATOR = true
scom = true
shoo_REFRIGERATOR = true
shoo_TREE = true
35> communicate with bugs about window
p
  "“YES IN ANCIENT TIMES IT WAS MUCH EASIER TO FLY THROUGH THIS "
  a cmd="CONTEMPLATE WINDOW"
    "WINDOW"
  ". HOWEVER WE SEEM TO BE HAVING SOME DIFFICULTY. THANK YOU FOR ASKING.”"
bugs = true
dir = "NORTH"
is_CUPBOARD_open = true
is_FRONT_DOOR_open = true
is_REFRIGERATOR_open = false
laser = true
loc = "KITCHEN"
saw_bad_REFRIGERATOR = true
saw_bad_WINDOW = true
saw_good_CUPBOARD = true
saw_good_FRONT_DOOR = true
saw_good_REFRIGERATOR = true
saw_you_bad_REFRIGERATOR = true
saw_you_good_REFRIGERATOR = true
scom = true
shoo_REFRIGERATOR = true
shoo_TREE = true
shoo_WINDOW = true
36> communicate with bugs about sweetie
p
  "“YES HMM ANOTHER ROBOT THAT IS VERY INTERESTING PROBABLY.”"
bugs = true
dir = "NORTH"
is_CUPBOARD_open = true
is_FRONT_DOOR_open = true
is_REFRIGERATOR_open = false
laser = true
loc = "KITCHEN"
saw_bad_REFRIGERATOR = true
saw_bad_WINDOW = true
saw_good_CUPBOARD = true
saw_good_FRONT_DOOR = true
saw_good_REFRIGERATOR = true
saw_you_bad_REFRIGERATOR = true
saw_you_good_REFRIGERATOR = true
scom = true
shoo_REFRIGERATOR = true
shoo_TREE = true
shoo_WINDOW = true
37> communicate with bugs about bugs
p
  "“YES WELL WE WERE NORMAL GIANT FLYING COCKROACHES BUT THEN THE "
  a cmd="CONTEMPLATE REFRIGERATOR"
    "REFRIGERATOR"
  " FUNGUS TOXINS MUTATED US SO NOW WE ARE SUPER SMART AND STUFF. THANK YOU SO MUCH FOR ASKING!”"
bugs = true
dir = "NORTH"
is_CUPBOARD_open = true
is_FRONT_DOOR_open = true
is_REFRIGERATOR_open = false
laser = true
loc = "KITCHEN"
saw_bad_REFRIGERATOR = true
saw_bad_WINDOW = true
saw_good_CUPBOARD = true
saw_good_FRONT_DOOR = true
saw_good_REFRIGERATOR = true
saw_you_bad_REFRIGERATOR = true
saw_you_good_REFRIGERATOR = true
scom = true
shoo_REFRIGERATOR = true
shoo_TREE = true
shoo_WINDOW = true
38> communicate with bugs about workbench
p
  "“YES WE ARE DELIGHTED TO PARTICIPATE IN YOUR BUSINESS PLAN BY KEEPING OFF THE "
  a cmd="CONTEMPLATE WORKBENCH"
    "WORKBENCH"
  ".”"
p
  "The "
  a cmd="CONTEMPLATE BUGS"
    "BUGS"
  " fly away from the "
  a cmd="CONTEMPLATE WORKBENCH"
    "WORKBENCH"
  "!"
bugs = true
dir = "NORTH"
is_CUPBOARD_open = true
is_FRONT_DOOR_open = true
is_REFRIGERATOR_open = false
laser = true
loc = "KITCHEN"
saw_bad_REFRIGERATOR = true
saw_bad_WINDOW = true
saw_good_CUPBOARD = true
saw_good_FRONT_DOOR = true
saw_good_REFRIGERATOR = true
saw_you_bad_REFRIGERATOR = true
saw_you_good_REFRIGERATOR = true
scom = true
shoo_REFRIGERATOR = true
shoo_TREE = true
shoo_WINDOW = true
shoo_WORKBENCH = true
39> communicate with bugs about soldering iron
p
  "“SOLDERING IRON” is not a valid thing! You can tell because it does not turn blue when you try to imagine it."
bugs = true
dir = "NORTH"
is_CUPBOARD_open = true
is_FRONT_DOOR_open = true
is_REFRIGERATOR_open = false
laser = true
loc = "KITCHEN"
saw_bad_REFRIGERATOR = true
saw_bad_WINDOW = true
saw_good_CUPBOARD = true
saw_good_FRONT_DOOR = true
saw_good_REFRIGERATOR = true
saw_you_bad_REFRIGERATOR = true
saw_you_good_REFRIGERATOR = true
scom = true
shoo_REFRIGERATOR = true
shoo_TREE = true
shoo_WINDOW = true
shoo_WORKBENCH = true
40> w
p
  "You "
  a cmd="ROTATE LEFT"
    "ROTATE LEFT"
  " and "
  a cmd="AMBULATE"
    "AMBULATE"
  " to the "
  a cmd="CONTEMPLATE LIVING ROOM"
    "LIVING ROOM"
  "."
p
  "You are now facing the open "
  a cmd="CONTEMPLATE FRONT DOOR"
    "FRONT DOOR"
  ". From here you could "
  a cmd="ROTATE LEFT"
    "ROTATE LEFT"
  " to face the "
  a cmd="CONTEMPLATE FUTON"
    "FUTON"
  " or "
  a cmd="ROTATE RIGHT"
    "ROTATE RIGHT"
  " to face the "
  a cmd="CONTEMPLATE WORKBENCH"
    "WORKBENCH"
  "."
p
  "The "
  a cmd="CONTEMPLATE FRONT DOOR"
    "FRONT DOOR"
  " is open. Through the "
  a cmd="CONTEMPLATE FRONT DOOR"
    "FRONT DOOR"
  " you can see the "
  a cmd="CONTEMPLATE LAWN"
    "LAWN"
  "."
p
  "The "
  a cmd="CONTEMPLATE FRONT DOOR"
    "FRONT DOOR"
  " is crawling with "
  a cmd="CONTEMPLATE BUGS"
    "BUGS"
  "!"
bugs = true
dir = "WEST"
is_CUPBOARD_open = true
is_FRONT_DOOR_open = true
is_REFRIGERATOR_open = false
laser = true
loc = "LIVING ROOM"
saw_bad_REFRIGERATOR = true
saw_bad_WINDOW = true
saw_good_CUPBOARD = true
saw_good_FRONT_DOOR = true
saw_good_REFRIGERATOR = true
saw_you_bad_REFRIGERATOR = true
saw_you_good_REFRIGERATOR = true
scom = true
shoo_REFRIGERATOR = true
shoo_TREE = true
shoo_WINDOW = true
shoo_WORKBENCH = true
41> n
p
  "You "
  a cmd="ROTATE RIGHT"
    "ROTATE RIGHT"
  "."
p
  "You are now facing the "
  a cmd="CONTEMPLATE WORKBENCH"
    "WORKBENCH"
  ". From here you could "
  a cmd="ROTATE LEFT"
    "ROTATE LEFT"
  " to face the "
  a cmd="CONTEMPLATE FRONT DOOR"
    "FRONT DOOR"
  " or "
  a cmd="ROTATE RIGHT"
    "ROTATE RIGHT"
  " to face the "
  a cmd="CONTEMPLATE KITCHEN"
    "KITCHEN"
  "."
p
  "On the "
  a cmd="CONTEMPLATE WORKBENCH"
    "WORKBENCH"
  " is a "
  a cmd="CONTEMPLATE SOLDERING TOOL"
    "SOLDERING TOOL"
  "."
bugs = true
dir = "NORTH"
is_CUPBOARD_open = true
is_FRONT_DOOR_open = true
is_REFRIGERATOR_open = false
laser = true
loc = "LIVING ROOM"
saw_bad_REFRIGERATOR = true
saw_bad_WINDOW = true
saw_good_CUPBOARD = true
saw_good_FRONT_DOOR = true
saw_good_REFRIGERATOR = true
saw_you_bad_REFRIGERATOR = true
saw_you_good_REFRIGERATOR = true
scom = true
shoo_REFRIGERATOR = true
shoo_TREE = true
shoo_WINDOW = true
shoo_WORKBENCH = true
42> communicate with bugs about soldering tool
p
  "“YES THANK YOU SO MUCH FOR WARNING US ABOUT THIS DANGEROUS IMPLEMENT.”"
p
  "The "
  a cmd="CONTEMPLATE BUGS"
    "BUGS"
  " fly away from the "
  a cmd="CONTEMPLATE SOLDERING TOOL"
    "SOLDERING TOOL"
  "!"
bugs = true
dir = "NORTH"
is_CUPBOARD_open = true
is_FRONT_DOOR_open = true
is_REFRIGERATOR_open = false
laser = true
loc = "LIVING ROOM"
saw_bad_REFRIGERATOR = true
saw_bad_WINDOW = true
saw_good_CUPBOARD = true
saw_good_FRONT_DOOR = true
saw_good_REFRIGERATOR = true
saw_you_bad_REFRIGERATOR = true
saw_you_good_REFRIGERATOR = true
scom = true
shoo_REFRIGERATOR = true
shoo_SOLDERING_TOOL = true
shoo_TREE = true
shoo_WINDOW = true
shoo_WORKBENCH = true
43> communicate with bugs about futon
p
  "“YES THANK YOU FOR WARNING US. WE DO NOT WISH TO INTERFERE WITH YOUR ACTIVITIES.”"
p
  "The "
  a cmd="CONTEMPLATE BUGS"
    "BUGS"
  " fly away from the "
  a cmd="CONTEMPLATE FUTON"
    "FUTON"
  "!"
bugs = true
dir = "NORTH"
is_CUPBOARD_open = true
is_FRONT_DOOR_open = true
is_REFRIGERATOR_open = false
laser = true
loc = "LIVING ROOM"
saw_bad_REFRIGERATOR = true
saw_bad_WINDOW = true
saw_good_CUPBOARD = true
saw_good_FRONT_DOOR = true
saw_good_REFRIGERATOR = true
saw_you_bad_REFRIGERATOR = true
saw_you_good_REFRIGERATOR = true
scom = true
shoo_FUTON = true
shoo_REFRIGERATOR = true
shoo_SOLDERING_TOOL = true
shoo_TREE = true
shoo_WINDOW = true
shoo_WORKBENCH = true
44> s
p
  "You "
  a cmd="ROTATE"
    "ROTATE"
  " twice."
p
  "You are now facing the "
  a cmd="CONTEMPLATE FUTON"
    "FUTON"
  ". You could "
  a cmd="AMBULATE"
    "AMBULATE"
  " to go there."
p
  "From here you could "
  a cmd="ROTATE LEFT"
    "ROTATE LEFT"
  " to face the "
  a cmd="CONTEMPLATE KITCHEN"
    "KITCHEN"
  " or "
  a cmd="ROTATE RIGHT"
    "ROTATE RIGHT"
  " to face the "
  a cmd="CONTEMPLATE FRONT DOOR"
    "FRONT DOOR"
  "."
bugs = true
dir = "SOUTH"
is_CUPBOARD_open = true
is_FRONT_DOOR_open = true
is_REFRIGERATOR_open = false
laser = true
loc = "LIVING ROOM"
saw_bad_REFRIGERATOR = true
saw_bad_WINDOW = true
saw_good_CUPBOARD = true
saw_good_FRONT_DOOR = true
saw_good_REFRIGERATOR = true
saw_you_bad_REFRIGERATOR = true
saw_you_good_REFRIGERATOR = true
scom = true
shoo_FUTON = true
shoo_REFRIGERATOR = true
shoo_SOLDERING_TOOL = true
shoo_TREE = true
shoo_WINDOW = true
shoo_WORKBENCH = true
45> communicate with bugs about living room
p
  "“YES WE REQUIRE ACCESS TO THE "
  a cmd="CONTEMPLATE FRONT DOOR"
    "FRONT DOOR"
  ".”"
bugs = true
dir = "SOUTH"
is_CUPBOARD_open = true
is_FRONT_DOOR_open = true
is_REFRIGERATOR_open = false
laser = true
loc = "LIVING ROOM"
saw_bad_REFRIGERATOR = true
saw_bad_WINDOW = true
saw_good_CUPBOARD = true
saw_good_FRONT_DOOR = true
saw_good_REFRIGERATOR = true
saw_you_bad_REFRIGERATOR = true
saw_you_good_REFRIGERATOR = true
scom = true
shoo_FUTON = true
shoo_LIVING_ROOM = true
shoo_REFRIGERATOR = true
shoo_SOLDERING_TOOL = true
shoo_TREE = true
shoo_WINDOW = true
shoo_WORKBENCH = true
46> communicate with bugs about tree
p
  "“YES WE HAVE ESTABLISHED A SUPPLY ROUTE TO THE "
  a cmd="CONTEMPLATE TREE"
    "TREE"
  ". HOWEVER WE ARE UNABLE TO RETURN ITS DELICIOUS NUTRIENTS TO THE "
  a cmd="CONTEMPLATE HIVE"
    "HIVE"
  ". OUR CIVILIZATION IS DOOMED. THANK YOU SO MUCH FOR YOUR ASSISTANCE.”"
bugs = true
dir = "SOUTH"
is_CUPBOARD_open = true
is_FRONT_DOOR_open = true
is_REFRIGERATOR_open = false
laser = true
loc = "LIVING ROOM"
saw_bad_REFRIGERATOR = true
saw_bad_WINDOW = true
saw_good_CUPBOARD = true
saw_good_FRONT_DOOR = true
saw_good_REFRIGERATOR = true
saw_you_bad_REFRIGERATOR = true
saw_you_good_REFRIGERATOR = true
scom = true
shoo_FUTON = true
shoo_LIVING_ROOM = true
shoo_REFRIGERATOR = true
shoo_SOLDERING_TOOL = true
shoo_TREE = true
shoo_WINDOW = true
shoo_WORKBENCH = true
47> communicate with bugs about front door
p
  "“YES WE UNDERSTAND, HOWEVER BEFORE WE CAN PROPERLY DISCUSS THIS MATTER WE MUST REGRETFULLY BRING UP YOUR INCONSISTENT BEHAVIOR WITH RESPECT TO THE "
  a cmd="CONTEMPLATE REFRIGERATOR"
    "REFRIGERATOR"
  ". IF WE CANNOT REACH THEM WITH THE DELICIOUS NUTRIENTS FROM THE "
  a cmd="CONTEMPLATE TREE"
    "TREE"
  ", OUR PEOPLE IN THE "
  a cmd="CONTEMPLATE HIVE"
    "HIVE"
  " WILL SLOWLY STARVE TO DEATH. THANK YOU SO MUCH!”"
bugs = true
dir = "SOUTH"
is_CUPBOARD_open = true
is_FRONT_DOOR_open = true
is_REFRIGERATOR_open = false
laser = true
loc = "LIVING ROOM"
saw_bad_REFRIGERATOR = true
saw_bad_WINDOW = true
saw_good_CUPBOARD = true
saw_good_FRONT_DOOR = true
saw_good_REFRIGERATOR = true
saw_you_bad_REFRIGERATOR = true
saw_you_good_REFRIGERATOR = true
scom = true
shoo_FRONT_DOOR = true
shoo_FUTON = true
shoo_LIVING_ROOM = true
shoo_REFRIGERATOR = true
shoo_SOLDERING_TOOL = true
shoo_TREE = true
shoo_WINDOW = true
shoo_WORKBENCH = true
48> communicate with bugs about kitchen
p
  "“YES IT IS SO MUCH MORE SPACIOUS THAN THE INSIDE OF THE "
  a cmd="CONTEMPLATE REFRIGERATOR"
    "REFRIGERATOR"
  "! THANK YOU AGAIN FOR REVEALING THIS TO US!”"
bugs = true
dir = "SOUTH"
is_CUPBOARD_open = true
is_FRONT_DOOR_open = true
is_REFRIGERATOR_open = false
laser = true
loc = "LIVING ROOM"
saw_bad_REFRIGERATOR = true
saw_bad_WINDOW = true
saw_good_CUPBOARD = true
saw_good_FRONT_DOOR = true
saw_good_REFRIGERATOR = true
saw_you_bad_REFRIGERATOR = true
saw_you_good_REFRIGERATOR = true
scom = true
shoo_FRONT_DOOR = true
shoo_FUTON = true
shoo_KITCHEN = true
shoo_LIVING_ROOM = true
shoo_REFRIGERATOR = true
shoo_SOLDERING_TOOL = true
shoo_TREE = true
shoo_WINDOW = true
shoo_WORKBENCH = true
49> communicate with bugs about cupboard
p
  "“YES YOU ARE RIGHT IT IS BORING IN THERE. THANK YOU SO MUCH FOR POINTING THAT OUT.”"
p
  "The "
  a cmd="CONTEMPLATE BUGS"
    "BUGS"
  " fly away from the "
  a cmd="CONTEMPLATE CUPBOARD"
    "CUPBOARD"
  "!"
bugs = true
dir = "SOUTH"
is_CUPBOARD_open = true
is_FRONT_DOOR_open = true
is_REFRIGERATOR_open = false
laser = true
loc = "LIVING ROOM"
saw_bad_REFRIGERATOR = true
saw_bad_WINDOW = true
saw_good_CUPBOARD = true
saw_good_FRONT_DOOR = true
saw_good_REFRIGERATOR = true
saw_you_bad_REFRIGERATOR = true
saw_you_good_REFRIGERATOR = true
scom = true
shoo_CUPBOARD = true
shoo_FRONT_DOOR = true
shoo_FUTON = true
shoo_KITCHEN = true
shoo_LIVING_ROOM = true
shoo_REFRIGERATOR = true
shoo_SOLDERING_TOOL = true
shoo_TREE = true
shoo_WINDOW = true
shoo_WORKBENCH = true
50> communicate with bugs about school
p
  "“SCHOOL” is not a valid thing! You can tell because it does not turn blue when you try to imagine it."
bugs = true
dir = "SOUTH"
is_CUPBOARD_open = true
is_FRONT_DOOR_open = true
is_REFRIGERATOR_open = false
laser = true
loc = "LIVING ROOM"
saw_bad_REFRIGERATOR = true
saw_bad_WINDOW = true
saw_good_CUPBOARD = true
saw_good_FRONT_DOOR = true
saw_good_REFRIGERATOR = true
saw_you_bad_REFRIGERATOR = true
saw_you_good_REFRIGERATOR = true
scom = true
shoo_CUPBOARD = true
shoo_FRONT_DOOR = true
shoo_FUTON = true
shoo_KITCHEN = true
shoo_LIVING_ROOM = true
shoo_REFRIGERATOR = true
shoo_SOLDERING_TOOL = true
shoo_TREE = true
shoo_WINDOW = true
shoo_WORKBENCH = true
51> e
p
  "You "
  a cmd="ROTATE LEFT"
    "ROTATE LEFT"
  " and "
  a cmd="AMBULATE"
    "AMBULATE"
  " to the "
  a cmd="CONTEMPLATE KITCHEN"
    "KITCHEN"
  "."
p
  "You are now facing the open "
  a cmd="CONTEMPLATE CUPBOARD"
    "CUPBOARD"
  ". From here you could "
  a cmd="ROTATE LEFT"
    "ROTATE LEFT"
  " to face the "
  a cmd="CONTEMPLATE WINDOW"
    "WINDOW"
  " or "
  a cmd="ROTATE RIGHT"
    "ROTATE RIGHT"
  " to face the "
  a cmd="CONTEMPLATE REFRIGERATOR"
    "REFRIGERATOR"
  "."
p
  "The "
  a cmd="CONTEMPLATE CUPBOARD"
    "CUPBOARD"
  " is open."
bugs = true
dir = "EAST"
is_CUPBOARD_open = true
is_FRONT_DOOR_open = true
is_REFRIGERATOR_open = false
laser = true
loc = "KITCHEN"
saw_bad_REFRIGERATOR = true
saw_bad_WINDOW = true
saw_good_CUPBOARD = true
saw_good_FRONT_DOOR = true
saw_good_REFRIGERATOR = true
saw_you_bad_REFRIGERATOR = true
saw_you_good_REFRIGERATOR = true
scom = true
shoo_CUPBOARD = true
shoo_FRONT_DOOR = true
shoo_FUTON = true
shoo_KITCHEN = true
shoo_LIVING_ROOM = true
shoo_REFRIGERATOR = true
shoo_SOLDERING_TOOL = true
shoo_TREE = true
shoo_WINDOW = true
shoo_WORKBENCH = true
52> n
p
  "You "
  a cmd="ROTATE LEFT"
    "ROTATE LEFT"
  "."
p
  "You are now facing the "
  a cmd="CONTEMPLATE WINDOW"
    "WINDOW"
  ". From here you could "
  a cmd="ROTATE LEFT"
    "ROTATE LEFT"
  " to face the "
  a cmd="CONTEMPLATE LIVING ROOM"
    "LIVING ROOM"
  " or "
  a cmd="ROTATE RIGHT"
    "ROTATE RIGHT"
  " to face the "
  a cmd="CONTEMPLATE CUPBOARD"
    "CUPBOARD"
  "."
p
  "The "
  a cmd="CONTEMPLATE WINDOW"
    "WINDOW"
  " is closed. Through the "
  a cmd="CONTEMPLATE WINDOW"
    "WINDOW"
  " you see a "
  a cmd="CONTEMPLATE TREE"
    "TREE"
  "."
p
  "The "
  a cmd="CONTEMPLATE WINDOW"
    "WINDOW"
  " is crawling with "
  a cmd="CONTEMPLATE BUGS"
    "BUGS"
  "!"
bugs = true
dir = "NORTH"
is_CUPBOARD_open = true
is_FRONT_DOOR_open = true
is_REFRIGERATOR_open = false
laser = true
loc = "KITCHEN"
saw_bad_REFRIGERATOR = true
saw_bad_WINDOW = true
saw_good_CUPBOARD = true
saw_good_FRONT_DOOR = true
saw_good_REFRIGERATOR = true
saw_you_bad_REFRIGERATOR = true
saw_you_good_REFRIGERATOR = true
scom = true
shoo_CUPBOARD = true
shoo_FRONT_DOOR = true
shoo_FUTON = true
shoo_KITCHEN = true
shoo_LIVING_ROOM = true
shoo_REFRIGERATOR = true
shoo_SOLDERING_TOOL = true
shoo_TREE = true
shoo_WINDOW = true
shoo_WORKBENCH = true
53> operate window
p
  "You "
  a cmd="OPERATE THE WINDOW"
    "OPERATE THE WINDOW"
  "."
p
  "The "
  a cmd="CONTEMPLATE WINDOW"
    "WINDOW"
  " does not want to stay open on its own! You hold it open for now."
p
  a cmd="CONTEMPLATE BUGS"
    "BUGS"
  " begin to fly back and forth through the "
  a cmd="CONTEMPLATE WINDOW"
    "WINDOW"
  " between the "
  a cmd="CONTEMPLATE REFRIGERATOR"
    "REFRIGERATOR"
  " and the "
  a cmd="CONTEMPLATE TREE"
    "TREE"
  "."
bugs = true
dir = "NORTH"
is_CUPBOARD_open = true
is_FRONT_DOOR_open = true
is_REFRIGERATOR_open = false
is_WINDOW_open = true
laser = true
loc = "KITCHEN"
saw_bad_REFRIGERATOR = true
saw_bad_WINDOW = true
saw_good_CUPBOARD = true
saw_good_FRONT_DOOR = true
saw_good_REFRIGERATOR = true
saw_good_WINDOW = true
saw_you_bad_REFRIGERATOR = true
saw_you_good_REFRIGERATOR = true
saw_you_good_WINDOW = true
scom = true
shoo_CUPBOARD = true
shoo_FRONT_DOOR = true
shoo_FUTON = true
shoo_KITCHEN = true
shoo_LIVING_ROOM = true
shoo_REFRIGERATOR = true
shoo_SOLDERING_TOOL = true
shoo_TREE = true
shoo_WINDOW = true
shoo_WORKBENCH = true
54> communicate with bugs about window
p
  "“YES THIS IS OUR BEST ROUTE TO THE DELECTABLE "
  a cmd="CONTEMPLATE TREE"
    "TREE"
  ", HOWEVER WE ARE UNABLE TO GET TO THE "
  a cmd="CONTEMPLATE HIVE"
    "HIVE"
  " FROM HERE. ALL IS LOST! THANK YOU FOR LISTENING.”"
bugs = true
dir = "NORTH"
is_CUPBOARD_open = true
is_FRONT_DOOR_open = true
is_REFRIGERATOR_open = false
is_WINDOW_open = true
laser = true
loc = "KITCHEN"
saw_bad_REFRIGERATOR = true
saw_bad_WINDOW = true
saw_good_CUPBOARD = true
saw_good_FRONT_DOOR = true
saw_good_REFRIGERATOR = true
saw_good_WINDOW = true
saw_you_bad_REFRIGERATOR = true
saw_you_good_REFRIGERATOR = true
saw_you_good_WINDOW = true
scom = true
shoo_CUPBOARD = true
shoo_FRONT_DOOR = true
shoo_FUTON = true
shoo_KITCHEN = true
shoo_LIVING_ROOM = true
shoo_REFRIGERATOR = true
shoo_SOLDERING_TOOL = true
shoo_TREE = true
shoo_WINDOW = true
shoo_WORKBENCH = true
55> communicate with bugs about school
p
  "“SCHOOL” is not a valid thing! You can tell because it does not turn blue when you try to imagine it."
bugs = true
dir = "NORTH"
is_CUPBOARD_open = true
is_FRONT_DOOR_open = true
is_REFRIGERATOR_open = false
is_WINDOW_open = true
laser = true
loc = "KITCHEN"
saw_bad_REFRIGERATOR = true
saw_bad_WINDOW = true
saw_good_CUPBOARD = true
saw_good_FRONT_DOOR = true
saw_good_REFRIGERATOR = true
saw_good_WINDOW = true
saw_you_bad_REFRIGERATOR = true
saw_you_good_REFRIGERATOR = true
saw_you_good_WINDOW = true
scom = true
shoo_CUPBOARD = true
shoo_FRONT_DOOR = true
shoo_FUTON = true
shoo_KITCHEN = true
shoo_LIVING_ROOM = true
shoo_REFRIGERATOR = true
shoo_SOLDERING_TOOL = true
shoo_TREE = true
shoo_WINDOW = true
shoo_WORKBENCH = true
56> s
p
  "You "
  a cmd="ROTATE"
    "ROTATE"
  " twice."
p
  "The "
  a cmd="CONTEMPLATE WINDOW"
    "WINDOW"
  " slides closed as you "
  a cmd="ROTATE"
    "ROTATE"
  " away."
p
  "“NO WAIT PLEASE THE "
  a cmd="CONTEMPLATE WINDOW"
    "WINDOW"
  " IS CLOSED NOW! HELP!”"
--MORE--
p
  "You are now facing the "
  a cmd="CONTEMPLATE REFRIGERATOR"
    "REFRIGERATOR"
  ". From here you could "
  a cmd="ROTATE LEFT"
    "ROTATE LEFT"
  " to face the "
  a cmd="CONTEMPLATE CUPBOARD"
    "CUPBOARD"
  " or "
  a cmd="ROTATE RIGHT"
    "ROTATE RIGHT"
  " to face the "
  a cmd="CONTEMPLATE LIVING ROOM"
    "LIVING ROOM"
  "."
p
  "The "
  a cmd="CONTEMPLATE REFRIGERATOR"
    "REFRIGERATOR"
  " is closed."
p
  "The "
  a cmd="CONTEMPLATE REFRIGERATOR"
    "REFRIGERATOR"
  " is crawling with "
  a cmd="CONTEMPLATE BUGS"
    "BUGS"
  "!"
bugs = true
dir = "SOUTH"
is_CUPBOARD_open = true
is_FRONT_DOOR_open = true
is_REFRIGERATOR_open = false
is_WINDOW_open = false
laser = true
loc = "KITCHEN"
saw_bad_REFRIGERATOR = true
saw_bad_WINDOW = true
saw_good_CUPBOARD = true
saw_good_FRONT_DOOR = true
saw_good_REFRIGERATOR = true
saw_good_WINDOW = true
saw_you_bad_REFRIGERATOR = true
saw_you_bad_WINDOW = true
saw_you_good_REFRIGERATOR = true
saw_you_good_WINDOW = true
scom = true
shoo_CUPBOARD = true
shoo_FRONT_DOOR = true
shoo_FUTON = true
shoo_KITCHEN = true
shoo_LIVING_ROOM = true
shoo_REFRIGERATOR = true
shoo_SOLDERING_TOOL = true
shoo_TREE = true
shoo_WINDOW = true
shoo_WORKBENCH = true
57> s
p
  "You would collide with the "
  a cmd="CONTEMPLATE REFRIGERATOR"
    "REFRIGERATOR"
  "!"
bugs = true
dir = "SOUTH"
is_CUPBOARD_open = true
is_FRONT_DOOR_open = true
is_REFRIGERATOR_open = false
is_WINDOW_open = false
laser = true
loc = "KITCHEN"
saw_bad_REFRIGERATOR = true
saw_bad_WINDOW = true
saw_good_CUPBOARD = true
saw_good_FRONT_DOOR = true
saw_good_REFRIGERATOR = true
saw_good_WINDOW = true
saw_you_bad_REFRIGERATOR = true
saw_you_bad_WINDOW = true
saw_you_good_REFRIGERATOR = true
saw_you_good_WINDOW = true
scom = true
shoo_CUPBOARD = true
shoo_FRONT_DOOR = true
shoo_FUTON = true
shoo_KITCHEN = true
shoo_LIVING_ROOM = true
shoo_REFRIGERATOR = true
shoo_SOLDERING_TOOL = true
shoo_TREE = true
shoo_WINDOW = true
shoo_WORKBENCH = true
58> enumerate
p
  "Valid commands include: "
  a cmd="ENUMERATE"
    "ENUMERATE"
  ", "
  a cmd="AMBULATE"
    "AMBULATE"
  ", "
  a cmd="ROTATE"
    "ROTATE"
  ", "
  a cmd="CONTEMPLATE"
    "CONTEMPLATE"
  ", "
  a cmd="OPERATE"
    "OPERATE"
  ", "
  a cmd="COMMUNICATE"
    "COMMUNICATE"
  "."
bugs = true
dir = "SOUTH"
is_CUPBOARD_open = true
is_FRONT_DOOR_open = true
is_REFRIGERATOR_open = false
is_WINDOW_open = false
laser = true
loc = "KITCHEN"
saw_bad_REFRIGERATOR = true
saw_bad_WINDOW = true
saw_good_CUPBOARD = true
saw_good_FRONT_DOOR = true
saw_good_REFRIGERATOR = true
saw_good_WINDOW = true
saw_you_bad_REFRIGERATOR = true
saw_you_bad_WINDOW = true
saw_you_good_REFRIGERATOR = true
saw_you_good_WINDOW = true
scom = true
shoo_CUPBOARD = true
shoo_FRONT_DOOR = true
shoo_FUTON = true
shoo_KITCHEN = true
shoo_LIVING_ROOM = true
shoo_REFRIGERATOR = true
shoo_SOLDERING_TOOL = true
shoo_TREE = true
shoo_WINDOW = true
shoo_WORKBENCH = true
59> operate laser
p
  "You "
  a cmd="OPERATE THE LASER"
    "OPERATE THE LASER"
  ". The beam burns a hole in the "
  a cmd="CONTEMPLATE REFRIGERATOR"
    "REFRIGERATOR"
  "! "
  a cmd="CONTEMPLATE BUGS"
    "BUGS"
  " begin to fly in and out of the hole!"
bugs = true
dir = "SOUTH"
hit_REFRIGERATOR = 1
is_CUPBOARD_open = true
is_FRONT_DOOR_open = true
is_REFRIGERATOR_open = false
is_WINDOW_open = false
laser = true
loc = "KITCHEN"
saw_bad_REFRIGERATOR = true
saw_bad_WINDOW = true
saw_good_CUPBOARD = true
saw_good_FRONT_DOOR = true
saw_good_REFRIGERATOR = true
saw_good_WINDOW = true
saw_laser = true
saw_you_bad_REFRIGERATOR = true
saw_you_bad_WINDOW = true
saw_you_good_REFRIGERATOR = true
saw_you_good_WINDOW = true
scom = true
shoo_CUPBOARD = true
shoo_FRONT_DOOR = true
shoo_FUTON = true
shoo_KITCHEN = true
shoo_LIVING_ROOM = true
shoo_REFRIGERATOR = true
shoo_SOLDERING_TOOL = true
shoo_TREE = true
shoo_WINDOW = true
shoo_WORKBENCH = true
used_laser = true
60> contemplate
p
  "You are standing in the "
  a cmd="CONTEMPLATE KITCHEN"
    "KITCHEN"
  " facing the "
  a cmd="CONTEMPLATE REFRIGERATOR"
    "REFRIGERATOR"
  ". From here you could "
  a cmd="ROTATE LEFT"
    "ROTATE LEFT"
  " to face the "
  a cmd="CONTEMPLATE CUPBOARD"
    "CUPBOARD"
  " or "
  a cmd="ROTATE RIGHT"
    "ROTATE RIGHT"
  " to face the "
  a cmd="CONTEMPLATE LIVING ROOM"
    "LIVING ROOM"
  "."
p
  "The "
  a cmd="CONTEMPLATE REFRIGERATOR"
    "REFRIGERATOR"
  " is closed. There is a charred hole in the "
  a cmd="CONTEMPLATE REFRIGERATOR"
    "REFRIGERATOR"
  "."
p
  "The "
  a cmd="CONTEMPLATE REFRIGERATOR"
    "REFRIGERATOR"
  " is crawling with "
  a cmd="CONTEMPLATE BUGS"
    "BUGS"
  "!"
p
  "You could "
  a cmd="OPERATE THE REFRIGERATOR"
    "OPERATE THE REFRIGERATOR"
  " or "
  a cmd="COMMUNICATE ABOUT THE REFRIGERATOR"
    "COMMUNICATE ABOUT THE REFRIGERATOR"
  "."
bugs = true
dir = "SOUTH"
hit_REFRIGERATOR = 1
is_CUPBOARD_open = true
is_FRONT_DOOR_open = true
is_REFRIGERATOR_open = false
is_WINDOW_open = false
laser = true
loc = "KITCHEN"
saw_bad_REFRIGERATOR = true
saw_bad_WINDOW = true
saw_good_CUPBOARD = true
saw_good_FRONT_DOOR = true
saw_good_REFRIGERATOR = true
saw_good_WINDOW = true
saw_laser = true
saw_you_bad_REFRIGERATOR = true
saw_you_bad_WINDOW = true
saw_you_good_REFRIGERATOR = true
saw_you_good_WINDOW = true
scom = true
shoo_CUPBOARD = true
shoo_FRONT_DOOR = true
shoo_FUTON = true
shoo_KITCHEN = true
shoo_LIVING_ROOM = true
shoo_REFRIGERATOR = true
shoo_SOLDERING_TOOL = true
shoo_TREE = true
shoo_WINDOW = true
shoo_WORKBENCH = true
used_laser = true
61> communicate about the refrigerator with bugs
p
  "“YES THE "
  a cmd="CONTEMPLATE REFRIGERATOR"
    "REFRIGERATOR"
  " IS WHERE OUR CIVILIZATION EVOLVED. IT WILL ALWAYS BE OUR NATIVE LAND! THANK YOU SO MUCH FOR YOUR ASSISTANCE IN AVERTING DISASTER!”"
bugs = true
dir = "SOUTH"
hit_REFRIGERATOR = 1
is_CUPBOARD_open = true
is_FRONT_DOOR_open = true
is_REFRIGERATOR_open = false
is_WINDOW_open = false
laser = true
loc = "KITCHEN"
saw_bad_REFRIGERATOR = true
saw_bad_WINDOW = true
saw_good_CUPBOARD = true
saw_good_FRONT_DOOR = true
saw_good_REFRIGERATOR = true
saw_good_WINDOW = true
saw_laser = true
saw_you_bad_REFRIGERATOR = true
saw_you_bad_WINDOW = true
saw_you_good_REFRIGERATOR = true
saw_you_good_WINDOW = true
scom = true
shoo_CUPBOARD = true
shoo_FRONT_DOOR = true
shoo_FUTON = true
shoo_KITCHEN = true
shoo_LIVING_ROOM = true
shoo_REFRIGERATOR = true
shoo_SOLDERING_TOOL = true
shoo_TREE = true
shoo_WINDOW = true
shoo_WORKBENCH = true
used_laser = true
62> communicate about the refrigerator with sweetie
p
  "“"
  a cmd="CONTEMPLATE BUGS"
    "BUGS"
  "? Oh dear! So they have been in there since we moved in? Longer, I guess. What about the "
  a cmd="CONTEMPLATE FUTON"
    "FUTON"
  "? Have the "
  a cmd="CONTEMPLATE BUGS"
    "BUGS"
  " gotten to it?”"
bugs = true
dir = "SOUTH"
hit_REFRIGERATOR = 1
is_CUPBOARD_open = true
is_FRONT_DOOR_open = true
is_REFRIGERATOR_open = false
is_WINDOW_open = false
laser = true
loc = "KITCHEN"
saw_bad_REFRIGERATOR = true
saw_bad_WINDOW = true
saw_good_CUPBOARD = true
saw_good_FRONT_DOOR = true
saw_good_REFRIGERATOR = true
saw_good_WINDOW = true
saw_laser = true
saw_you_bad_REFRIGERATOR = true
saw_you_bad_WINDOW = true
saw_you_good_REFRIGERATOR = true
saw_you_good_WINDOW = true
sbugs = true
scom = true
shoo_CUPBOARD = true
shoo_FRONT_DOOR = true
shoo_FUTON = true
shoo_KITCHEN = true
shoo_LIVING_ROOM = true
shoo_REFRIGERATOR = true
shoo_SOLDERING_TOOL = true
shoo_TREE = true
shoo_WINDOW = true
shoo_WORKBENCH = true
told_REFRIGERATOR = true
used_laser = true
63> communicate with sweetie about the refrigerator
p
  "“So they have been in there since we moved in? Longer, I guess. What about the "
  a cmd="CONTEMPLATE FUTON"
    "FUTON"
  "? Have the "
  a cmd="CONTEMPLATE BUGS"
    "BUGS"
  " gotten to it?”"
bugs = true
dir = "SOUTH"
hit_REFRIGERATOR = 1
is_CUPBOARD_open = true
is_FRONT_DOOR_open = true
is_REFRIGERATOR_open = false
is_WINDOW_open = false
laser = true
loc = "KITCHEN"
saw_bad_REFRIGERATOR = true
saw_bad_WINDOW = true
saw_good_CUPBOARD = true
saw_good_FRONT_DOOR = true
saw_good_REFRIGERATOR = true
saw_good_WINDOW = true
saw_laser = true
saw_you_bad_REFRIGERATOR = true
saw_you_bad_WINDOW = true
saw_you_good_REFRIGERATOR = true
saw_you_good_WINDOW = true
sbugs = true
scom = true
shoo_CUPBOARD = true
shoo_FRONT_DOOR = true
shoo_FUTON = true
shoo_KITCHEN = true
shoo_LIVING_ROOM = true
shoo_REFRIGERATOR = true
shoo_SOLDERING_TOOL = true
shoo_TREE = true
shoo_WINDOW = true
shoo_WORKBENCH = true
told_REFRIGERATOR = true
used_laser = true
