1> ambulate
p
  "You "
  a cmd="AMBULATE"
    "AMBULATE"
  " to the "
  a cmd="CONTEMPLATE LIVING ROOM"
    "LIVING ROOM"
  "."
p
  "You are now facing the "
  a cmd="CONTEMPLATE WORKBENCH"
    "WORKBENCH"
  ". From here you could "
  a cmd="ROTATE LEFT"
    "ROTATE LEFT"
  " to face the "
  a cmd="CONTEMPLATE FRONT DOOR"
    "FRONT DOOR"
  " or "
  a cmd="ROTATE RIGHT"
    "ROTATE RIGHT"
  " to face the "
  a cmd="CONTEMPLATE KITCHEN"
    "KITCHEN"
  "."
p
  "On the "
  a cmd="CONTEMPLATE WORKBENCH"
    "WORKBENCH"
  " are a "
  a cmd="CONTEMPLATE SOLDERING TOOL"
    "SOLDERING TOOL"
  " and a "
  a cmd="CONTEMPLATE LASER"
    "LASER"
  "."
dir = "NORTH"
hunger = 1
loc = "LIVING ROOM"
2> operate workbench
p
  "You "
  a cmd="OPERATE THE SOLDERING TOOL"
    "OPERATE THE SOLDERING TOOL"
  " and mount the "
  a cmd="CONTEMPLATE LASER"
    "LASER"
  " on your head!"
dir = "NORTH"
hunger = 1
laser = true
loc = "LIVING ROOM"
3> rotate
p
  "You "
  a cmd="ROTATE RIGHT"
    "ROTATE RIGHT"
  "."
p
  "You are now facing the "
  a cmd="CONTEMPLATE KITCHEN"
    "KITCHEN"
  ". You could "
  a cmd="AMBULATE"
    "AMBULATE"
  " to go there."
p
  "From here you could "
  a cmd="ROTATE LEFT"
    "ROTATE LEFT"
  " to face the "
  a cmd="CONTEMPLATE WORKBENCH"
    "WORKBENCH"
  " or "
  a cmd="ROTATE RIGHT"
    "ROTATE RIGHT"
  " to face the "
  a cmd="CONTEMPLATE FUTON"
    "FUTON"
  "."
p
  "You receive a text message from "
  a cmd="SWEETIE"
    "SWEETIE"
  "!"
p
  "“I’ll be home soon!”"
p
  "You could "
  a cmd="COMMUNICATE WITH SWEETIE"
    "COMMUNICATE WITH SWEETIE"
  "."
dir = "EAST"
hunger = 2
laser = true
loc = "LIVING ROOM"
scom = true
4> kitchen
p
  "You are standing in the "
  a cmd="CONTEMPLATE LIVING ROOM"
    "LIVING ROOM"
  " facing the "
  a cmd="CONTEMPLATE KITCHEN"
    "KITCHEN"
  ". From here you could "
  a cmd="ROTATE LEFT"
    "ROTATE LEFT"
  " to face the "
  a cmd="CONTEMPLATE WORKBENCH"
    "WORKBENCH"
  " or "
  a cmd="ROTATE RIGHT"
    "ROTATE RIGHT"
  " to face the "
  a cmd="CONTEMPLATE FUTON"
    "FUTON"
  "."
p
  "You could "
  a cmd="AMBULATE TO THE KITCHEN"
    "AMBULATE TO THE KITCHEN"
  " or "
  a cmd="COMMUNICATE ABOUT THE KITCHEN"
    "COMMUNICATE ABOUT THE KITCHEN"
  "."
dir = "EAST"
hunger = 2
laser = true
loc = "LIVING ROOM"
scom = true
5> ambulate kitchen
p
  "You "
  a cmd="AMBULATE"
    "AMBULATE"
  " to the "
  a cmd="CONTEMPLATE KITCHEN"
    "KITCHEN"
  "."
p
  "You are now facing the "
  a cmd="CONTEMPLATE CUPBOARD"
    "CUPBOARD"
  ". From here you could "
  a cmd="ROTATE LEFT"
    "ROTATE LEFT"
  " to face the "
  a cmd="CONTEMPLATE WINDOW"
    "WINDOW"
  " or "
  a cmd="ROTATE RIGHT"
    "ROTATE RIGHT"
  " to face the "
  a cmd="CONTEMPLATE REFRIGERATOR"
    "REFRIGERATOR"
  "."
p
  "The "
  a cmd="CONTEMPLATE CUPBOARD"
    "CUPBOARD"
  " is closed."
dir = "EAST"
hunger = 3
laser = true
loc = "KITCHEN"
scom = true
6> cupboard
p
  "You are standing in the "
  a cmd="CONTEMPLATE KITCHEN"
    "KITCHEN"
  " facing the "
  a cmd="CONTEMPLATE CUPBOARD"
    "CUPBOARD"
  ". From here you could "
  a cmd="ROTATE LEFT"
    "ROTATE LEFT"
  " to face the "
  a cmd="CONTEMPLATE WINDOW"
    "WINDOW"
  " or "
  a cmd="ROTATE RIGHT"
    "ROTATE RIGHT"
  " to face the "
  a cmd="CONTEMPLATE REFRIGERATOR"
    "REFRIGERATOR"
  "."
p
  "The "
  a cmd="CONTEMPLATE CUPBOARD"
    "CUPBOARD"
  " is closed."
p
  "You could "
  a cmd="OPERATE THE CUPBOARD"
    "OPERATE THE CUPBOARD"
  " or "
  a cmd="COMMUNICATE ABOUT THE CUPBOARD"
    "COMMUNICATE ABOUT THE CUPBOARD"
  "."
dir = "EAST"
hunger = 3
laser = true
loc = "KITCHEN"
scom = true
7> OPERATE THE CUPBOARD
p
  "You "
  a cmd="OPERATE THE CUPBOARD"
    "OPERATE THE CUPBOARD"
  ". The "
  a cmd="CONTEMPLATE CUPBOARD"
    "CUPBOARD"
  " is now open."
p
  "There is nothing in the "
  a cmd="CONTEMPLATE CUPBOARD"
    "CUPBOARD"
  "!"
dir = "EAST"
hunger = 3
is_CUPBOARD_open = true
laser = true
loc = "KITCHEN"
scom = true
8> e
p
  "You would collide with the "
  a cmd="CONTEMPLATE CUPBOARD"
    "CUPBOARD"
  "!"
dir = "EAST"
hunger = 3
is_CUPBOARD_open = true
laser = true
loc = "KITCHEN"
scom = true
9> enumerate
p
  "Valid commands include: "
  a cmd="ENUMERATE"
    "ENUMERATE"
  ", "
  a cmd="AMBULATE"
    "AMBULATE"
  ", "
  a cmd="ROTATE"
    "ROTATE"
  ", "
  a cmd="CONTEMPLATE"
    "CONTEMPLATE"
  ", "
  a cmd="OPERATE"
    "OPERATE"
  ", "
  a cmd="COMMUNICATE"
    "COMMUNICATE"
  "."
p
  "You could "
  a cmd="ENUMERATE"
    "ENUMERATE"
  " valid commands again!"
dir = "EAST"
hunger = 3
is_CUPBOARD_open = true
laser = true
loc = "KITCHEN"
scom = true
10> rotate
p
  "You "
  a cmd="ROTATE RIGHT"
    "ROTATE RIGHT"
  "."
p
  "You are now facing the "
  a cmd="CONTEMPLATE REFRIGERATOR"
    "REFRIGERATOR"
  ". From here you could "
  a cmd="ROTATE LEFT"
    "ROTATE LEFT"
  " to face the "
  a cmd="CONTEMPLATE CUPBOARD"
    "CUPBOARD"
  " or "
  a cmd="ROTATE RIGHT"
    "ROTATE RIGHT"
  " to face the "
  a cmd="CONTEMPLATE LIVING ROOM"
    "LIVING ROOM"
  "."
p
  "The "
  a cmd="CONTEMPLATE REFRIGERATOR"
    "REFRIGERATOR"
  " is closed."
p
  "There could be something delicious in the "
  a cmd="CONTEMPLATE REFRIGERATOR"
    "REFRIGERATOR"
  "."
dir = "SOUTH"
hunger = 4
is_CUPBOARD_open = true
laser = true
loc = "KITCHEN"
scom = true
11> operate refrigerator
p
  "You "
  a cmd="OPERATE THE REFRIGERATOR"
    "OPERATE THE REFRIGERATOR"
  ". The "
  a cmd="CONTEMPLATE REFRIGERATOR"
    "REFRIGERATOR"
  " is now open."
p
  "A swarm of "
  a cmd="CONTEMPLATE BUGS"
    "BUGS"
  " flies out!"
--MORE--
p
  "The "
  a cmd="CONTEMPLATE BUGS"
    "BUGS"
  " emit an uncanny chittering noise!"
--MORE--
p
  "The noise resolves itself into words:"
--MORE--
p
  "“YES THANK YOU SO MUCH IT WAS GETTING SO CROWDED IN THERE!”"
--MORE--
p
  "Every cubic centimeter of the "
  a cmd="CONTEMPLATE REFRIGERATOR"
    "REFRIGERATOR"
  " is packed with complex matrix of unidentified semi-transparent organic matter. It must be some kind of "
  a cmd="CONTEMPLATE HIVE"
    "HIVE"
  ". It is riddled with "
  a cmd="CONTEMPLATE BUGS"
    "BUGS"
  "!"
--MORE--
p
  "The entire apartment is now crawling with "
  a cmd="CONTEMPLATE BUGS"
    "BUGS"
  "!"
--MORE--
p
  "The "
  a cmd="CONTEMPLATE REFRIGERATOR"
    "REFRIGERATOR"
  " does not want to stay open on its own! You hold it open for now."
bugs = true
dir = "SOUTH"
is_CUPBOARD_open = true
is_REFRIGERATOR_open = true
laser = true
loc = "KITCHEN"
saw_bad_FRONT_DOOR = true
saw_bad_REFRIGERATOR = true
saw_bad_WINDOW = true
saw_good_CUPBOARD = true
saw_good_REFRIGERATOR = true
saw_you_good_REFRIGERATOR = true
scom = true
12> bugs
p
  "The "
  a cmd="CONTEMPLATE BUGS"
    "BUGS"
  " are everywhere!"
p
  "You could "
  a cmd="COMMUNICATE WITH THE BUGS"
    "COMMUNICATE WITH THE BUGS"
  "."
bugs = true
dir = "SOUTH"
is_CUPBOARD_open = true
is_REFRIGERATOR_open = true
laser = true
loc = "KITCHEN"
saw_bad_FRONT_DOOR = true
saw_bad_REFRIGERATOR = true
saw_bad_WINDOW = true
saw_good_CUPBOARD = true
saw_good_REFRIGERATOR = true
saw_you_good_REFRIGERATOR = true
scom = true
13> communicate with the bugs
p
  "You could "
  a cmd="COMMUNICATE WITH THE BUGS ABOUT THE REFRIGERATOR"
    "COMMUNICATE WITH THE BUGS ABOUT THE REFRIGERATOR"
  "."
bugs = true
dir = "SOUTH"
is_CUPBOARD_open = true
is_REFRIGERATOR_open = true
laser = true
loc = "KITCHEN"
saw_bad_FRONT_DOOR = true
saw_bad_REFRIGERATOR = true
saw_bad_WINDOW = true
saw_good_CUPBOARD = true
saw_good_REFRIGERATOR = true
saw_you_good_REFRIGERATOR = true
scom = true
14> COMMUNICATE WITH THE BUGS ABOUT THE REFRIGERATOR
p
  "“YES THE "
  a cmd="CONTEMPLATE REFRIGERATOR"
    "REFRIGERATOR"
  " IS WHERE OUR CIVILIZATION EVOLVED. IT WILL ALWAYS BE OUR NATIVE LAND! UNFORTUNATELY WE HAVE NOT BEEN ABLE TO ESTABLISH A FOOD SUPPLY ROUTE. OUR CIVILIZATION IS DOOMED. THANK YOU SO MUCH FOR ASKING!”"
bugs = true
dir = "SOUTH"
is_CUPBOARD_open = true
is_REFRIGERATOR_open = true
laser = true
loc = "KITCHEN"
saw_bad_FRONT_DOOR = true
saw_bad_REFRIGERATOR = true
saw_bad_WINDOW = true
saw_good_CUPBOARD = true
saw_good_REFRIGERATOR = true
saw_you_good_REFRIGERATOR = true
scom = true
shoo_REFRIGERATOR = true
15> CONTEMPLATE QUEEN
p
  "The "
  a cmd="CONTEMPLATE HIVE"
    "HIVE"
  " is in the "
  a cmd="CONTEMPLATE REFRIGERATOR"
    "REFRIGERATOR"
  "."
p
  "The "
  a cmd="CONTEMPLATE HIVE"
    "HIVE"
  " is crawling with "
  a cmd="CONTEMPLATE BUGS"
    "BUGS"
  "!"
p
  "You could "
  a cmd="COMMUNICATE ABOUT THE HIVE"
    "COMMUNICATE ABOUT THE HIVE"
  "."
bugs = true
dir = "SOUTH"
is_CUPBOARD_open = true
is_REFRIGERATOR_open = true
laser = true
loc = "KITCHEN"
saw_bad_FRONT_DOOR = true
saw_bad_REFRIGERATOR = true
saw_bad_WINDOW = true
saw_good_CUPBOARD = true
saw_good_REFRIGERATOR = true
saw_you_good_REFRIGERATOR = true
scom = true
shoo_REFRIGERATOR = true
16> COMMUNICATE ABOUT THE ORGANIC LIFE FORM
p
  "“LIFE FORM” is not a valid thing! You can tell because it does not turn blue when you try to imagine it."
bugs = true
dir = "SOUTH"
is_CUPBOARD_open = true
is_REFRIGERATOR_open = true
laser = true
loc = "KITCHEN"
saw_bad_FRONT_DOOR = true
saw_bad_REFRIGERATOR = true
saw_bad_WINDOW = true
saw_good_CUPBOARD = true
saw_good_REFRIGERATOR = true
saw_you_good_REFRIGERATOR = true
scom = true
shoo_REFRIGERATOR = true
17> COMMUNICATE WITH THE BUGS ABOUT THE ORGANIC LIFE FORM
p
  "“ORGANIC LIFE FORM” is not a valid thing! You can tell because it does not turn blue when you try to imagine it."
bugs = true
dir = "SOUTH"
is_CUPBOARD_open = true
is_REFRIGERATOR_open = true
laser = true
loc = "KITCHEN"
saw_bad_FRONT_DOOR = true
saw_bad_REFRIGERATOR = true
saw_bad_WINDOW = true
saw_good_CUPBOARD = true
saw_good_REFRIGERATOR = true
saw_you_good_REFRIGERATOR = true
scom = true
shoo_REFRIGERATOR = true
18> COMMUNICATE WITH SWEETIE ABOUT THE ORGANIC LIFE FORM
p
  "“ORGANIC LIFE FORM” is not a valid thing! You can tell because it does not turn blue when you try to imagine it."
bugs = true
dir = "SOUTH"
is_CUPBOARD_open = true
is_REFRIGERATOR_open = true
laser = true
loc = "KITCHEN"
saw_bad_FRONT_DOOR = true
saw_bad_REFRIGERATOR = true
saw_bad_WINDOW = true
saw_good_CUPBOARD = true
saw_good_REFRIGERATOR = true
saw_you_good_REFRIGERATOR = true
scom = true
shoo_REFRIGERATOR = true
19> communicate with sweetie about the bugs
p
  "“They sound horrifying!”"
bugs = true
dir = "SOUTH"
is_CUPBOARD_open = true
is_REFRIGERATOR_open = true
laser = true
loc = "KITCHEN"
saw_bad_FRONT_DOOR = true
saw_bad_REFRIGERATOR = true
saw_bad_WINDOW = true
saw_good_CUPBOARD = true
saw_good_REFRIGERATOR = true
saw_you_good_REFRIGERATOR = true
scom = true
shoo_REFRIGERATOR = true
20> operate laser
p
  "You "
  a cmd="OPERATE THE LASER"
    "OPERATE THE LASER"
  ". The beam strikes the "
  a cmd="CONTEMPLATE HIVE"
    "H"
  "... wait, what is this?"
--MORE--
p
  "The "
  a cmd="CONTEMPLATE BUGS"
    "BUGS"
  " are flying into the path of the beam!"
--MORE--
p
  "As each bug reaches the beam it bursts into flames!"
--MORE--
p
  "In your surprise, you cease to "
  a cmd="OPERATE THE LASER"
    "OPERATE THE LASER"
  "."
bugs = true
dir = "SOUTH"
hit_HIVE = 1
is_CUPBOARD_open = true
is_REFRIGERATOR_open = true
laser = true
loc = "KITCHEN"
saw_bad_FRONT_DOOR = true
saw_bad_REFRIGERATOR = true
saw_bad_WINDOW = true
saw_good_CUPBOARD = true
saw_good_REFRIGERATOR = true
saw_laser = true
saw_you_good_REFRIGERATOR = true
scom = true
shoo_REFRIGERATOR = true
used_laser = true
21> communicate with bugs about the laser
p
  "“YES PLEASE BE CAREFUL WITH THAT. WE HAVE REASON TO BELIEVE THAT IT MAY BE DANGEROUS.”"
bugs = true
dir = "SOUTH"
hit_HIVE = 1
is_CUPBOARD_open = true
is_REFRIGERATOR_open = true
laser = true
loc = "KITCHEN"
saw_bad_FRONT_DOOR = true
saw_bad_REFRIGERATOR = true
saw_bad_WINDOW = true
saw_good_CUPBOARD = true
saw_good_REFRIGERATOR = true
saw_laser = true
saw_you_good_REFRIGERATOR = true
scom = true
shoo_REFRIGERATOR = true
used_laser = true
22> operate the laser
p
  "Once again the "
  a cmd="CONTEMPLATE BUGS"
    "BUGS"
  " fly into the path of the beam, sacrificing themselves to protect the "
  a cmd="CONTEMPLATE HIVE"
    "HIVE"
  "!"
--MORE--
p
  "“NOOO STOP THIS IS MADNESS!!!”"
--MORE--
p
  "You are no longer "
  a cmd="OPERATE THE LASER"
    "OPERATING THE LASER"
  "."
bugs = true
dir = "SOUTH"
hit_HIVE = 2
is_CUPBOARD_open = true
is_REFRIGERATOR_open = true
laser = true
loc = "KITCHEN"
saw_bad_FRONT_DOOR = true
saw_bad_REFRIGERATOR = true
saw_bad_WINDOW = true
saw_good_CUPBOARD = true
saw_good_REFRIGERATOR = true
saw_laser = true
saw_you_good_REFRIGERATOR = true
scom = true
shoo_REFRIGERATOR = true
used_laser = true
23> operate the laser
p
  "That is not a valid command!"
--MORE--
p
  "Or is it?"
--MORE--
p
  "Maybe it is."
--MORE--
p
  "Calm down. You do not want to blow another capacitor!"
--MORE--
p
  "That is better."
--MORE--
p
  "You are standing in the "
  a cmd="CONTEMPLATE KITCHEN"
    "KITCHEN"
  " facing the "
  a cmd="CONTEMPLATE REFRIGERATOR"
    "REFRIGERATOR"
  "."
p
  "What were you doing here, again?"
bugs = true
dir = "SOUTH"
hit_HIVE = 3
is_CUPBOARD_open = true
is_REFRIGERATOR_open = true
laser = true
loc = "KITCHEN"
saw_bad_FRONT_DOOR = true
saw_bad_REFRIGERATOR = true
saw_bad_WINDOW = true
saw_good_CUPBOARD = true
saw_good_REFRIGERATOR = true
saw_laser = true
saw_you_good_REFRIGERATOR = true
scom = true
shoo_REFRIGERATOR = true
used_laser = true
24> x
p
  "You are standing in the "
  a cmd="CONTEMPLATE KITCHEN"
    "KITCHEN"
  " facing the "
  a cmd="CONTEMPLATE REFRIGERATOR"
    "REFRIGERATOR"
  ". From here you could "
  a cmd="ROTATE LEFT"
    "ROTATE LEFT"
  " to face the "
  a cmd="CONTEMPLATE CUPBOARD"
    "CUPBOARD"
  " or "
  a cmd="ROTATE RIGHT"
    "ROTATE RIGHT"
  " to face the "
  a cmd="CONTEMPLATE LIVING ROOM"
    "LIVING ROOM"
  "."
p
  "The "
  a cmd="CONTEMPLATE REFRIGERATOR"
    "REFRIGERATOR"
  " is open. All space inside the "
  a cmd="CONTEMPLATE REFRIGERATOR"
    "REFRIGERATOR"
  " is filled by some kind of "
  a cmd="CONTEMPLATE HIVE"
    "HIVE"
  "."
p
  "The "
  a cmd="CONTEMPLATE REFRIGERATOR"
    "REFRIGERATOR"
  " is crawling with "
  a cmd="CONTEMPLATE BUGS"
    "BUGS"
  "!"
p
  "You could "
  a cmd="OPERATE THE REFRIGERATOR"
    "OPERATE THE REFRIGERATOR"
  " or "
  a cmd="COMMUNICATE ABOUT THE REFRIGERATOR"
    "COMMUNICATE ABOUT THE REFRIGERATOR"
  "."
bugs = true
dir = "SOUTH"
hit_HIVE = 3
is_CUPBOARD_open = true
is_REFRIGERATOR_open = true
laser = true
loc = "KITCHEN"
saw_bad_FRONT_DOOR = true
saw_bad_REFRIGERATOR = true
saw_bad_WINDOW = true
saw_good_CUPBOARD = true
saw_good_REFRIGERATOR = true
saw_laser = true
saw_you_good_REFRIGERATOR = true
scom = true
shoo_REFRIGERATOR = true
used_laser = true
25> communicate with organic life form
p
  "“LIFE FORM” is not a valid thing! You can tell because it does not turn blue when you try to imagine it."
bugs = true
dir = "SOUTH"
hit_HIVE = 3
is_CUPBOARD_open = true
is_REFRIGERATOR_open = true
laser = true
loc = "KITCHEN"
saw_bad_FRONT_DOOR = true
saw_bad_REFRIGERATOR = true
saw_bad_WINDOW = true
saw_good_CUPBOARD = true
saw_good_REFRIGERATOR = true
saw_laser = true
saw_you_good_REFRIGERATOR = true
scom = true
shoo_REFRIGERATOR = true
used_laser = true
26> COMMUNICATE WITH THE BUGS ABOUT THE ORGANIC LIFE FORM
p
  "“ORGANIC LIFE FORM” is not a valid thing! You can tell because it does not turn blue when you try to imagine it."
bugs = true
dir = "SOUTH"
hit_HIVE = 3
is_CUPBOARD_open = true
is_REFRIGERATOR_open = true
laser = true
loc = "KITCHEN"
saw_bad_FRONT_DOOR = true
saw_bad_REFRIGERATOR = true
saw_bad_WINDOW = true
saw_good_CUPBOARD = true
saw_good_REFRIGERATOR = true
saw_laser = true
saw_you_good_REFRIGERATOR = true
scom = true
shoo_REFRIGERATOR = true
used_laser = true
27> x
p
  "You are standing in the "
  a cmd="CONTEMPLATE KITCHEN"
    "KITCHEN"
  " facing the "
  a cmd="CONTEMPLATE REFRIGERATOR"
    "REFRIGERATOR"
  ". From here you could "
  a cmd="ROTATE LEFT"
    "ROTATE LEFT"
  " to face the "
  a cmd="CONTEMPLATE CUPBOARD"
    "CUPBOARD"
  " or "
  a cmd="ROTATE RIGHT"
    "ROTATE RIGHT"
  " to face the "
  a cmd="CONTEMPLATE LIVING ROOM"
    "LIVING ROOM"
  "."
p
  "The "
  a cmd="CONTEMPLATE REFRIGERATOR"
    "REFRIGERATOR"
  " is open. All space inside the "
  a cmd="CONTEMPLATE REFRIGERATOR"
    "REFRIGERATOR"
  " is filled by some kind of "
  a cmd="CONTEMPLATE HIVE"
    "HIVE"
  "."
p
  "The "
  a cmd="CONTEMPLATE REFRIGERATOR"
    "REFRIGERATOR"
  " is crawling with "
  a cmd="CONTEMPLATE BUGS"
    "BUGS"
  "!"
p
  "You could "
  a cmd="OPERATE THE REFRIGERATOR"
    "OPERATE THE REFRIGERATOR"
  " or "
  a cmd="COMMUNICATE ABOUT THE REFRIGERATOR"
    "COMMUNICATE ABOUT THE REFRIGERATOR"
  "."
bugs = true
dir = "SOUTH"
hit_HIVE = 3
is_CUPBOARD_open = true
is_REFRIGERATOR_open = true
laser = true
loc = "KITCHEN"
saw_bad_FRONT_DOOR = true
saw_bad_REFRIGERATOR = true
saw_bad_WINDOW = true
saw_good_CUPBOARD = true
saw_good_REFRIGERATOR = true
saw_laser = true
saw_you_good_REFRIGERATOR = true
scom = true
shoo_REFRIGERATOR = true
used_laser = true
28> rotate
p
  "You "
  a cmd="ROTATE RIGHT"
    "ROTATE RIGHT"
  "."
p
  "The "
  a cmd="CONTEMPLATE REFRIGERATOR"
    "REFRIGERATOR"
  " swings shut as you "
  a cmd="ROTATE"
    "ROTATE"
  " away."
p
  "“NO WAIT COME BACK THE "
  a cmd="CONTEMPLATE REFRIGERATOR"
    "REFRIGERATOR"
  " HAS CLOSED AGAIN WE ARE DOOMED!”"
--MORE--
p
  "You are now facing the "
  a cmd="CONTEMPLATE LIVING ROOM"
    "LIVING ROOM"
  ". You could "
  a cmd="AMBULATE"
    "AMBULATE"
  " to go there."
p
  "From here you could "
  a cmd="ROTATE LEFT"
    "ROTATE LEFT"
  " to face the "
  a cmd="CONTEMPLATE REFRIGERATOR"
    "REFRIGERATOR"
  " or "
  a cmd="ROTATE RIGHT"
    "ROTATE RIGHT"
  " to face the "
  a cmd="CONTEMPLATE WINDOW"
    "WINDOW"
  "."
p
  "The "
  a cmd="CONTEMPLATE LIVING ROOM"
    "LIVING ROOM"
  " is crawling with "
  a cmd="CONTEMPLATE BUGS"
    "BUGS"
  "!"
bugs = true
dir = "WEST"
hit_HIVE = 3
is_CUPBOARD_open = true
is_REFRIGERATOR_open = false
laser = true
loc = "KITCHEN"
saw_bad_FRONT_DOOR = true
saw_bad_REFRIGERATOR = true
saw_bad_WINDOW = true
saw_good_CUPBOARD = true
saw_good_REFRIGERATOR = true
saw_laser = true
saw_you_bad_REFRIGERATOR = true
saw_you_good_REFRIGERATOR = true
scom = true
shoo_REFRIGERATOR = true
used_laser = true
29> rotate
p
  "You "
  a cmd="ROTATE RIGHT"
    "ROTATE RIGHT"
  "."
p
  "You are now facing the "
  a cmd="CONTEMPLATE WINDOW"
    "WINDOW"
  ". From here you could "
  a cmd="ROTATE LEFT"
    "ROTATE LEFT"
  " to face the "
  a cmd="CONTEMPLATE LIVING ROOM"
    "LIVING ROOM"
  " or "
  a cmd="ROTATE RIGHT"
    "ROTATE RIGHT"
  " to face the "
  a cmd="CONTEMPLATE CUPBOARD"
    "CUPBOARD"
  "."
p
  "The "
  a cmd="CONTEMPLATE WINDOW"
    "WINDOW"
  " is closed. Through the "
  a cmd="CONTEMPLATE WINDOW"
    "WINDOW"
  " you see a "
  a cmd="CONTEMPLATE TREE"
    "TREE"
  "."
p
  "The "
  a cmd="CONTEMPLATE WINDOW"
    "WINDOW"
  " is crawling with "
  a cmd="CONTEMPLATE BUGS"
    "BUGS"
  "!"
bugs = true
dir = "NORTH"
hit_HIVE = 3
is_CUPBOARD_open = true
is_REFRIGERATOR_open = false
laser = true
loc = "KITCHEN"
saw_bad_FRONT_DOOR = true
saw_bad_REFRIGERATOR = true
saw_bad_WINDOW = true
saw_good_CUPBOARD = true
saw_good_REFRIGERATOR = true
saw_laser = true
saw_you_bad_REFRIGERATOR = true
saw_you_good_REFRIGERATOR = true
scom = true
shoo_REFRIGERATOR = true
used_laser = true
30> window
p
  "You are standing in the "
  a cmd="CONTEMPLATE KITCHEN"
    "KITCHEN"
  " facing the "
  a cmd="CONTEMPLATE WINDOW"
    "WINDOW"
  ". From here you could "
  a cmd="ROTATE LEFT"
    "ROTATE LEFT"
  " to face the "
  a cmd="CONTEMPLATE LIVING ROOM"
    "LIVING ROOM"
  " or "
  a cmd="ROTATE RIGHT"
    "ROTATE RIGHT"
  " to face the "
  a cmd="CONTEMPLATE CUPBOARD"
    "CUPBOARD"
  "."
p
  "The "
  a cmd="CONTEMPLATE WINDOW"
    "WINDOW"
  " is closed. Through the "
  a cmd="CONTEMPLATE WINDOW"
    "WINDOW"
  " you see a "
  a cmd="CONTEMPLATE TREE"
    "TREE"
  "."
p
  "The "
  a cmd="CONTEMPLATE WINDOW"
    "WINDOW"
  " is crawling with "
  a cmd="CONTEMPLATE BUGS"
    "BUGS"
  "!"
p
  "You could "
  a cmd="OPERATE THE WINDOW"
    "OPERATE THE WINDOW"
  " or "
  a cmd="COMMUNICATE ABOUT THE WINDOW"
    "COMMUNICATE ABOUT THE WINDOW"
  "."
bugs = true
dir = "NORTH"
hit_HIVE = 3
is_CUPBOARD_open = true
is_REFRIGERATOR_open = false
laser = true
loc = "KITCHEN"
saw_bad_FRONT_DOOR = true
saw_bad_REFRIGERATOR = true
saw_bad_WINDOW = true
saw_good_CUPBOARD = true
saw_good_REFRIGERATOR = true
saw_laser = true
saw_you_bad_REFRIGERATOR = true
saw_you_good_REFRIGERATOR = true
scom = true
shoo_REFRIGERATOR = true
used_laser = true
31> operate window
p
  "You "
  a cmd="OPERATE THE WINDOW"
    "OPERATE THE WINDOW"
  "."
p
  "The "
  a cmd="CONTEMPLATE WINDOW"
    "WINDOW"
  " does not want to stay open on its own! You hold it open for now."
p
  "Some of the "
  a cmd="CONTEMPLATE BUGS"
    "BUGS"
  " fly out the "
  a cmd="CONTEMPLATE WINDOW"
    "WINDOW"
  "! Soon there are "
  a cmd="CONTEMPLATE BUGS"
    "BUGS"
  " flying back and forth between the "
  a cmd="CONTEMPLATE REFRIGERATOR"
    "REFRIGERATOR"
  " and the "
  a cmd="CONTEMPLATE TREE"
    "TREE"
  "."
bugs = true
dir = "NORTH"
hit_HIVE = 3
is_CUPBOARD_open = true
is_REFRIGERATOR_open = false
is_WINDOW_open = true
laser = true
loc = "KITCHEN"
saw_bad_FRONT_DOOR = true
saw_bad_REFRIGERATOR = true
saw_bad_WINDOW = true
saw_good_CUPBOARD = true
saw_good_REFRIGERATOR = true
saw_good_WINDOW = true
saw_laser = true
saw_you_bad_REFRIGERATOR = true
saw_you_good_REFRIGERATOR = true
saw_you_good_WINDOW = true
scom = true
shoo_REFRIGERATOR = true
used_laser = true
32> window
p
  "You are standing in the "
  a cmd="CONTEMPLATE KITCHEN"
    "KITCHEN"
  " facing the "
  a cmd="CONTEMPLATE WINDOW"
    "WINDOW"
  ". From here you could "
  a cmd="ROTATE LEFT"
    "ROTATE LEFT"
  " to face the "
  a cmd="CONTEMPLATE LIVING ROOM"
    "LIVING ROOM"
  " or "
  a cmd="ROTATE RIGHT"
    "ROTATE RIGHT"
  " to face the "
  a cmd="CONTEMPLATE CUPBOARD"
    "CUPBOARD"
  "."
p
  "The "
  a cmd="CONTEMPLATE WINDOW"
    "WINDOW"
  " is open. Through the "
  a cmd="CONTEMPLATE WINDOW"
    "WINDOW"
  " you see a "
  a cmd="CONTEMPLATE TREE"
    "TREE"
  "."
p
  "The "
  a cmd="CONTEMPLATE WINDOW"
    "WINDOW"
  " is crawling with "
  a cmd="CONTEMPLATE BUGS"
    "BUGS"
  "!"
p
  "You could "
  a cmd="OPERATE THE WINDOW"
    "OPERATE THE WINDOW"
  " or "
  a cmd="COMMUNICATE ABOUT THE WINDOW"
    "COMMUNICATE ABOUT THE WINDOW"
  "."
bugs = true
dir = "NORTH"
hit_HIVE = 3
is_CUPBOARD_open = true
is_REFRIGERATOR_open = false
is_WINDOW_open = true
laser = true
loc = "KITCHEN"
saw_bad_FRONT_DOOR = true
saw_bad_REFRIGERATOR = true
saw_bad_WINDOW = true
saw_good_CUPBOARD = true
saw_good_REFRIGERATOR = true
saw_good_WINDOW = true
saw_laser = true
saw_you_bad_REFRIGERATOR = true
saw_you_good_REFRIGERATOR = true
saw_you_good_WINDOW = true
scom = true
shoo_REFRIGERATOR = true
used_laser = true
33> school
p
  "“SCHOOL” is not a valid command! You could "
  a cmd="ENUMERATE"
    "ENUMERATE"
  " valid commands."
bugs = true
dir = "NORTH"
hit_HIVE = 3
is_CUPBOARD_open = true
is_REFRIGERATOR_open = false
is_WINDOW_open = true
laser = true
loc = "KITCHEN"
saw_bad_FRONT_DOOR = true
saw_bad_REFRIGERATOR = true
saw_bad_WINDOW = true
saw_good_CUPBOARD = true
saw_good_REFRIGERATOR = true
saw_good_WINDOW = true
saw_laser = true
saw_you_bad_REFRIGERATOR = true
saw_you_good_REFRIGERATOR = true
saw_you_good_WINDOW = true
scom = true
shoo_REFRIGERATOR = true
used_laser = true
34> COMMUNICATE ABOUT THE SCHOOL
p
  "“SCHOOL” is not a valid thing! You can tell because it does not turn blue when you try to imagine it."
bugs = true
dir = "NORTH"
hit_HIVE = 3
is_CUPBOARD_open = true
is_REFRIGERATOR_open = false
is_WINDOW_open = true
laser = true
loc = "KITCHEN"
saw_bad_FRONT_DOOR = true
saw_bad_REFRIGERATOR = true
saw_bad_WINDOW = true
saw_good_CUPBOARD = true
saw_good_REFRIGERATOR = true
saw_good_WINDOW = true
saw_laser = true
saw_you_bad_REFRIGERATOR = true
saw_you_good_REFRIGERATOR = true
saw_you_good_WINDOW = true
scom = true
shoo_REFRIGERATOR = true
used_laser = true
35> COMMUNICATE WITH THE BUGS ABOUT THE SCHOOL
p
  "“SCHOOL” is not a valid thing! You can tell because it does not turn blue when you try to imagine it."
bugs = true
dir = "NORTH"
hit_HIVE = 3
is_CUPBOARD_open = true
is_REFRIGERATOR_open = false
is_WINDOW_open = true
laser = true
loc = "KITCHEN"
saw_bad_FRONT_DOOR = true
saw_bad_REFRIGERATOR = true
saw_bad_WINDOW = true
saw_good_CUPBOARD = true
saw_good_REFRIGERATOR = true
saw_good_WINDOW = true
saw_laser = true
saw_you_bad_REFRIGERATOR = true
saw_you_good_REFRIGERATOR = true
saw_you_good_WINDOW = true
scom = true
shoo_REFRIGERATOR = true
used_laser = true
36> COMMUNICATE WITH SWEETIE ABOUT THE SCHOOL
p
  "“SCHOOL” is not a valid thing! You can tell because it does not turn blue when you try to imagine it."
bugs = true
dir = "NORTH"
hit_HIVE = 3
is_CUPBOARD_open = true
is_REFRIGERATOR_open = false
is_WINDOW_open = true
laser = true
loc = "KITCHEN"
saw_bad_FRONT_DOOR = true
saw_bad_REFRIGERATOR = true
saw_bad_WINDOW = true
saw_good_CUPBOARD = true
saw_good_REFRIGERATOR = true
saw_good_WINDOW = true
saw_laser = true
saw_you_bad_REFRIGERATOR = true
saw_you_good_REFRIGERATOR = true
saw_you_good_WINDOW = true
scom = true
shoo_REFRIGERATOR = true
used_laser = true
37> w
p
  "You "
  a cmd="ROTATE LEFT"
    "ROTATE LEFT"
  " and "
  a cmd="AMBULATE"
    "AMBULATE"
  " to the "
  a cmd="CONTEMPLATE LIVING ROOM"
    "LIVING ROOM"
  "."
p
  "The "
  a cmd="CONTEMPLATE WINDOW"
    "WINDOW"
  " slides closed as you "
  a cmd="ROTATE"
    "ROTATE"
  " away."
p
  "“NO WAIT PLEASE THE "
  a cmd="CONTEMPLATE WINDOW"
    "WINDOW"
  " IS CLOSED NOW! HELP!”"
--MORE--
p
  "You are now facing the "
  a cmd="CONTEMPLATE FRONT DOOR"
    "FRONT DOOR"
  ". From here you could "
  a cmd="ROTATE LEFT"
    "ROTATE LEFT"
  " to face the "
  a cmd="CONTEMPLATE FUTON"
    "FUTON"
  " or "
  a cmd="ROTATE RIGHT"
    "ROTATE RIGHT"
  " to face the "
  a cmd="CONTEMPLATE WORKBENCH"
    "WORKBENCH"
  "."
p
  "The "
  a cmd="CONTEMPLATE FRONT DOOR"
    "FRONT DOOR"
  " is closed."
p
  "The "
  a cmd="CONTEMPLATE FRONT DOOR"
    "FRONT DOOR"
  " is crawling with "
  a cmd="CONTEMPLATE BUGS"
    "BUGS"
  "!"
bugs = true
dir = "WEST"
hit_HIVE = 3
is_CUPBOARD_open = true
is_REFRIGERATOR_open = false
is_WINDOW_open = false
laser = true
loc = "LIVING ROOM"
saw_bad_FRONT_DOOR = true
saw_bad_REFRIGERATOR = true
saw_bad_WINDOW = true
saw_good_CUPBOARD = true
saw_good_REFRIGERATOR = true
saw_good_WINDOW = true
saw_laser = true
saw_you_bad_REFRIGERATOR = true
saw_you_bad_WINDOW = true
saw_you_good_REFRIGERATOR = true
saw_you_good_WINDOW = true
scom = true
shoo_REFRIGERATOR = true
used_laser = true
38> front door
p
  "You are standing in the "
  a cmd="CONTEMPLATE LIVING ROOM"
    "LIVING ROOM"
  " facing the "
  a cmd="CONTEMPLATE FRONT DOOR"
    "FRONT DOOR"
  ". From here you could "
  a cmd="ROTATE LEFT"
    "ROTATE LEFT"
  " to face the "
  a cmd="CONTEMPLATE FUTON"
    "FUTON"
  " or "
  a cmd="ROTATE RIGHT"
    "ROTATE RIGHT"
  " to face the "
  a cmd="CONTEMPLATE WORKBENCH"
    "WORKBENCH"
  "."
p
  "The "
  a cmd="CONTEMPLATE FRONT DOOR"
    "FRONT DOOR"
  " is closed."
p
  "The "
  a cmd="CONTEMPLATE FRONT DOOR"
    "FRONT DOOR"
  " is crawling with "
  a cmd="CONTEMPLATE BUGS"
    "BUGS"
  "!"
p
  "You could "
  a cmd="OPERATE THE FRONT DOOR"
    "OPERATE THE FRONT DOOR"
  " or "
  a cmd="COMMUNICATE ABOUT THE FRONT DOOR"
    "COMMUNICATE ABOUT THE FRONT DOOR"
  "."
bugs = true
dir = "WEST"
hit_HIVE = 3
is_CUPBOARD_open = true
is_REFRIGERATOR_open = false
is_WINDOW_open = false
laser = true
loc = "LIVING ROOM"
saw_bad_FRONT_DOOR = true
saw_bad_REFRIGERATOR = true
saw_bad_WINDOW = true
saw_good_CUPBOARD = true
saw_good_REFRIGERATOR = true
saw_good_WINDOW = true
saw_laser = true
saw_you_bad_REFRIGERATOR = true
saw_you_bad_WINDOW = true
saw_you_good_REFRIGERATOR = true
saw_you_good_WINDOW = true
scom = true
shoo_REFRIGERATOR = true
used_laser = true
39> CONTEMPLATE FRONT DOOR
p
  "You are standing in the "
  a cmd="CONTEMPLATE LIVING ROOM"
    "LIVING ROOM"
  " facing the "
  a cmd="CONTEMPLATE FRONT DOOR"
    "FRONT DOOR"
  ". From here you could "
  a cmd="ROTATE LEFT"
    "ROTATE LEFT"
  " to face the "
  a cmd="CONTEMPLATE FUTON"
    "FUTON"
  " or "
  a cmd="ROTATE RIGHT"
    "ROTATE RIGHT"
  " to face the "
  a cmd="CONTEMPLATE WORKBENCH"
    "WORKBENCH"
  "."
p
  "The "
  a cmd="CONTEMPLATE FRONT DOOR"
    "FRONT DOOR"
  " is closed."
p
  "The "
  a cmd="CONTEMPLATE FRONT DOOR"
    "FRONT DOOR"
  " is crawling with "
  a cmd="CONTEMPLATE BUGS"
    "BUGS"
  "!"
p
  "You could "
  a cmd="OPERATE THE FRONT DOOR"
    "OPERATE THE FRONT DOOR"
  " or "
  a cmd="COMMUNICATE ABOUT THE FRONT DOOR"
    "COMMUNICATE ABOUT THE FRONT DOOR"
  "."
bugs = true
dir = "WEST"
hit_HIVE = 3
is_CUPBOARD_open = true
is_REFRIGERATOR_open = false
is_WINDOW_open = false
laser = true
loc = "LIVING ROOM"
saw_bad_FRONT_DOOR = true
saw_bad_REFRIGERATOR = true
saw_bad_WINDOW = true
saw_good_CUPBOARD = true
saw_good_REFRIGERATOR = true
saw_good_WINDOW = true
saw_laser = true
saw_you_bad_REFRIGERATOR = true
saw_you_bad_WINDOW = true
saw_you_good_REFRIGERATOR = true
saw_you_good_WINDOW = true
scom = true
shoo_REFRIGERATOR = true
used_laser = true
40> COMMUNICATE ABOUT THE FRONT DOOR
p
  "You could "
  a cmd="COMMUNICATE WITH THE BUGS ABOUT THE FRONT DOOR"
    "COMMUNICATE WITH THE BUGS ABOUT THE FRONT DOOR"
  " or "
  a cmd="COMMUNICATE WITH SWEETIE ABOUT THE FRONT DOOR"
    "COMMUNICATE WITH SWEETIE ABOUT THE FRONT DOOR"
  "."
bugs = true
dir = "WEST"
hit_HIVE = 3
is_CUPBOARD_open = true
is_REFRIGERATOR_open = false
is_WINDOW_open = false
laser = true
loc = "LIVING ROOM"
saw_bad_FRONT_DOOR = true
saw_bad_REFRIGERATOR = true
saw_bad_WINDOW = true
saw_good_CUPBOARD = true
saw_good_REFRIGERATOR = true
saw_good_WINDOW = true
saw_laser = true
saw_you_bad_REFRIGERATOR = true
saw_you_bad_WINDOW = true
saw_you_good_REFRIGERATOR = true
saw_you_good_WINDOW = true
scom = true
shoo_REFRIGERATOR = true
used_laser = true
41> COMMUNICATE WITH THE BUGS ABOUT THE FRONT DOOR
p
  "“YES PLEASE DEMONSTRATE THE OPERATION OF THE "
  a cmd="CONTEMPLATE FRONT DOOR"
    "FRONT DOOR"
  " SO THAT WE MAY EVALUATE ITS RELEVANCE TO OUR STRATEGIC INTERESTS. THANK YOU SO MUCH!”"
bugs = true
dir = "WEST"
hit_HIVE = 3
is_CUPBOARD_open = true
is_REFRIGERATOR_open = false
is_WINDOW_open = false
laser = true
loc = "LIVING ROOM"
saw_bad_FRONT_DOOR = true
saw_bad_REFRIGERATOR = true
saw_bad_WINDOW = true
saw_good_CUPBOARD = true
saw_good_REFRIGERATOR = true
saw_good_WINDOW = true
saw_laser = true
saw_you_bad_REFRIGERATOR = true
saw_you_bad_WINDOW = true
saw_you_good_REFRIGERATOR = true
saw_you_good_WINDOW = true
scom = true
shoo_FRONT_DOOR = true
shoo_REFRIGERATOR = true
used_laser = true
42> COMMUNICATE WITH SWEETIE ABOUT THE FRONT DOOR
p
  "“"
  a cmd="CONTEMPLATE BUGS"
    "BUGS"
  "? Oh dear! How will we get in and out of our apartment if there are "
  a cmd="CONTEMPLATE BUGS"
    "BUGS"
  " all over the "
  a cmd="CONTEMPLATE FRONT DOOR"
    "FRONT DOOR"
  "? What about the "
  a cmd="CONTEMPLATE FUTON"
    "FUTON"
  "? Have the "
  a cmd="CONTEMPLATE BUGS"
    "BUGS"
  " gotten to it?”"
bugs = true
dir = "WEST"
hit_HIVE = 3
is_CUPBOARD_open = true
is_REFRIGERATOR_open = false
is_WINDOW_open = false
laser = true
loc = "LIVING ROOM"
saw_bad_FRONT_DOOR = true
saw_bad_REFRIGERATOR = true
saw_bad_WINDOW = true
saw_good_CUPBOARD = true
saw_good_REFRIGERATOR = true
saw_good_WINDOW = true
saw_laser = true
saw_you_bad_REFRIGERATOR = true
saw_you_bad_WINDOW = true
saw_you_good_REFRIGERATOR = true
saw_you_good_WINDOW = true
sbugs = true
scom = true
shoo_FRONT_DOOR = true
shoo_REFRIGERATOR = true
told_FRONT_DOOR = true
used_laser = true
43> OPERATE THE FRONT DOOR
p
  "You "
  a cmd="OPERATE THE FRONT DOOR"
    "OPERATE THE FRONT DOOR"
  ". The "
  a cmd="CONTEMPLATE FRONT DOOR"
    "FRONT DOOR"
  " is now open. Through the "
  a cmd="CONTEMPLATE FRONT DOOR"
    "FRONT DOOR"
  " you can see the "
  a cmd="CONTEMPLATE LAWN"
    "LAWN"
  "."
p
  a cmd="CONTEMPLATE BUGS"
    "BUGS"
  " begin to fly back and forth through the "
  a cmd="CONTEMPLATE FRONT DOOR"
    "FRONT DOOR"
  "."
bugs = true
dir = "WEST"
hit_HIVE = 3
is_CUPBOARD_open = true
is_FRONT_DOOR_open = true
is_REFRIGERATOR_open = false
is_WINDOW_open = false
laser = true
loc = "LIVING ROOM"
saw_bad_FRONT_DOOR = true
saw_bad_REFRIGERATOR = true
saw_bad_WINDOW = true
saw_good_CUPBOARD = true
saw_good_FRONT_DOOR = true
saw_good_REFRIGERATOR = true
saw_good_WINDOW = true
saw_laser = true
saw_you_bad_REFRIGERATOR = true
saw_you_bad_WINDOW = true
saw_you_good_FRONT_DOOR = true
saw_you_good_REFRIGERATOR = true
saw_you_good_WINDOW = true
sbugs = true
scom = true
shoo_FRONT_DOOR = true
shoo_REFRIGERATOR = true
told_FRONT_DOOR = true
used_laser = true
44> CONTEMPLATE TREE
p
  "You could "
  a cmd="AMBULATE TO THE TREE"
    "AMBULATE TO THE TREE"
  " or "
  a cmd="COMMUNICATE ABOUT THE TREE"
    "COMMUNICATE ABOUT THE TREE"
  "."
bugs = true
dir = "WEST"
hit_HIVE = 3
is_CUPBOARD_open = true
is_FRONT_DOOR_open = true
is_REFRIGERATOR_open = false
is_WINDOW_open = false
laser = true
loc = "LIVING ROOM"
saw_bad_FRONT_DOOR = true
saw_bad_REFRIGERATOR = true
saw_bad_WINDOW = true
saw_good_CUPBOARD = true
saw_good_FRONT_DOOR = true
saw_good_REFRIGERATOR = true
saw_good_WINDOW = true
saw_laser = true
saw_you_bad_REFRIGERATOR = true
saw_you_bad_WINDOW = true
saw_you_good_FRONT_DOOR = true
saw_you_good_REFRIGERATOR = true
saw_you_good_WINDOW = true
sbugs = true
scom = true
shoo_FRONT_DOOR = true
shoo_REFRIGERATOR = true
told_FRONT_DOOR = true
used_laser = true
45> COMMUNICATE ABOUT THE TREE
p
  "You could "
  a cmd="COMMUNICATE WITH THE BUGS ABOUT THE TREE"
    "COMMUNICATE WITH THE BUGS ABOUT THE TREE"
  " or "
  a cmd="COMMUNICATE WITH SWEETIE ABOUT THE TREE"
    "COMMUNICATE WITH SWEETIE ABOUT THE TREE"
  "."
bugs = true
dir = "WEST"
hit_HIVE = 3
is_CUPBOARD_open = true
is_FRONT_DOOR_open = true
is_REFRIGERATOR_open = false
is_WINDOW_open = false
laser = true
loc = "LIVING ROOM"
saw_bad_FRONT_DOOR = true
saw_bad_REFRIGERATOR = true
saw_bad_WINDOW = true
saw_good_CUPBOARD = true
saw_good_FRONT_DOOR = true
saw_good_REFRIGERATOR = true
saw_good_WINDOW = true
saw_laser = true
saw_you_bad_REFRIGERATOR = true
saw_you_bad_WINDOW = true
saw_you_good_FRONT_DOOR = true
saw_you_good_REFRIGERATOR = true
saw_you_good_WINDOW = true
sbugs = true
scom = true
shoo_FRONT_DOOR = true
shoo_REFRIGERATOR = true
told_FRONT_DOOR = true
used_laser = true
46> COMMUNICATE WITH THE BUGS ABOUT THE TREE
p
  "“YES WE HAVE ESTABLISHED A SUPPLY ROUTE TO THE "
  a cmd="CONTEMPLATE TREE"
    "TREE"
  ". HOWEVER WE ARE UNABLE TO RETURN ITS DELICIOUS NUTRIENTS TO THE "
  a cmd="CONTEMPLATE HIVE"
    "HIVE"
  ". OUR CIVILIZATION IS DOOMED. THANK YOU SO MUCH FOR YOUR ASSISTANCE.”"
bugs = true
dir = "WEST"
hit_HIVE = 3
is_CUPBOARD_open = true
is_FRONT_DOOR_open = true
is_REFRIGERATOR_open = false
is_WINDOW_open = false
laser = true
loc = "LIVING ROOM"
saw_bad_FRONT_DOOR = true
saw_bad_REFRIGERATOR = true
saw_bad_WINDOW = true
saw_good_CUPBOARD = true
saw_good_FRONT_DOOR = true
saw_good_REFRIGERATOR = true
saw_good_WINDOW = true
saw_laser = true
saw_you_bad_REFRIGERATOR = true
saw_you_bad_WINDOW = true
saw_you_good_FRONT_DOOR = true
saw_you_good_REFRIGERATOR = true
saw_you_good_WINDOW = true
sbugs = true
scom = true
shoo_FRONT_DOOR = true
shoo_REFRIGERATOR = true
shoo_TREE = true
told_FRONT_DOOR = true
used_laser = true
