1> ambulate
p
  "You "
  a cmd="AMBULATE"
    "AMBULATE"
  " to the "
  a cmd="CONTEMPLATE LIVING ROOM"
    "LIVING ROOM"
  "."
p
  "You are now facing the "
  a cmd="CONTEMPLATE WORKBENCH"
    "WORKBENCH"
  ". From here you could "
  a cmd="ROTATE LEFT"
    "ROTATE LEFT"
  " to face the "
  a cmd="CONTEMPLATE FRONT DOOR"
    "FRONT DOOR"
  " or "
  a cmd="ROTATE RIGHT"
    "ROTATE RIGHT"
  " to face the "
  a cmd="CONTEMPLATE KITCHEN"
    "KITCHEN"
  "."
p
  "On the "
  a cmd="CONTEMPLATE WORKBENCH"
    "WORKBENCH"
  " are a "
  a cmd="CONTEMPLATE SOLDERING TOOL"
    "SOLDERING TOOL"
  " and a "
  a cmd="CONTEMPLATE LASER"
    "LASER"
  "."
dir = "NORTH"
hunger = 1
loc = "LIVING ROOM"
2> east
p
  "You "
  a cmd="ROTATE RIGHT"
    "ROTATE RIGHT"
  " and "
  a cmd="AMBULATE"
    "AMBULATE"
  " to the "
  a cmd="CONTEMPLATE KITCHEN"
    "KITCHEN"
  "."
p
  "You are now facing the "
  a cmd="CONTEMPLATE CUPBOARD"
    "CUPBOARD"
  ". From here you could "
  a cmd="ROTATE LEFT"
    "ROTATE LEFT"
  " to face the "
  a cmd="CONTEMPLATE WINDOW"
    "WINDOW"
  " or "
  a cmd="ROTATE RIGHT"
    "ROTATE RIGHT"
  " to face the "
  a cmd="CONTEMPLATE REFRIGERATOR"
    "REFRIGERATOR"
  "."
p
  "The "
  a cmd="CONTEMPLATE CUPBOARD"
    "CUPBOARD"
  " is closed."
p
  "You receive a text message from "
  a cmd="SWEETIE"
    "SWEETIE"
  "!"
p
  "“I’ll be home soon!”"
p
  "You could "
  a cmd="COMMUNICATE WITH SWEETIE"
    "COMMUNICATE WITH SWEETIE"
  "."
dir = "EAST"
hunger = 2
loc = "KITCHEN"
scom = true
