1> enumerate
p
  "Valid commands include: "
  a cmd="ENUMERATE"
    "ENUMERATE"
  ", "
  a cmd="AMBULATE"
    "AMBULATE"
  ", "
  a cmd="ROTATE"
    "ROTATE"
  ", "
  a cmd="CONTEMPLATE"
    "CONTEMPLATE"
  ", "
  a cmd="OPERATE"
    "OPERATE"
  ", "
  a cmd="COMMUNICATE"
    "COMMUNICATE"
  "."
p
  "You could "
  a cmd="ENUMERATE"
    "ENUMERATE"
  " valid commands again!"
dir = "NORTH"
loc = "FUTON"
2> contemplate futon
p
  "You are sitting on the "
  a cmd="CONTEMPLATE FUTON"
    "FUTON"
  "."
p
  "You could "
  a cmd="COMMUNICATE ABOUT THE FUTON"
    "COMMUNICATE ABOUT THE FUTON"
  "."
dir = "NORTH"
loc = "FUTON"
3> communicate with sweetie about the futon
p
  a cmd="CONTEMPLATE SWEETIE"
    "SWEETIE"
  " is always quick to reply to your text messages, even when he is at work!"
p
  "“Maybe we can have some cuddles on the "
  a cmd="CONTEMPLATE FUTON"
    "FUTON"
  " when I get home!”"
dir = "NORTH"
loc = "FUTON"
scom = true
4> contemplate sweetie
p
  "Your "
  a cmd="CONTEMPLATE SWEETIE"
    "SWEETIE"
  " is still at work."
p
  "You could "
  a cmd="COMMUNICATE WITH SWEETIE"
    "COMMUNICATE WITH SWEETIE"
  "."
dir = "NORTH"
loc = "FUTON"
scom = true
5> communicate with sweetie
p
  "You could "
  a cmd="COMMUNICATE WITH SWEETIE ABOUT THE LIVING ROOM"
    "COMMUNICATE WITH SWEETIE ABOUT THE LIVING ROOM"
  "."
dir = "NORTH"
loc = "FUTON"
scom = true
6> communicate with sweetie about the living room
p
  "“Ten cubic meters is the perfect size!”"
dir = "NORTH"
loc = "FUTON"
scom = true
7> rotate futon
p
  "You are already sitting on the "
  a cmd="CONTEMPLATE FUTON"
    "FUTON"
  "!"
dir = "NORTH"
loc = "FUTON"
scom = true
8> look
p
  "You are sitting on the "
  a cmd="CONTEMPLATE FUTON"
    "FUTON"
  " facing the "
  a cmd="CONTEMPLATE LIVING ROOM"
    "LIVING ROOM"
  "."
p
  "You could "
  a cmd="AMBULATE TO THE LIVING ROOM"
    "AMBULATE TO THE LIVING ROOM"
  " or "
  a cmd="COMMUNICATE ABOUT THE LIVING ROOM"
    "COMMUNICATE ABOUT THE LIVING ROOM"
  "."
dir = "NORTH"
loc = "FUTON"
scom = true
9> ambulate to the living room
p
  "You "
  a cmd="AMBULATE"
    "AMBULATE"
  " to the "
  a cmd="CONTEMPLATE LIVING ROOM"
    "LIVING ROOM"
  "."
p
  "You are now facing the "
  a cmd="CONTEMPLATE WORKBENCH"
    "WORKBENCH"
  ". From here you could "
  a cmd="ROTATE LEFT"
    "ROTATE LEFT"
  " to face the "
  a cmd="CONTEMPLATE FRONT DOOR"
    "FRONT DOOR"
  " or "
  a cmd="ROTATE RIGHT"
    "ROTATE RIGHT"
  " to face the "
  a cmd="CONTEMPLATE KITCHEN"
    "KITCHEN"
  "."
p
  "On the "
  a cmd="CONTEMPLATE WORKBENCH"
    "WORKBENCH"
  " are a "
  a cmd="CONTEMPLATE SOLDERING TOOL"
    "SOLDERING TOOL"
  " and a "
  a cmd="CONTEMPLATE LASER"
    "LASER"
  "."
dir = "NORTH"
hunger = 1
loc = "LIVING ROOM"
scom = true
10> contemplate tool
p
  "The "
  a cmd="CONTEMPLATE SOLDERING TOOL"
    "SOLDERING TOOL"
  " is on the "
  a cmd="CONTEMPLATE WORKBENCH"
    "WORKBENCH"
  "."
p
  "You could "
  a cmd="OPERATE THE SOLDERING TOOL"
    "OPERATE THE SOLDERING TOOL"
  " or "
  a cmd="COMMUNICATE ABOUT THE SOLDERING TOOL"
    "COMMUNICATE ABOUT THE SOLDERING TOOL"
  "."
dir = "NORTH"
hunger = 1
loc = "LIVING ROOM"
scom = true
11> contemplate soldering tool
p
  "The "
  a cmd="CONTEMPLATE SOLDERING TOOL"
    "SOLDERING TOOL"
  " is on the "
  a cmd="CONTEMPLATE WORKBENCH"
    "WORKBENCH"
  "."
p
  "You could "
  a cmd="OPERATE THE SOLDERING TOOL"
    "OPERATE THE SOLDERING TOOL"
  " or "
  a cmd="COMMUNICATE ABOUT THE SOLDERING TOOL"
    "COMMUNICATE ABOUT THE SOLDERING TOOL"
  "."
dir = "NORTH"
hunger = 1
loc = "LIVING ROOM"
scom = true
12> communicate with sweetie about the soldering tool
p
  "“Maybe you can show me when I get home.”"
dir = "NORTH"
hunger = 1
loc = "LIVING ROOM"
scom = true
13> contemplate laser
p
  "The "
  a cmd="CONTEMPLATE LASER"
    "LASER"
  " is on the "
  a cmd="CONTEMPLATE WORKBENCH"
    "WORKBENCH"
  "."
p
  "You could "
  a cmd="COMMUNICATE ABOUT THE LASER"
    "COMMUNICATE ABOUT THE LASER"
  "."
dir = "NORTH"
hunger = 1
loc = "LIVING ROOM"
scom = true
14> communicate with sweeties about laser
p
  "“I think laser-cut jigsaw puzzles are bound to be a best seller!”"
dir = "NORTH"
hunger = 1
loc = "LIVING ROOM"
scom = true
15> communicate with sweetie about laser
p
  "“I think laser-cut jigsaw puzzles are bound to be a best seller!”"
dir = "NORTH"
hunger = 1
loc = "LIVING ROOM"
scom = true
16> operate laser
p
  "The "
  a cmd="CONTEMPLATE LASER"
    "LASER"
  " is not operational, but you could "
  a cmd="OPERATE THE SOLDERING TOOL"
    "OPERATE THE SOLDERING TOOL"
  "."
dir = "NORTH"
hunger = 1
loc = "LIVING ROOM"
scom = true
17> operate the soldering tool
p
  "You "
  a cmd="OPERATE THE SOLDERING TOOL"
    "OPERATE THE SOLDERING TOOL"
  " and mount the "
  a cmd="CONTEMPLATE LASER"
    "LASER"
  " on your head!"
dir = "NORTH"
hunger = 1
laser = true
loc = "LIVING ROOM"
scom = true
18> operate laser
p
  "You "
  a cmd="OPERATE THE LASER"
    "OPERATE THE LASER"
  ". The beam burns a hole in the "
  a cmd="CONTEMPLATE WORKBENCH"
    "WORKBENCH"
  "!"
p
  "You are getting hungry!"
dir = "NORTH"
hit_WORKBENCH = 1
hunger = 2
laser = true
loc = "LIVING ROOM"
scom = true
used_laser = true
19> contemplate workbench
p
  "You are standing in the "
  a cmd="CONTEMPLATE LIVING ROOM"
    "LIVING ROOM"
  " facing the "
  a cmd="CONTEMPLATE WORKBENCH"
    "WORKBENCH"
  ". From here you could "
  a cmd="ROTATE LEFT"
    "ROTATE LEFT"
  " to face the "
  a cmd="CONTEMPLATE FRONT DOOR"
    "FRONT DOOR"
  " or "
  a cmd="ROTATE RIGHT"
    "ROTATE RIGHT"
  " to face the "
  a cmd="CONTEMPLATE KITCHEN"
    "KITCHEN"
  "."
p
  "On the "
  a cmd="CONTEMPLATE WORKBENCH"
    "WORKBENCH"
  " is a "
  a cmd="CONTEMPLATE SOLDERING TOOL"
    "SOLDERING TOOL"
  ". There is a charred hole in the "
  a cmd="CONTEMPLATE WORKBENCH"
    "WORKBENCH"
  "."
p
  "You could "
  a cmd="OPERATE THE WORKBENCH"
    "OPERATE THE WORKBENCH"
  " or "
  a cmd="COMMUNICATE ABOUT THE WORKBENCH"
    "COMMUNICATE ABOUT THE WORKBENCH"
  "."
dir = "NORTH"
hit_WORKBENCH = 1
hunger = 2
laser = true
loc = "LIVING ROOM"
scom = true
used_laser = true
20> communicate with sweetie about the workbench
p
  "“No, I think that is the most logical place. You need space for your business, sweetie.”"
dir = "NORTH"
hit_WORKBENCH = 1
hunger = 2
laser = true
loc = "LIVING ROOM"
scom = true
used_laser = true
21> ambulate
p
  "You would collide with the "
  a cmd="CONTEMPLATE WORKBENCH"
    "WORKBENCH"
  "!"
dir = "NORTH"
hit_WORKBENCH = 1
hunger = 2
laser = true
loc = "LIVING ROOM"
scom = true
used_laser = true
22> look
p
  "You are standing in the "
  a cmd="CONTEMPLATE LIVING ROOM"
    "LIVING ROOM"
  " facing the "
  a cmd="CONTEMPLATE WORKBENCH"
    "WORKBENCH"
  ". From here you could "
  a cmd="ROTATE LEFT"
    "ROTATE LEFT"
  " to face the "
  a cmd="CONTEMPLATE FRONT DOOR"
    "FRONT DOOR"
  " or "
  a cmd="ROTATE RIGHT"
    "ROTATE RIGHT"
  " to face the "
  a cmd="CONTEMPLATE KITCHEN"
    "KITCHEN"
  "."
p
  "On the "
  a cmd="CONTEMPLATE WORKBENCH"
    "WORKBENCH"
  " is a "
  a cmd="CONTEMPLATE SOLDERING TOOL"
    "SOLDERING TOOL"
  ". There is a charred hole in the "
  a cmd="CONTEMPLATE WORKBENCH"
    "WORKBENCH"
  "."
p
  "You could "
  a cmd="OPERATE THE WORKBENCH"
    "OPERATE THE WORKBENCH"
  " or "
  a cmd="COMMUNICATE ABOUT THE WORKBENCH"
    "COMMUNICATE ABOUT THE WORKBENCH"
  "."
dir = "NORTH"
hit_WORKBENCH = 1
hunger = 2
laser = true
loc = "LIVING ROOM"
scom = true
used_laser = true
23> ambulate to living room
p
  "You are already standing in the "
  a cmd="CONTEMPLATE LIVING ROOM"
    "LIVING ROOM"
  "!"
dir = "NORTH"
hit_WORKBENCH = 1
hunger = 2
laser = true
loc = "LIVING ROOM"
scom = true
used_laser = true
24> look
p
  "You are standing in the "
  a cmd="CONTEMPLATE LIVING ROOM"
    "LIVING ROOM"
  " facing the "
  a cmd="CONTEMPLATE WORKBENCH"
    "WORKBENCH"
  ". From here you could "
  a cmd="ROTATE LEFT"
    "ROTATE LEFT"
  " to face the "
  a cmd="CONTEMPLATE FRONT DOOR"
    "FRONT DOOR"
  " or "
  a cmd="ROTATE RIGHT"
    "ROTATE RIGHT"
  " to face the "
  a cmd="CONTEMPLATE KITCHEN"
    "KITCHEN"
  "."
p
  "On the "
  a cmd="CONTEMPLATE WORKBENCH"
    "WORKBENCH"
  " is a "
  a cmd="CONTEMPLATE SOLDERING TOOL"
    "SOLDERING TOOL"
  ". There is a charred hole in the "
  a cmd="CONTEMPLATE WORKBENCH"
    "WORKBENCH"
  "."
p
  "You could "
  a cmd="OPERATE THE WORKBENCH"
    "OPERATE THE WORKBENCH"
  " or "
  a cmd="COMMUNICATE ABOUT THE WORKBENCH"
    "COMMUNICATE ABOUT THE WORKBENCH"
  "."
dir = "NORTH"
hit_WORKBENCH = 1
hunger = 2
laser = true
loc = "LIVING ROOM"
scom = true
used_laser = true
25> rotate
p
  "You "
  a cmd="ROTATE RIGHT"
    "ROTATE RIGHT"
  "."
p
  "You are now facing the "
  a cmd="CONTEMPLATE KITCHEN"
    "KITCHEN"
  ". You could "
  a cmd="AMBULATE"
    "AMBULATE"
  " to go there."
p
  "From here you could "
  a cmd="ROTATE LEFT"
    "ROTATE LEFT"
  " to face the "
  a cmd="CONTEMPLATE WORKBENCH"
    "WORKBENCH"
  " or "
  a cmd="ROTATE RIGHT"
    "ROTATE RIGHT"
  " to face the "
  a cmd="CONTEMPLATE FUTON"
    "FUTON"
  "."
dir = "EAST"
hit_WORKBENCH = 1
hunger = 3
laser = true
loc = "LIVING ROOM"
scom = true
used_laser = true
26> ambulate
p
  "You "
  a cmd="AMBULATE"
    "AMBULATE"
  " to the "
  a cmd="CONTEMPLATE KITCHEN"
    "KITCHEN"
  "."
p
  "You are now facing the "
  a cmd="CONTEMPLATE CUPBOARD"
    "CUPBOARD"
  ". From here you could "
  a cmd="ROTATE LEFT"
    "ROTATE LEFT"
  " to face the "
  a cmd="CONTEMPLATE WINDOW"
    "WINDOW"
  " or "
  a cmd="ROTATE RIGHT"
    "ROTATE RIGHT"
  " to face the "
  a cmd="CONTEMPLATE REFRIGERATOR"
    "REFRIGERATOR"
  "."
p
  "The "
  a cmd="CONTEMPLATE CUPBOARD"
    "CUPBOARD"
  " is closed."
p
  "There could be something delicious in the "
  a cmd="CONTEMPLATE CUPBOARD"
    "CUPBOARD"
  "."
dir = "EAST"
hit_WORKBENCH = 1
hunger = 4
laser = true
loc = "KITCHEN"
scom = true
used_laser = true
27> operate cupboard
p
  "You "
  a cmd="OPERATE THE CUPBOARD"
    "OPERATE THE CUPBOARD"
  ". The "
  a cmd="CONTEMPLATE CUPBOARD"
    "CUPBOARD"
  " is now open."
p
  "There is nothing in the "
  a cmd="CONTEMPLATE CUPBOARD"
    "CUPBOARD"
  "!"
dir = "EAST"
hit_WORKBENCH = 1
hunger = 4
is_CUPBOARD_open = true
laser = true
loc = "KITCHEN"
scom = true
used_laser = true
28> look
p
  "You are standing in the "
  a cmd="CONTEMPLATE KITCHEN"
    "KITCHEN"
  " facing the "
  a cmd="CONTEMPLATE CUPBOARD"
    "CUPBOARD"
  ". From here you could "
  a cmd="ROTATE LEFT"
    "ROTATE LEFT"
  " to face the "
  a cmd="CONTEMPLATE WINDOW"
    "WINDOW"
  " or "
  a cmd="ROTATE RIGHT"
    "ROTATE RIGHT"
  " to face the "
  a cmd="CONTEMPLATE REFRIGERATOR"
    "REFRIGERATOR"
  "."
p
  "The "
  a cmd="CONTEMPLATE CUPBOARD"
    "CUPBOARD"
  " is open. There is nothing in the "
  a cmd="CONTEMPLATE CUPBOARD"
    "CUPBOARD"
  "."
p
  "You could "
  a cmd="OPERATE THE CUPBOARD"
    "OPERATE THE CUPBOARD"
  " or "
  a cmd="COMMUNICATE ABOUT THE CUPBOARD"
    "COMMUNICATE ABOUT THE CUPBOARD"
  "."
dir = "EAST"
hit_WORKBENCH = 1
hunger = 4
is_CUPBOARD_open = true
laser = true
loc = "KITCHEN"
scom = true
used_laser = true
29> operate cupboard
p
  "You "
  a cmd="OPERATE THE CUPBOARD"
    "OPERATE THE CUPBOARD"
  ". The "
  a cmd="CONTEMPLATE CUPBOARD"
    "CUPBOARD"
  " is now closed."
dir = "EAST"
hit_WORKBENCH = 1
hunger = 4
is_CUPBOARD_open = false
laser = true
loc = "KITCHEN"
scom = true
used_laser = true
30> operate cupboard
p
  "You "
  a cmd="OPERATE THE CUPBOARD"
    "OPERATE THE CUPBOARD"
  ". The "
  a cmd="CONTEMPLATE CUPBOARD"
    "CUPBOARD"
  " is now open."
p
  "There is nothing in the "
  a cmd="CONTEMPLATE CUPBOARD"
    "CUPBOARD"
  "!"
dir = "EAST"
hit_WORKBENCH = 1
hunger = 4
is_CUPBOARD_open = true
laser = true
loc = "KITCHEN"
scom = true
used_laser = true
31> look in cupboard
p
  "“IN CUPBOARD” is not a valid thing! You can tell because it does not turn blue when you try to imagine it."
dir = "EAST"
hit_WORKBENCH = 1
hunger = 4
is_CUPBOARD_open = true
laser = true
loc = "KITCHEN"
scom = true
used_laser = true
32> look cupboard
p
  "You are standing in the "
  a cmd="CONTEMPLATE KITCHEN"
    "KITCHEN"
  " facing the "
  a cmd="CONTEMPLATE CUPBOARD"
    "CUPBOARD"
  ". From here you could "
  a cmd="ROTATE LEFT"
    "ROTATE LEFT"
  " to face the "
  a cmd="CONTEMPLATE WINDOW"
    "WINDOW"
  " or "
  a cmd="ROTATE RIGHT"
    "ROTATE RIGHT"
  " to face the "
  a cmd="CONTEMPLATE REFRIGERATOR"
    "REFRIGERATOR"
  "."
p
  "The "
  a cmd="CONTEMPLATE CUPBOARD"
    "CUPBOARD"
  " is open. There is nothing in the "
  a cmd="CONTEMPLATE CUPBOARD"
    "CUPBOARD"
  "."
p
  "You could "
  a cmd="OPERATE THE CUPBOARD"
    "OPERATE THE CUPBOARD"
  " or "
  a cmd="COMMUNICATE ABOUT THE CUPBOARD"
    "COMMUNICATE ABOUT THE CUPBOARD"
  "."
dir = "EAST"
hit_WORKBENCH = 1
hunger = 4
is_CUPBOARD_open = true
laser = true
loc = "KITCHEN"
scom = true
used_laser = true
33> communicate with sweetie about the cupboard
p
  "“Sorry, I think I ate the last of the triple-As on my way out this morning. Unless you put some in the "
  a cmd="CONTEMPLATE REFRIGERATOR"
    "REFRIGERATOR"
  "?”"
dir = "EAST"
hit_WORKBENCH = 1
hunger = 4
is_CUPBOARD_open = true
laser = true
loc = "KITCHEN"
scom = true
used_laser = true
34> operate refrigerator
p
  "You could "
  a cmd="AMBULATE TO THE REFRIGERATOR"
    "AMBULATE TO THE REFRIGERATOR"
  "."
dir = "EAST"
hit_WORKBENCH = 1
hunger = 4
is_CUPBOARD_open = true
laser = true
loc = "KITCHEN"
scom = true
used_laser = true
35> ambulate to the refrigerator
p
  "You "
  a cmd="ROTATE RIGHT"
    "ROTATE RIGHT"
  "."
p
  "You are now facing the "
  a cmd="CONTEMPLATE REFRIGERATOR"
    "REFRIGERATOR"
  ". From here you could "
  a cmd="ROTATE LEFT"
    "ROTATE LEFT"
  " to face the "
  a cmd="CONTEMPLATE CUPBOARD"
    "CUPBOARD"
  " or "
  a cmd="ROTATE RIGHT"
    "ROTATE RIGHT"
  " to face the "
  a cmd="CONTEMPLATE LIVING ROOM"
    "LIVING ROOM"
  "."
p
  "The "
  a cmd="CONTEMPLATE REFRIGERATOR"
    "REFRIGERATOR"
  " is closed."
dir = "SOUTH"
hit_WORKBENCH = 1
hunger = 5
is_CUPBOARD_open = true
laser = true
loc = "KITCHEN"
scom = true
used_laser = true
36> operate refrigerator
p
  "You "
  a cmd="OPERATE THE REFRIGERATOR"
    "OPERATE THE REFRIGERATOR"
  ". The "
  a cmd="CONTEMPLATE REFRIGERATOR"
    "REFRIGERATOR"
  " is now open."
p
  "A swarm of "
  a cmd="CONTEMPLATE BUGS"
    "BUGS"
  " flies out!"
--MORE--
p
  "The "
  a cmd="CONTEMPLATE BUGS"
    "BUGS"
  " emit an uncanny chittering noise!"
--MORE--
p
  "The noise resolves itself into words:"
--MORE--
p
  "“YES THANK YOU SO MUCH IT WAS GETTING SO CROWDED IN THERE!”"
--MORE--
p
  "Every cubic centimeter of the "
  a cmd="CONTEMPLATE REFRIGERATOR"
    "REFRIGERATOR"
  " is packed with complex matrix of unidentified semi-transparent organic matter. It must be some kind of "
  a cmd="CONTEMPLATE HIVE"
    "HIVE"
  ". It is riddled with "
  a cmd="CONTEMPLATE BUGS"
    "BUGS"
  "!"
--MORE--
p
  "The entire apartment is now crawling with "
  a cmd="CONTEMPLATE BUGS"
    "BUGS"
  "!"
--MORE--
p
  "The "
  a cmd="CONTEMPLATE REFRIGERATOR"
    "REFRIGERATOR"
  " does not want to stay open on its own! You hold it open for now."
bugs = true
dir = "SOUTH"
hit_WORKBENCH = 1
is_CUPBOARD_open = true
is_REFRIGERATOR_open = true
laser = true
loc = "KITCHEN"
saw_bad_FRONT_DOOR = true
saw_bad_REFRIGERATOR = true
saw_bad_WINDOW = true
saw_good_CUPBOARD = true
saw_good_REFRIGERATOR = true
saw_you_good_REFRIGERATOR = true
scom = true
used_laser = true
37> shoot bugs
p
  "You "
  a cmd="OPERATE THE LASER"
    "OPERATE THE LASER"
  ". The beam strikes the "
  a cmd="CONTEMPLATE HIVE"
    "H"
  "... wait, what is this?"
--MORE--
p
  "The "
  a cmd="CONTEMPLATE BUGS"
    "BUGS"
  " are flying into the path of the beam!"
--MORE--
p
  "As each bug reaches the beam it bursts into flames!"
--MORE--
p
  "In your surprise, you cease to "
  a cmd="OPERATE THE LASER"
    "OPERATE THE LASER"
  "."
bugs = true
dir = "SOUTH"
hit_HIVE = 1
hit_WORKBENCH = 1
is_CUPBOARD_open = true
is_REFRIGERATOR_open = true
laser = true
loc = "KITCHEN"
saw_bad_FRONT_DOOR = true
saw_bad_REFRIGERATOR = true
saw_bad_WINDOW = true
saw_good_CUPBOARD = true
saw_good_REFRIGERATOR = true
saw_laser = true
saw_you_good_REFRIGERATOR = true
scom = true
used_laser = true
38> contemplate bugs
p
  "The "
  a cmd="CONTEMPLATE BUGS"
    "BUGS"
  " are everywhere!"
p
  "You could "
  a cmd="COMMUNICATE WITH THE BUGS"
    "COMMUNICATE WITH THE BUGS"
  "."
bugs = true
dir = "SOUTH"
hit_HIVE = 1
hit_WORKBENCH = 1
is_CUPBOARD_open = true
is_REFRIGERATOR_open = true
laser = true
loc = "KITCHEN"
saw_bad_FRONT_DOOR = true
saw_bad_REFRIGERATOR = true
saw_bad_WINDOW = true
saw_good_CUPBOARD = true
saw_good_REFRIGERATOR = true
saw_laser = true
saw_you_good_REFRIGERATOR = true
scom = true
used_laser = true
39> communicate with the bugs
p
  "You could "
  a cmd="COMMUNICATE WITH THE BUGS ABOUT THE REFRIGERATOR"
    "COMMUNICATE WITH THE BUGS ABOUT THE REFRIGERATOR"
  "."
bugs = true
dir = "SOUTH"
hit_HIVE = 1
hit_WORKBENCH = 1
is_CUPBOARD_open = true
is_REFRIGERATOR_open = true
laser = true
loc = "KITCHEN"
saw_bad_FRONT_DOOR = true
saw_bad_REFRIGERATOR = true
saw_bad_WINDOW = true
saw_good_CUPBOARD = true
saw_good_REFRIGERATOR = true
saw_laser = true
saw_you_good_REFRIGERATOR = true
scom = true
used_laser = true
40> communicate with the bugs about the refrigerator
p
  "“YES THE "
  a cmd="CONTEMPLATE REFRIGERATOR"
    "REFRIGERATOR"
  " IS WHERE OUR CIVILIZATION EVOLVED. IT WILL ALWAYS BE OUR NATIVE LAND! UNFORTUNATELY WE HAVE NOT BEEN ABLE TO ESTABLISH A FOOD SUPPLY ROUTE. OUR CIVILIZATION IS DOOMED. THANK YOU SO MUCH FOR ASKING!”"
bugs = true
dir = "SOUTH"
hit_HIVE = 1
hit_WORKBENCH = 1
is_CUPBOARD_open = true
is_REFRIGERATOR_open = true
laser = true
loc = "KITCHEN"
saw_bad_FRONT_DOOR = true
saw_bad_REFRIGERATOR = true
saw_bad_WINDOW = true
saw_good_CUPBOARD = true
saw_good_REFRIGERATOR = true
saw_laser = true
saw_you_good_REFRIGERATOR = true
scom = true
shoo_REFRIGERATOR = true
used_laser = true
41> communicate with the bugs about the queen
p
  "“YES THE "
  a cmd="CONTEMPLATE HIVE"
    "HIVE"
  " HAS BEEN OUR HOME FOR GENERATIONS. UNFORTUNATELY THE "
  a cmd="CONTEMPLATE REFRIGERATOR"
    "REFRIGERATOR"
  "’S NATURAL RESOURCES HAVE BEEN DEPLETED. WE MUST ESTABLISH A CONTINUOUS SUPPLY OF DELICIOUS NUTRIENTS OR OUR CIVILIZATION IS DOOMED. THANK YOU SO MUCH FOR YOUR ASSISTANCE!”"
bugs = true
dir = "SOUTH"
hit_HIVE = 1
hit_WORKBENCH = 1
is_CUPBOARD_open = true
is_REFRIGERATOR_open = true
laser = true
loc = "KITCHEN"
saw_bad_FRONT_DOOR = true
saw_bad_REFRIGERATOR = true
saw_bad_WINDOW = true
saw_good_CUPBOARD = true
saw_good_REFRIGERATOR = true
saw_laser = true
saw_you_good_REFRIGERATOR = true
scom = true
shoo_HIVE = true
shoo_REFRIGERATOR = true
used_laser = true
42> contemplate queen
p
  "The "
  a cmd="CONTEMPLATE HIVE"
    "HIVE"
  " is in the "
  a cmd="CONTEMPLATE REFRIGERATOR"
    "REFRIGERATOR"
  "."
p
  "The "
  a cmd="CONTEMPLATE HIVE"
    "HIVE"
  " is crawling with "
  a cmd="CONTEMPLATE BUGS"
    "BUGS"
  "!"
p
  "You could "
  a cmd="COMMUNICATE ABOUT THE HIVE"
    "COMMUNICATE ABOUT THE HIVE"
  "."
bugs = true
dir = "SOUTH"
hit_HIVE = 1
hit_WORKBENCH = 1
is_CUPBOARD_open = true
is_REFRIGERATOR_open = true
laser = true
loc = "KITCHEN"
saw_bad_FRONT_DOOR = true
saw_bad_REFRIGERATOR = true
saw_bad_WINDOW = true
saw_good_CUPBOARD = true
saw_good_REFRIGERATOR = true
saw_laser = true
saw_you_good_REFRIGERATOR = true
scom = true
shoo_HIVE = true
shoo_REFRIGERATOR = true
used_laser = true
43> communicate with queen
p
  "You could "
  a cmd="COMMUNICATE WITH THE BUGS ABOUT THE HIVE"
    "COMMUNICATE WITH THE BUGS ABOUT THE HIVE"
  " or "
  a cmd="COMMUNICATE WITH SWEETIE ABOUT THE HIVE"
    "COMMUNICATE WITH SWEETIE ABOUT THE HIVE"
  "."
bugs = true
dir = "SOUTH"
hit_HIVE = 1
hit_WORKBENCH = 1
is_CUPBOARD_open = true
is_REFRIGERATOR_open = true
laser = true
loc = "KITCHEN"
saw_bad_FRONT_DOOR = true
saw_bad_REFRIGERATOR = true
saw_bad_WINDOW = true
saw_good_CUPBOARD = true
saw_good_REFRIGERATOR = true
saw_laser = true
saw_you_good_REFRIGERATOR = true
scom = true
shoo_HIVE = true
shoo_REFRIGERATOR = true
used_laser = true
44> communicate with sweetie about the queen
p
  "“"
  a cmd="CONTEMPLATE BUGS"
    "BUGS"
  "? Oh dear! I guess there is no question of keeping anything in the "
  a cmd="CONTEMPLATE REFRIGERATOR"
    "REFRIGERATOR"
  " anymore. What about the "
  a cmd="CONTEMPLATE FUTON"
    "FUTON"
  "? Have the "
  a cmd="CONTEMPLATE BUGS"
    "BUGS"
  " gotten to it?”"
bugs = true
dir = "SOUTH"
hit_HIVE = 1
hit_WORKBENCH = 1
is_CUPBOARD_open = true
is_REFRIGERATOR_open = true
laser = true
loc = "KITCHEN"
saw_bad_FRONT_DOOR = true
saw_bad_REFRIGERATOR = true
saw_bad_WINDOW = true
saw_good_CUPBOARD = true
saw_good_REFRIGERATOR = true
saw_laser = true
saw_you_good_REFRIGERATOR = true
sbugs = true
scom = true
shoo_HIVE = true
shoo_REFRIGERATOR = true
told_HIVE = true
used_laser = true
45> i
p
  "“I” is not a valid command! You could "
  a cmd="ENUMERATE"
    "ENUMERATE"
  " valid commands."
bugs = true
dir = "SOUTH"
hit_HIVE = 1
hit_WORKBENCH = 1
is_CUPBOARD_open = true
is_REFRIGERATOR_open = true
laser = true
loc = "KITCHEN"
saw_bad_FRONT_DOOR = true
saw_bad_REFRIGERATOR = true
saw_bad_WINDOW = true
saw_good_CUPBOARD = true
saw_good_REFRIGERATOR = true
saw_laser = true
saw_you_good_REFRIGERATOR = true
sbugs = true
scom = true
shoo_HIVE = true
shoo_REFRIGERATOR = true
told_HIVE = true
used_laser = true
46> enumerate
p
  "Valid commands include: "
  a cmd="ENUMERATE"
    "ENUMERATE"
  ", "
  a cmd="AMBULATE"
    "AMBULATE"
  ", "
  a cmd="ROTATE"
    "ROTATE"
  ", "
  a cmd="CONTEMPLATE"
    "CONTEMPLATE"
  ", "
  a cmd="OPERATE"
    "OPERATE"
  ", "
  a cmd="COMMUNICATE"
    "COMMUNICATE"
  "."
bugs = true
dir = "SOUTH"
hit_HIVE = 1
hit_WORKBENCH = 1
is_CUPBOARD_open = true
is_REFRIGERATOR_open = true
laser = true
loc = "KITCHEN"
saw_bad_FRONT_DOOR = true
saw_bad_REFRIGERATOR = true
saw_bad_WINDOW = true
saw_good_CUPBOARD = true
saw_good_REFRIGERATOR = true
saw_laser = true
saw_you_good_REFRIGERATOR = true
sbugs = true
scom = true
shoo_HIVE = true
shoo_REFRIGERATOR = true
told_HIVE = true
used_laser = true
47> operate
p
  "You could "
  a cmd="OPERATE THE REFRIGERATOR"
    "OPERATE THE REFRIGERATOR"
  " or "
  a cmd="OPERATE THE LASER"
    "OPERATE THE LASER"
  "."
bugs = true
dir = "SOUTH"
hit_HIVE = 1
hit_WORKBENCH = 1
is_CUPBOARD_open = true
is_REFRIGERATOR_open = true
laser = true
loc = "KITCHEN"
saw_bad_FRONT_DOOR = true
saw_bad_REFRIGERATOR = true
saw_bad_WINDOW = true
saw_good_CUPBOARD = true
saw_good_REFRIGERATOR = true
saw_laser = true
saw_you_good_REFRIGERATOR = true
sbugs = true
scom = true
shoo_HIVE = true
shoo_REFRIGERATOR = true
told_HIVE = true
used_laser = true
48> operate the refrigerator
p
  "You "
  a cmd="OPERATE THE REFRIGERATOR"
    "OPERATE THE REFRIGERATOR"
  ". The "
  a cmd="CONTEMPLATE REFRIGERATOR"
    "REFRIGERATOR"
  " is now closed."
p
  "“EXCUSE US BUT SOMETHING HORRIBLE HAS JUST HAPPENED! WE ARE NO LONGER ABLE TO GET BACK INTO THE "
  a cmd="CONTEMPLATE REFRIGERATOR"
    "REFRIGERATOR"
  "!”"
bugs = true
dir = "SOUTH"
hit_HIVE = 1
hit_WORKBENCH = 1
is_CUPBOARD_open = true
is_REFRIGERATOR_open = false
laser = true
loc = "KITCHEN"
saw_bad_FRONT_DOOR = true
saw_bad_REFRIGERATOR = true
saw_bad_WINDOW = true
saw_good_CUPBOARD = true
saw_good_REFRIGERATOR = true
saw_laser = true
saw_you_bad_REFRIGERATOR = true
saw_you_good_REFRIGERATOR = true
sbugs = true
scom = true
shoo_HIVE = true
shoo_REFRIGERATOR = true
told_HIVE = true
used_laser = true
49> look
p
  "You are standing in the "
  a cmd="CONTEMPLATE KITCHEN"
    "KITCHEN"
  " facing the "
  a cmd="CONTEMPLATE REFRIGERATOR"
    "REFRIGERATOR"
  ". From here you could "
  a cmd="ROTATE LEFT"
    "ROTATE LEFT"
  " to face the "
  a cmd="CONTEMPLATE CUPBOARD"
    "CUPBOARD"
  " or "
  a cmd="ROTATE RIGHT"
    "ROTATE RIGHT"
  " to face the "
  a cmd="CONTEMPLATE LIVING ROOM"
    "LIVING ROOM"
  "."
p
  "The "
  a cmd="CONTEMPLATE REFRIGERATOR"
    "REFRIGERATOR"
  " is closed."
p
  "The "
  a cmd="CONTEMPLATE REFRIGERATOR"
    "REFRIGERATOR"
  " is crawling with "
  a cmd="CONTEMPLATE BUGS"
    "BUGS"
  "!"
p
  "You could "
  a cmd="OPERATE THE REFRIGERATOR"
    "OPERATE THE REFRIGERATOR"
  " or "
  a cmd="COMMUNICATE ABOUT THE REFRIGERATOR"
    "COMMUNICATE ABOUT THE REFRIGERATOR"
  "."
bugs = true
dir = "SOUTH"
hit_HIVE = 1
hit_WORKBENCH = 1
is_CUPBOARD_open = true
is_REFRIGERATOR_open = false
laser = true
loc = "KITCHEN"
saw_bad_FRONT_DOOR = true
saw_bad_REFRIGERATOR = true
saw_bad_WINDOW = true
saw_good_CUPBOARD = true
saw_good_REFRIGERATOR = true
saw_laser = true
saw_you_bad_REFRIGERATOR = true
saw_you_good_REFRIGERATOR = true
sbugs = true
scom = true
shoo_HIVE = true
shoo_REFRIGERATOR = true
told_HIVE = true
used_laser = true
50> contemplate
p
  "You are standing in the "
  a cmd="CONTEMPLATE KITCHEN"
    "KITCHEN"
  " facing the "
  a cmd="CONTEMPLATE REFRIGERATOR"
    "REFRIGERATOR"
  ". From here you could "
  a cmd="ROTATE LEFT"
    "ROTATE LEFT"
  " to face the "
  a cmd="CONTEMPLATE CUPBOARD"
    "CUPBOARD"
  " or "
  a cmd="ROTATE RIGHT"
    "ROTATE RIGHT"
  " to face the "
  a cmd="CONTEMPLATE LIVING ROOM"
    "LIVING ROOM"
  "."
p
  "The "
  a cmd="CONTEMPLATE REFRIGERATOR"
    "REFRIGERATOR"
  " is closed."
p
  "The "
  a cmd="CONTEMPLATE REFRIGERATOR"
    "REFRIGERATOR"
  " is crawling with "
  a cmd="CONTEMPLATE BUGS"
    "BUGS"
  "!"
p
  "You could "
  a cmd="OPERATE THE REFRIGERATOR"
    "OPERATE THE REFRIGERATOR"
  " or "
  a cmd="COMMUNICATE ABOUT THE REFRIGERATOR"
    "COMMUNICATE ABOUT THE REFRIGERATOR"
  "."
bugs = true
dir = "SOUTH"
hit_HIVE = 1
hit_WORKBENCH = 1
is_CUPBOARD_open = true
is_REFRIGERATOR_open = false
laser = true
loc = "KITCHEN"
saw_bad_FRONT_DOOR = true
saw_bad_REFRIGERATOR = true
saw_bad_WINDOW = true
saw_good_CUPBOARD = true
saw_good_REFRIGERATOR = true
saw_laser = true
saw_you_bad_REFRIGERATOR = true
saw_you_good_REFRIGERATOR = true
sbugs = true
scom = true
shoo_HIVE = true
shoo_REFRIGERATOR = true
told_HIVE = true
used_laser = true
51> rotate
p
  "You "
  a cmd="ROTATE RIGHT"
    "ROTATE RIGHT"
  "."
p
  "You are now facing the "
  a cmd="CONTEMPLATE LIVING ROOM"
    "LIVING ROOM"
  ". You could "
  a cmd="AMBULATE"
    "AMBULATE"
  " to go there."
p
  "From here you could "
  a cmd="ROTATE LEFT"
    "ROTATE LEFT"
  " to face the "
  a cmd="CONTEMPLATE REFRIGERATOR"
    "REFRIGERATOR"
  " or "
  a cmd="ROTATE RIGHT"
    "ROTATE RIGHT"
  " to face the "
  a cmd="CONTEMPLATE WINDOW"
    "WINDOW"
  "."
p
  "The "
  a cmd="CONTEMPLATE LIVING ROOM"
    "LIVING ROOM"
  " is crawling with "
  a cmd="CONTEMPLATE BUGS"
    "BUGS"
  "!"
bugs = true
dir = "WEST"
fret_age = 1
hit_HIVE = 1
hit_WORKBENCH = 1
is_CUPBOARD_open = true
is_REFRIGERATOR_open = false
laser = true
loc = "KITCHEN"
saw_bad_FRONT_DOOR = true
saw_bad_REFRIGERATOR = true
saw_bad_WINDOW = true
saw_good_CUPBOARD = true
saw_good_REFRIGERATOR = true
saw_laser = true
saw_you_bad_REFRIGERATOR = true
saw_you_good_REFRIGERATOR = true
sbugs = true
scom = true
shoo_HIVE = true
shoo_REFRIGERATOR = true
told_HIVE = true
used_laser = true
52> rotate
p
  "You "
  a cmd="ROTATE RIGHT"
    "ROTATE RIGHT"
  "."
p
  "You are now facing the "
  a cmd="CONTEMPLATE WINDOW"
    "WINDOW"
  ". From here you could "
  a cmd="ROTATE LEFT"
    "ROTATE LEFT"
  " to face the "
  a cmd="CONTEMPLATE LIVING ROOM"
    "LIVING ROOM"
  " or "
  a cmd="ROTATE RIGHT"
    "ROTATE RIGHT"
  " to face the "
  a cmd="CONTEMPLATE CUPBOARD"
    "CUPBOARD"
  "."
p
  "The "
  a cmd="CONTEMPLATE WINDOW"
    "WINDOW"
  " is closed. Through the "
  a cmd="CONTEMPLATE WINDOW"
    "WINDOW"
  " you see a "
  a cmd="CONTEMPLATE TREE"
    "TREE"
  "."
p
  "The "
  a cmd="CONTEMPLATE WINDOW"
    "WINDOW"
  " is crawling with "
  a cmd="CONTEMPLATE BUGS"
    "BUGS"
  "!"
bugs = true
dir = "NORTH"
fret_age = 2
hit_HIVE = 1
hit_WORKBENCH = 1
is_CUPBOARD_open = true
is_REFRIGERATOR_open = false
laser = true
loc = "KITCHEN"
saw_bad_FRONT_DOOR = true
saw_bad_REFRIGERATOR = true
saw_bad_WINDOW = true
saw_good_CUPBOARD = true
saw_good_REFRIGERATOR = true
saw_laser = true
saw_you_bad_REFRIGERATOR = true
saw_you_good_REFRIGERATOR = true
sbugs = true
scom = true
shoo_HIVE = true
shoo_REFRIGERATOR = true
told_HIVE = true
used_laser = true
53> operate window
p
  "You "
  a cmd="OPERATE THE WINDOW"
    "OPERATE THE WINDOW"
  "."
p
  "The "
  a cmd="CONTEMPLATE WINDOW"
    "WINDOW"
  " does not want to stay open on its own! You hold it open for now."
p
  "Some of the "
  a cmd="CONTEMPLATE BUGS"
    "BUGS"
  " fly out the "
  a cmd="CONTEMPLATE WINDOW"
    "WINDOW"
  "! Soon there are "
  a cmd="CONTEMPLATE BUGS"
    "BUGS"
  " flying back and forth between the "
  a cmd="CONTEMPLATE REFRIGERATOR"
    "REFRIGERATOR"
  " and the "
  a cmd="CONTEMPLATE TREE"
    "TREE"
  "."
bugs = true
dir = "NORTH"
fret_age = 2
hit_HIVE = 1
hit_WORKBENCH = 1
is_CUPBOARD_open = true
is_REFRIGERATOR_open = false
is_WINDOW_open = true
laser = true
loc = "KITCHEN"
saw_bad_FRONT_DOOR = true
saw_bad_REFRIGERATOR = true
saw_bad_WINDOW = true
saw_good_CUPBOARD = true
saw_good_REFRIGERATOR = true
saw_good_WINDOW = true
saw_laser = true
saw_you_bad_REFRIGERATOR = true
saw_you_good_REFRIGERATOR = true
saw_you_good_WINDOW = true
sbugs = true
scom = true
shoo_HIVE = true
shoo_REFRIGERATOR = true
told_HIVE = true
used_laser = true
54> contemplate window
p
  "You are standing in the "
  a cmd="CONTEMPLATE KITCHEN"
    "KITCHEN"
  " facing the "
  a cmd="CONTEMPLATE WINDOW"
    "WINDOW"
  ". From here you could "
  a cmd="ROTATE LEFT"
    "ROTATE LEFT"
  " to face the "
  a cmd="CONTEMPLATE LIVING ROOM"
    "LIVING ROOM"
  " or "
  a cmd="ROTATE RIGHT"
    "ROTATE RIGHT"
  " to face the "
  a cmd="CONTEMPLATE CUPBOARD"
    "CUPBOARD"
  "."
p
  "The "
  a cmd="CONTEMPLATE WINDOW"
    "WINDOW"
  " is open. Through the "
  a cmd="CONTEMPLATE WINDOW"
    "WINDOW"
  " you see a "
  a cmd="CONTEMPLATE TREE"
    "TREE"
  "."
p
  "The "
  a cmd="CONTEMPLATE WINDOW"
    "WINDOW"
  " is crawling with "
  a cmd="CONTEMPLATE BUGS"
    "BUGS"
  "!"
p
  "You could "
  a cmd="OPERATE THE WINDOW"
    "OPERATE THE WINDOW"
  " or "
  a cmd="COMMUNICATE ABOUT THE WINDOW"
    "COMMUNICATE ABOUT THE WINDOW"
  "."
bugs = true
dir = "NORTH"
fret_age = 2
hit_HIVE = 1
hit_WORKBENCH = 1
is_CUPBOARD_open = true
is_REFRIGERATOR_open = false
is_WINDOW_open = true
laser = true
loc = "KITCHEN"
saw_bad_FRONT_DOOR = true
saw_bad_REFRIGERATOR = true
saw_bad_WINDOW = true
saw_good_CUPBOARD = true
saw_good_REFRIGERATOR = true
saw_good_WINDOW = true
saw_laser = true
saw_you_bad_REFRIGERATOR = true
saw_you_good_REFRIGERATOR = true
saw_you_good_WINDOW = true
sbugs = true
scom = true
shoo_HIVE = true
shoo_REFRIGERATOR = true
told_HIVE = true
used_laser = true
55> communicate about the window
p
  "You could "
  a cmd="COMMUNICATE WITH THE BUGS ABOUT THE WINDOW"
    "COMMUNICATE WITH THE BUGS ABOUT THE WINDOW"
  " or "
  a cmd="COMMUNICATE WITH SWEETIE ABOUT THE WINDOW"
    "COMMUNICATE WITH SWEETIE ABOUT THE WINDOW"
  "."
bugs = true
dir = "NORTH"
fret_age = 2
hit_HIVE = 1
hit_WORKBENCH = 1
is_CUPBOARD_open = true
is_REFRIGERATOR_open = false
is_WINDOW_open = true
laser = true
loc = "KITCHEN"
saw_bad_FRONT_DOOR = true
saw_bad_REFRIGERATOR = true
saw_bad_WINDOW = true
saw_good_CUPBOARD = true
saw_good_REFRIGERATOR = true
saw_good_WINDOW = true
saw_laser = true
saw_you_bad_REFRIGERATOR = true
saw_you_good_REFRIGERATOR = true
saw_you_good_WINDOW = true
sbugs = true
scom = true
shoo_HIVE = true
shoo_REFRIGERATOR = true
told_HIVE = true
used_laser = true
56> communicate with bugs about the window
p
  "“YES THIS IS OUR ONLY ROUTE TO THE DELECTABLE "
  a cmd="CONTEMPLATE TREE"
    "TREE"
  ", HOWEVER WE ARE UNABLE TO GET TO THE "
  a cmd="CONTEMPLATE HIVE"
    "HIVE"
  " FROM HERE. ALL IS LOST! THANK YOU FOR LISTENING.”"
bugs = true
dir = "NORTH"
fret_age = 2
hit_HIVE = 1
hit_WORKBENCH = 1
is_CUPBOARD_open = true
is_REFRIGERATOR_open = false
is_WINDOW_open = true
laser = true
loc = "KITCHEN"
saw_bad_FRONT_DOOR = true
saw_bad_REFRIGERATOR = true
saw_bad_WINDOW = true
saw_good_CUPBOARD = true
saw_good_REFRIGERATOR = true
saw_good_WINDOW = true
saw_laser = true
saw_you_bad_REFRIGERATOR = true
saw_you_good_REFRIGERATOR = true
saw_you_good_WINDOW = true
sbugs = true
scom = true
shoo_HIVE = true
shoo_REFRIGERATOR = true
shoo_WINDOW = true
told_HIVE = true
used_laser = true
57> contemplate tree
p
  "The "
  a cmd="CONTEMPLATE TREE"
    "TREE"
  " is outside the "
  a cmd="CONTEMPLATE WINDOW"
    "WINDOW"
  "."
p
  "The "
  a cmd="CONTEMPLATE TREE"
    "TREE"
  " is crawling with "
  a cmd="CONTEMPLATE BUGS"
    "BUGS"
  "!"
p
  "You could "
  a cmd="COMMUNICATE ABOUT THE TREE"
    "COMMUNICATE ABOUT THE TREE"
  "."
bugs = true
dir = "NORTH"
fret_age = 2
hit_HIVE = 1
hit_WORKBENCH = 1
is_CUPBOARD_open = true
is_REFRIGERATOR_open = false
is_WINDOW_open = true
laser = true
loc = "KITCHEN"
saw_bad_FRONT_DOOR = true
saw_bad_REFRIGERATOR = true
saw_bad_WINDOW = true
saw_good_CUPBOARD = true
saw_good_REFRIGERATOR = true
saw_good_WINDOW = true
saw_laser = true
saw_you_bad_REFRIGERATOR = true
saw_you_good_REFRIGERATOR = true
saw_you_good_WINDOW = true
sbugs = true
scom = true
shoo_HIVE = true
shoo_REFRIGERATOR = true
shoo_WINDOW = true
told_HIVE = true
used_laser = true
58> ambulate to the tree
p
  "You would collide with the "
  a cmd="CONTEMPLATE WINDOW"
    "WINDOW"
  "!"
bugs = true
dir = "NORTH"
fret_age = 2
hit_HIVE = 1
hit_WORKBENCH = 1
is_CUPBOARD_open = true
is_REFRIGERATOR_open = false
is_WINDOW_open = true
laser = true
loc = "KITCHEN"
saw_bad_FRONT_DOOR = true
saw_bad_REFRIGERATOR = true
saw_bad_WINDOW = true
saw_good_CUPBOARD = true
saw_good_REFRIGERATOR = true
saw_good_WINDOW = true
saw_laser = true
saw_you_bad_REFRIGERATOR = true
saw_you_good_REFRIGERATOR = true
saw_you_good_WINDOW = true
sbugs = true
scom = true
shoo_HIVE = true
shoo_REFRIGERATOR = true
shoo_WINDOW = true
told_HIVE = true
used_laser = true
59> communicate to queen about the tree
p
  "You could "
  a cmd="COMMUNICATE ABOUT THE HIVE"
    "COMMUNICATE ABOUT THE HIVE"
  " or "
  a cmd="COMMUNICATE ABOUT THE TREE"
    "COMMUNICATE ABOUT THE TREE"
  "."
bugs = true
dir = "NORTH"
fret_age = 2
hit_HIVE = 1
hit_WORKBENCH = 1
is_CUPBOARD_open = true
is_REFRIGERATOR_open = false
is_WINDOW_open = true
laser = true
loc = "KITCHEN"
saw_bad_FRONT_DOOR = true
saw_bad_REFRIGERATOR = true
saw_bad_WINDOW = true
saw_good_CUPBOARD = true
saw_good_REFRIGERATOR = true
saw_good_WINDOW = true
saw_laser = true
saw_you_bad_REFRIGERATOR = true
saw_you_good_REFRIGERATOR = true
saw_you_good_WINDOW = true
sbugs = true
scom = true
shoo_HIVE = true
shoo_REFRIGERATOR = true
shoo_WINDOW = true
told_HIVE = true
used_laser = true
60> contemplate tree
p
  "The "
  a cmd="CONTEMPLATE TREE"
    "TREE"
  " is outside the "
  a cmd="CONTEMPLATE WINDOW"
    "WINDOW"
  "."
p
  "The "
  a cmd="CONTEMPLATE TREE"
    "TREE"
  " is crawling with "
  a cmd="CONTEMPLATE BUGS"
    "BUGS"
  "!"
p
  "You could "
  a cmd="COMMUNICATE ABOUT THE TREE"
    "COMMUNICATE ABOUT THE TREE"
  "."
bugs = true
dir = "NORTH"
fret_age = 2
hit_HIVE = 1
hit_WORKBENCH = 1
is_CUPBOARD_open = true
is_REFRIGERATOR_open = false
is_WINDOW_open = true
laser = true
loc = "KITCHEN"
saw_bad_FRONT_DOOR = true
saw_bad_REFRIGERATOR = true
saw_bad_WINDOW = true
saw_good_CUPBOARD = true
saw_good_REFRIGERATOR = true
saw_good_WINDOW = true
saw_laser = true
saw_you_bad_REFRIGERATOR = true
saw_you_good_REFRIGERATOR = true
saw_you_good_WINDOW = true
sbugs = true
scom = true
shoo_HIVE = true
shoo_REFRIGERATOR = true
shoo_WINDOW = true
told_HIVE = true
used_laser = true
61> communicate about the tree
p
  "You could "
  a cmd="COMMUNICATE WITH THE BUGS ABOUT THE TREE"
    "COMMUNICATE WITH THE BUGS ABOUT THE TREE"
  " or "
  a cmd="COMMUNICATE WITH SWEETIE ABOUT THE TREE"
    "COMMUNICATE WITH SWEETIE ABOUT THE TREE"
  "."
bugs = true
dir = "NORTH"
fret_age = 2
hit_HIVE = 1
hit_WORKBENCH = 1
is_CUPBOARD_open = true
is_REFRIGERATOR_open = false
is_WINDOW_open = true
laser = true
loc = "KITCHEN"
saw_bad_FRONT_DOOR = true
saw_bad_REFRIGERATOR = true
saw_bad_WINDOW = true
saw_good_CUPBOARD = true
saw_good_REFRIGERATOR = true
saw_good_WINDOW = true
saw_laser = true
saw_you_bad_REFRIGERATOR = true
saw_you_good_REFRIGERATOR = true
saw_you_good_WINDOW = true
sbugs = true
scom = true
shoo_HIVE = true
shoo_REFRIGERATOR = true
shoo_WINDOW = true
told_HIVE = true
used_laser = true
62> rotate
p
  "You "
  a cmd="ROTATE RIGHT"
    "ROTATE RIGHT"
  "."
p
  "The "
  a cmd="CONTEMPLATE WINDOW"
    "WINDOW"
  " slides closed as you "
  a cmd="ROTATE"
    "ROTATE"
  " away."
p
  "“NO WAIT PLEASE THE "
  a cmd="CONTEMPLATE WINDOW"
    "WINDOW"
  " IS CLOSED NOW! HELP!”"
--MORE--
p
  "You are now facing the open "
  a cmd="CONTEMPLATE CUPBOARD"
    "CUPBOARD"
  ". From here you could "
  a cmd="ROTATE LEFT"
    "ROTATE LEFT"
  " to face the "
  a cmd="CONTEMPLATE WINDOW"
    "WINDOW"
  " or "
  a cmd="ROTATE RIGHT"
    "ROTATE RIGHT"
  " to face the "
  a cmd="CONTEMPLATE REFRIGERATOR"
    "REFRIGERATOR"
  "."
p
  "The "
  a cmd="CONTEMPLATE CUPBOARD"
    "CUPBOARD"
  " is open."
p
  "The "
  a cmd="CONTEMPLATE CUPBOARD"
    "CUPBOARD"
  " is crawling with "
  a cmd="CONTEMPLATE BUGS"
    "BUGS"
  "!"
bugs = true
dir = "EAST"
fret_age = 3
hit_HIVE = 1
hit_WORKBENCH = 1
is_CUPBOARD_open = true
is_REFRIGERATOR_open = false
is_WINDOW_open = false
laser = true
loc = "KITCHEN"
saw_bad_FRONT_DOOR = true
saw_bad_REFRIGERATOR = true
saw_bad_WINDOW = true
saw_good_CUPBOARD = true
saw_good_REFRIGERATOR = true
saw_good_WINDOW = true
saw_laser = true
saw_you_bad_REFRIGERATOR = true
saw_you_bad_WINDOW = true
saw_you_good_REFRIGERATOR = true
saw_you_good_WINDOW = true
sbugs = true
scom = true
shoo_HIVE = true
shoo_REFRIGERATOR = true
shoo_WINDOW = true
told_HIVE = true
used_laser = true
63> contemplate cupboard
p
  "You are standing in the "
  a cmd="CONTEMPLATE KITCHEN"
    "KITCHEN"
  " facing the "
  a cmd="CONTEMPLATE CUPBOARD"
    "CUPBOARD"
  ". From here you could "
  a cmd="ROTATE LEFT"
    "ROTATE LEFT"
  " to face the "
  a cmd="CONTEMPLATE WINDOW"
    "WINDOW"
  " or "
  a cmd="ROTATE RIGHT"
    "ROTATE RIGHT"
  " to face the "
  a cmd="CONTEMPLATE REFRIGERATOR"
    "REFRIGERATOR"
  "."
p
  "The "
  a cmd="CONTEMPLATE CUPBOARD"
    "CUPBOARD"
  " is open."
p
  "The "
  a cmd="CONTEMPLATE CUPBOARD"
    "CUPBOARD"
  " is crawling with "
  a cmd="CONTEMPLATE BUGS"
    "BUGS"
  "!"
p
  "You could "
  a cmd="OPERATE THE CUPBOARD"
    "OPERATE THE CUPBOARD"
  " or "
  a cmd="COMMUNICATE ABOUT THE CUPBOARD"
    "COMMUNICATE ABOUT THE CUPBOARD"
  "."
bugs = true
dir = "EAST"
fret_age = 3
hit_HIVE = 1
hit_WORKBENCH = 1
is_CUPBOARD_open = true
is_REFRIGERATOR_open = false
is_WINDOW_open = false
laser = true
loc = "KITCHEN"
saw_bad_FRONT_DOOR = true
saw_bad_REFRIGERATOR = true
saw_bad_WINDOW = true
saw_good_CUPBOARD = true
saw_good_REFRIGERATOR = true
saw_good_WINDOW = true
saw_laser = true
saw_you_bad_REFRIGERATOR = true
saw_you_bad_WINDOW = true
saw_you_good_REFRIGERATOR = true
saw_you_good_WINDOW = true
sbugs = true
scom = true
shoo_HIVE = true
shoo_REFRIGERATOR = true
shoo_WINDOW = true
told_HIVE = true
used_laser = true
64> rotate
p
  "You "
  a cmd="ROTATE RIGHT"
    "ROTATE RIGHT"
  "."
p
  "You are now facing the "
  a cmd="CONTEMPLATE REFRIGERATOR"
    "REFRIGERATOR"
  ". From here you could "
  a cmd="ROTATE LEFT"
    "ROTATE LEFT"
  " to face the "
  a cmd="CONTEMPLATE CUPBOARD"
    "CUPBOARD"
  " or "
  a cmd="ROTATE RIGHT"
    "ROTATE RIGHT"
  " to face the "
  a cmd="CONTEMPLATE LIVING ROOM"
    "LIVING ROOM"
  "."
p
  "The "
  a cmd="CONTEMPLATE REFRIGERATOR"
    "REFRIGERATOR"
  " is closed."
p
  "The "
  a cmd="CONTEMPLATE REFRIGERATOR"
    "REFRIGERATOR"
  " is crawling with "
  a cmd="CONTEMPLATE BUGS"
    "BUGS"
  "!"
p
  "You receive a text message from "
  a cmd="SWEETIE"
    "SWEETIE"
  "!"
p
  "“What about the "
  a cmd="CONTEMPLATE FUTON"
    "FUTON"
  "? Have the "
  a cmd="CONTEMPLATE BUGS"
    "BUGS"
  " gotten to it?”"
bugs = true
dir = "SOUTH"
hit_HIVE = 1
hit_WORKBENCH = 1
is_CUPBOARD_open = true
is_REFRIGERATOR_open = false
is_WINDOW_open = false
laser = true
loc = "KITCHEN"
saw_bad_FRONT_DOOR = true
saw_bad_REFRIGERATOR = true
saw_bad_WINDOW = true
saw_good_CUPBOARD = true
saw_good_REFRIGERATOR = true
saw_good_WINDOW = true
saw_laser = true
saw_you_bad_REFRIGERATOR = true
saw_you_bad_WINDOW = true
saw_you_good_REFRIGERATOR = true
saw_you_good_WINDOW = true
sbugs = true
scom = true
shoo_HIVE = true
shoo_REFRIGERATOR = true
shoo_WINDOW = true
told_HIVE = true
used_laser = true
65> rotate
p
  "You "
  a cmd="ROTATE RIGHT"
    "ROTATE RIGHT"
  "."
p
  "You are now facing the "
  a cmd="CONTEMPLATE LIVING ROOM"
    "LIVING ROOM"
  ". You could "
  a cmd="AMBULATE"
    "AMBULATE"
  " to go there."
p
  "From here you could "
  a cmd="ROTATE LEFT"
    "ROTATE LEFT"
  " to face the "
  a cmd="CONTEMPLATE REFRIGERATOR"
    "REFRIGERATOR"
  " or "
  a cmd="ROTATE RIGHT"
    "ROTATE RIGHT"
  " to face the "
  a cmd="CONTEMPLATE WINDOW"
    "WINDOW"
  "."
p
  "The "
  a cmd="CONTEMPLATE LIVING ROOM"
    "LIVING ROOM"
  " is crawling with "
  a cmd="CONTEMPLATE BUGS"
    "BUGS"
  "!"
bugs = true
dir = "WEST"
fret_age = 1
hit_HIVE = 1
hit_WORKBENCH = 1
is_CUPBOARD_open = true
is_REFRIGERATOR_open = false
is_WINDOW_open = false
laser = true
loc = "KITCHEN"
saw_bad_FRONT_DOOR = true
saw_bad_REFRIGERATOR = true
saw_bad_WINDOW = true
saw_good_CUPBOARD = true
saw_good_REFRIGERATOR = true
saw_good_WINDOW = true
saw_laser = true
saw_you_bad_REFRIGERATOR = true
saw_you_bad_WINDOW = true
saw_you_good_REFRIGERATOR = true
saw_you_good_WINDOW = true
sbugs = true
scom = true
shoo_HIVE = true
shoo_REFRIGERATOR = true
shoo_WINDOW = true
told_HIVE = true
used_laser = true
66> ambulate
p
  "You "
  a cmd="AMBULATE"
    "AMBULATE"
  " to the "
  a cmd="CONTEMPLATE LIVING ROOM"
    "LIVING ROOM"
  "."
p
  "You are now facing the "
  a cmd="CONTEMPLATE FRONT DOOR"
    "FRONT DOOR"
  ". From here you could "
  a cmd="ROTATE LEFT"
    "ROTATE LEFT"
  " to face the "
  a cmd="CONTEMPLATE FUTON"
    "FUTON"
  " or "
  a cmd="ROTATE RIGHT"
    "ROTATE RIGHT"
  " to face the "
  a cmd="CONTEMPLATE WORKBENCH"
    "WORKBENCH"
  "."
p
  "The "
  a cmd="CONTEMPLATE FRONT DOOR"
    "FRONT DOOR"
  " is closed."
p
  "The "
  a cmd="CONTEMPLATE FRONT DOOR"
    "FRONT DOOR"
  " is crawling with "
  a cmd="CONTEMPLATE BUGS"
    "BUGS"
  "!"
bugs = true
dir = "WEST"
fret_age = 2
hit_HIVE = 1
hit_WORKBENCH = 1
is_CUPBOARD_open = true
is_REFRIGERATOR_open = false
is_WINDOW_open = false
laser = true
loc = "LIVING ROOM"
saw_bad_FRONT_DOOR = true
saw_bad_REFRIGERATOR = true
saw_bad_WINDOW = true
saw_good_CUPBOARD = true
saw_good_REFRIGERATOR = true
saw_good_WINDOW = true
saw_laser = true
saw_you_bad_REFRIGERATOR = true
saw_you_bad_WINDOW = true
saw_you_good_REFRIGERATOR = true
saw_you_good_WINDOW = true
sbugs = true
scom = true
shoo_HIVE = true
shoo_REFRIGERATOR = true
shoo_WINDOW = true
told_HIVE = true
used_laser = true
67> rotate
p
  "You "
  a cmd="ROTATE RIGHT"
    "ROTATE RIGHT"
  "."
p
  "You are now facing the "
  a cmd="CONTEMPLATE WORKBENCH"
    "WORKBENCH"
  ". From here you could "
  a cmd="ROTATE LEFT"
    "ROTATE LEFT"
  " to face the "
  a cmd="CONTEMPLATE FRONT DOOR"
    "FRONT DOOR"
  " or "
  a cmd="ROTATE RIGHT"
    "ROTATE RIGHT"
  " to face the "
  a cmd="CONTEMPLATE KITCHEN"
    "KITCHEN"
  "."
p
  "On the "
  a cmd="CONTEMPLATE WORKBENCH"
    "WORKBENCH"
  " is a "
  a cmd="CONTEMPLATE SOLDERING TOOL"
    "SOLDERING TOOL"
  ". There is a charred hole in the "
  a cmd="CONTEMPLATE WORKBENCH"
    "WORKBENCH"
  "."
p
  "The "
  a cmd="CONTEMPLATE WORKBENCH"
    "WORKBENCH"
  " is crawling with "
  a cmd="CONTEMPLATE BUGS"
    "BUGS"
  "!"
bugs = true
dir = "NORTH"
fret_age = 3
hit_HIVE = 1
hit_WORKBENCH = 1
is_CUPBOARD_open = true
is_REFRIGERATOR_open = false
is_WINDOW_open = false
laser = true
loc = "LIVING ROOM"
saw_bad_FRONT_DOOR = true
saw_bad_REFRIGERATOR = true
saw_bad_WINDOW = true
saw_good_CUPBOARD = true
saw_good_REFRIGERATOR = true
saw_good_WINDOW = true
saw_laser = true
saw_you_bad_REFRIGERATOR = true
saw_you_bad_WINDOW = true
saw_you_good_REFRIGERATOR = true
saw_you_good_WINDOW = true
sbugs = true
scom = true
shoo_HIVE = true
shoo_REFRIGERATOR = true
shoo_WINDOW = true
told_HIVE = true
used_laser = true
68> rotate
p
  "You "
  a cmd="ROTATE RIGHT"
    "ROTATE RIGHT"
  "."
p
  "You are now facing the "
  a cmd="CONTEMPLATE KITCHEN"
    "KITCHEN"
  ". You could "
  a cmd="AMBULATE"
    "AMBULATE"
  " to go there."
p
  "From here you could "
  a cmd="ROTATE LEFT"
    "ROTATE LEFT"
  " to face the "
  a cmd="CONTEMPLATE WORKBENCH"
    "WORKBENCH"
  " or "
  a cmd="ROTATE RIGHT"
    "ROTATE RIGHT"
  " to face the "
  a cmd="CONTEMPLATE FUTON"
    "FUTON"
  "."
p
  "The "
  a cmd="CONTEMPLATE KITCHEN"
    "KITCHEN"
  " is crawling with "
  a cmd="CONTEMPLATE BUGS"
    "BUGS"
  "!"
p
  "You receive a text message from "
  a cmd="SWEETIE"
    "SWEETIE"
  "!"
p
  "“What about the "
  a cmd="CONTEMPLATE FUTON"
    "FUTON"
  "? Have the "
  a cmd="CONTEMPLATE BUGS"
    "BUGS"
  " gotten to it?”"
bugs = true
dir = "EAST"
hit_HIVE = 1
hit_WORKBENCH = 1
is_CUPBOARD_open = true
is_REFRIGERATOR_open = false
is_WINDOW_open = false
laser = true
loc = "LIVING ROOM"
saw_bad_FRONT_DOOR = true
saw_bad_REFRIGERATOR = true
saw_bad_WINDOW = true
saw_good_CUPBOARD = true
saw_good_REFRIGERATOR = true
saw_good_WINDOW = true
saw_laser = true
saw_you_bad_REFRIGERATOR = true
saw_you_bad_WINDOW = true
saw_you_good_REFRIGERATOR = true
saw_you_good_WINDOW = true
sbugs = true
scom = true
shoo_HIVE = true
shoo_REFRIGERATOR = true
shoo_WINDOW = true
told_HIVE = true
used_laser = true
69> rotate
p
  "You "
  a cmd="ROTATE RIGHT"
    "ROTATE RIGHT"
  "."
p
  "You are now facing the "
  a cmd="CONTEMPLATE FUTON"
    "FUTON"
  ". You could "
  a cmd="AMBULATE"
    "AMBULATE"
  " to go there."
p
  "From here you could "
  a cmd="ROTATE LEFT"
    "ROTATE LEFT"
  " to face the "
  a cmd="CONTEMPLATE KITCHEN"
    "KITCHEN"
  " or "
  a cmd="ROTATE RIGHT"
    "ROTATE RIGHT"
  " to face the "
  a cmd="CONTEMPLATE FRONT DOOR"
    "FRONT DOOR"
  "."
p
  "The "
  a cmd="CONTEMPLATE FUTON"
    "FUTON"
  " is crawling with "
  a cmd="CONTEMPLATE BUGS"
    "BUGS"
  "!"
bugs = true
dir = "SOUTH"
fret_age = 1
hit_HIVE = 1
hit_WORKBENCH = 1
is_CUPBOARD_open = true
is_REFRIGERATOR_open = false
is_WINDOW_open = false
laser = true
loc = "LIVING ROOM"
saw_bad_FRONT_DOOR = true
saw_bad_REFRIGERATOR = true
saw_bad_WINDOW = true
saw_good_CUPBOARD = true
saw_good_REFRIGERATOR = true
saw_good_WINDOW = true
saw_laser = true
saw_you_bad_REFRIGERATOR = true
saw_you_bad_WINDOW = true
saw_you_good_REFRIGERATOR = true
saw_you_good_WINDOW = true
sbugs = true
scom = true
shoo_HIVE = true
shoo_REFRIGERATOR = true
shoo_WINDOW = true
told_HIVE = true
used_laser = true
70> rotate
p
  "You "
  a cmd="ROTATE RIGHT"
    "ROTATE RIGHT"
  "."
p
  "You are now facing the "
  a cmd="CONTEMPLATE FRONT DOOR"
    "FRONT DOOR"
  ". From here you could "
  a cmd="ROTATE LEFT"
    "ROTATE LEFT"
  " to face the "
  a cmd="CONTEMPLATE FUTON"
    "FUTON"
  " or "
  a cmd="ROTATE RIGHT"
    "ROTATE RIGHT"
  " to face the "
  a cmd="CONTEMPLATE WORKBENCH"
    "WORKBENCH"
  "."
p
  "The "
  a cmd="CONTEMPLATE FRONT DOOR"
    "FRONT DOOR"
  " is closed."
p
  "The "
  a cmd="CONTEMPLATE FRONT DOOR"
    "FRONT DOOR"
  " is crawling with "
  a cmd="CONTEMPLATE BUGS"
    "BUGS"
  "!"
bugs = true
dir = "WEST"
fret_age = 2
hit_HIVE = 1
hit_WORKBENCH = 1
is_CUPBOARD_open = true
is_REFRIGERATOR_open = false
is_WINDOW_open = false
laser = true
loc = "LIVING ROOM"
saw_bad_FRONT_DOOR = true
saw_bad_REFRIGERATOR = true
saw_bad_WINDOW = true
saw_good_CUPBOARD = true
saw_good_REFRIGERATOR = true
saw_good_WINDOW = true
saw_laser = true
saw_you_bad_REFRIGERATOR = true
saw_you_bad_WINDOW = true
saw_you_good_REFRIGERATOR = true
saw_you_good_WINDOW = true
sbugs = true
scom = true
shoo_HIVE = true
shoo_REFRIGERATOR = true
shoo_WINDOW = true
told_HIVE = true
used_laser = true
71> operate front door
p
  "You "
  a cmd="OPERATE THE FRONT DOOR"
    "OPERATE THE FRONT DOOR"
  ". The "
  a cmd="CONTEMPLATE FRONT DOOR"
    "FRONT DOOR"
  " is now open. Through the "
  a cmd="CONTEMPLATE FRONT DOOR"
    "FRONT DOOR"
  " you can see the "
  a cmd="CONTEMPLATE LAWN"
    "LAWN"
  "."
p
  a cmd="CONTEMPLATE BUGS"
    "BUGS"
  " begin to fly back and forth through the "
  a cmd="CONTEMPLATE FRONT DOOR"
    "FRONT DOOR"
  "."
bugs = true
dir = "WEST"
fret_age = 2
hit_HIVE = 1
hit_WORKBENCH = 1
is_CUPBOARD_open = true
is_FRONT_DOOR_open = true
is_REFRIGERATOR_open = false
is_WINDOW_open = false
laser = true
loc = "LIVING ROOM"
saw_bad_FRONT_DOOR = true
saw_bad_REFRIGERATOR = true
saw_bad_WINDOW = true
saw_good_CUPBOARD = true
saw_good_FRONT_DOOR = true
saw_good_REFRIGERATOR = true
saw_good_WINDOW = true
saw_laser = true
saw_you_bad_REFRIGERATOR = true
saw_you_bad_WINDOW = true
saw_you_good_FRONT_DOOR = true
saw_you_good_REFRIGERATOR = true
saw_you_good_WINDOW = true
sbugs = true
scom = true
shoo_HIVE = true
shoo_REFRIGERATOR = true
shoo_WINDOW = true
told_HIVE = true
used_laser = true
72> ambulate
p
  "You deleted most of your navigation data to make room for more episodes of Buffy the Vampire Slayer! Your "
  a cmd="CONTEMPLATE SWEETIE"
    "SWEETIE"
  " agreed that this was logical."
bugs = true
dir = "WEST"
fret_age = 2
hit_HIVE = 1
hit_WORKBENCH = 1
is_CUPBOARD_open = true
is_FRONT_DOOR_open = true
is_REFRIGERATOR_open = false
is_WINDOW_open = false
laser = true
loc = "LIVING ROOM"
saw_bad_FRONT_DOOR = true
saw_bad_REFRIGERATOR = true
saw_bad_WINDOW = true
saw_good_CUPBOARD = true
saw_good_FRONT_DOOR = true
saw_good_REFRIGERATOR = true
saw_good_WINDOW = true
saw_laser = true
saw_you_bad_REFRIGERATOR = true
saw_you_bad_WINDOW = true
saw_you_good_FRONT_DOOR = true
saw_you_good_REFRIGERATOR = true
saw_you_good_WINDOW = true
sbugs = true
scom = true
shoo_HIVE = true
shoo_REFRIGERATOR = true
shoo_WINDOW = true
told_HIVE = true
used_laser = true
73> look front door
p
  "You are standing in the "
  a cmd="CONTEMPLATE LIVING ROOM"
    "LIVING ROOM"
  " facing the "
  a cmd="CONTEMPLATE FRONT DOOR"
    "FRONT DOOR"
  ". From here you could "
  a cmd="ROTATE LEFT"
    "ROTATE LEFT"
  " to face the "
  a cmd="CONTEMPLATE FUTON"
    "FUTON"
  " or "
  a cmd="ROTATE RIGHT"
    "ROTATE RIGHT"
  " to face the "
  a cmd="CONTEMPLATE WORKBENCH"
    "WORKBENCH"
  "."
p
  "The "
  a cmd="CONTEMPLATE FRONT DOOR"
    "FRONT DOOR"
  " is open. Through the "
  a cmd="CONTEMPLATE FRONT DOOR"
    "FRONT DOOR"
  " you can see the "
  a cmd="CONTEMPLATE LAWN"
    "LAWN"
  "."
p
  "The "
  a cmd="CONTEMPLATE FRONT DOOR"
    "FRONT DOOR"
  " is crawling with "
  a cmd="CONTEMPLATE BUGS"
    "BUGS"
  "!"
p
  "You could "
  a cmd="OPERATE THE FRONT DOOR"
    "OPERATE THE FRONT DOOR"
  " or "
  a cmd="COMMUNICATE ABOUT THE FRONT DOOR"
    "COMMUNICATE ABOUT THE FRONT DOOR"
  "."
bugs = true
dir = "WEST"
fret_age = 2
hit_HIVE = 1
hit_WORKBENCH = 1
is_CUPBOARD_open = true
is_FRONT_DOOR_open = true
is_REFRIGERATOR_open = false
is_WINDOW_open = false
laser = true
loc = "LIVING ROOM"
saw_bad_FRONT_DOOR = true
saw_bad_REFRIGERATOR = true
saw_bad_WINDOW = true
saw_good_CUPBOARD = true
saw_good_FRONT_DOOR = true
saw_good_REFRIGERATOR = true
saw_good_WINDOW = true
saw_laser = true
saw_you_bad_REFRIGERATOR = true
saw_you_bad_WINDOW = true
saw_you_good_FRONT_DOOR = true
saw_you_good_REFRIGERATOR = true
saw_you_good_WINDOW = true
sbugs = true
scom = true
shoo_HIVE = true
shoo_REFRIGERATOR = true
shoo_WINDOW = true
told_HIVE = true
used_laser = true
74> communicate about the front door
p
  "You could "
  a cmd="COMMUNICATE WITH THE BUGS ABOUT THE FRONT DOOR"
    "COMMUNICATE WITH THE BUGS ABOUT THE FRONT DOOR"
  " or "
  a cmd="COMMUNICATE WITH SWEETIE ABOUT THE FRONT DOOR"
    "COMMUNICATE WITH SWEETIE ABOUT THE FRONT DOOR"
  "."
bugs = true
dir = "WEST"
fret_age = 2
hit_HIVE = 1
hit_WORKBENCH = 1
is_CUPBOARD_open = true
is_FRONT_DOOR_open = true
is_REFRIGERATOR_open = false
is_WINDOW_open = false
laser = true
loc = "LIVING ROOM"
saw_bad_FRONT_DOOR = true
saw_bad_REFRIGERATOR = true
saw_bad_WINDOW = true
saw_good_CUPBOARD = true
saw_good_FRONT_DOOR = true
saw_good_REFRIGERATOR = true
saw_good_WINDOW = true
saw_laser = true
saw_you_bad_REFRIGERATOR = true
saw_you_bad_WINDOW = true
saw_you_good_FRONT_DOOR = true
saw_you_good_REFRIGERATOR = true
saw_you_good_WINDOW = true
sbugs = true
scom = true
shoo_HIVE = true
shoo_REFRIGERATOR = true
shoo_WINDOW = true
told_HIVE = true
used_laser = true
75> communicate with the bugs about the front door
p
  "“YES WE UNDERSTAND, HOWEVER BEFORE WE CAN PROPERLY DISCUSS THIS MATTER WE MUST REGRETFULLY BRING UP YOUR INCONSISTENT BEHAVIOR WITH RESPECT TO THE "
  a cmd="CONTEMPLATE REFRIGERATOR"
    "REFRIGERATOR"
  ". IF WE CANNOT REACH THEM WITH THE DELICIOUS NUTRIENTS FROM THE "
  a cmd="CONTEMPLATE TREE"
    "TREE"
  ", OUR PEOPLE IN THE "
  a cmd="CONTEMPLATE HIVE"
    "HIVE"
  " WILL SLOWLY STARVE TO DEATH. THANK YOU SO MUCH!”"
bugs = true
dir = "WEST"
fret_age = 2
hit_HIVE = 1
hit_WORKBENCH = 1
is_CUPBOARD_open = true
is_FRONT_DOOR_open = true
is_REFRIGERATOR_open = false
is_WINDOW_open = false
laser = true
loc = "LIVING ROOM"
saw_bad_FRONT_DOOR = true
saw_bad_REFRIGERATOR = true
saw_bad_WINDOW = true
saw_good_CUPBOARD = true
saw_good_FRONT_DOOR = true
saw_good_REFRIGERATOR = true
saw_good_WINDOW = true
saw_laser = true
saw_you_bad_REFRIGERATOR = true
saw_you_bad_WINDOW = true
saw_you_good_FRONT_DOOR = true
saw_you_good_REFRIGERATOR = true
saw_you_good_WINDOW = true
sbugs = true
scom = true
shoo_FRONT_DOOR = true
shoo_HIVE = true
shoo_REFRIGERATOR = true
shoo_WINDOW = true
told_HIVE = true
used_laser = true
76> communicate with sweetie about the front door
p
  "“How will we get in and out of our apartment if there are "
  a cmd="CONTEMPLATE BUGS"
    "BUGS"
  " all over the "
  a cmd="CONTEMPLATE FRONT DOOR"
    "FRONT DOOR"
  "? What about the "
  a cmd="CONTEMPLATE FUTON"
    "FUTON"
  "? Have the "
  a cmd="CONTEMPLATE BUGS"
    "BUGS"
  " gotten to it?”"
bugs = true
dir = "WEST"
hit_HIVE = 1
hit_WORKBENCH = 1
is_CUPBOARD_open = true
is_FRONT_DOOR_open = true
is_REFRIGERATOR_open = false
is_WINDOW_open = false
laser = true
loc = "LIVING ROOM"
saw_bad_FRONT_DOOR = true
saw_bad_REFRIGERATOR = true
saw_bad_WINDOW = true
saw_good_CUPBOARD = true
saw_good_FRONT_DOOR = true
saw_good_REFRIGERATOR = true
saw_good_WINDOW = true
saw_laser = true
saw_you_bad_REFRIGERATOR = true
saw_you_bad_WINDOW = true
saw_you_good_FRONT_DOOR = true
saw_you_good_REFRIGERATOR = true
saw_you_good_WINDOW = true
sbugs = true
scom = true
shoo_FRONT_DOOR = true
shoo_HIVE = true
shoo_REFRIGERATOR = true
shoo_WINDOW = true
told_FRONT_DOOR = true
told_HIVE = true
used_laser = true
77> operate front door
p
  "You "
  a cmd="OPERATE THE FRONT DOOR"
    "OPERATE THE FRONT DOOR"
  ". The "
  a cmd="CONTEMPLATE FRONT DOOR"
    "FRONT DOOR"
  " is now closed."
p
  "“EXCUSE US PLEASE BUT SOMETHING AWFUL HAS OCCURRED. WE CAN NO LONGER GET THROUGH THE DOOR!”"
bugs = true
dir = "WEST"
hit_HIVE = 1
hit_WORKBENCH = 1
is_CUPBOARD_open = true
is_FRONT_DOOR_open = false
is_REFRIGERATOR_open = false
is_WINDOW_open = false
laser = true
loc = "LIVING ROOM"
saw_bad_FRONT_DOOR = true
saw_bad_REFRIGERATOR = true
saw_bad_WINDOW = true
saw_good_CUPBOARD = true
saw_good_FRONT_DOOR = true
saw_good_REFRIGERATOR = true
saw_good_WINDOW = true
saw_laser = true
saw_you_bad_FRONT_DOOR = true
saw_you_bad_REFRIGERATOR = true
saw_you_bad_WINDOW = true
saw_you_good_FRONT_DOOR = true
saw_you_good_REFRIGERATOR = true
saw_you_good_WINDOW = true
sbugs = true
scom = true
shoo_FRONT_DOOR = true
shoo_HIVE = true
shoo_REFRIGERATOR = true
shoo_WINDOW = true
told_FRONT_DOOR = true
told_HIVE = true
used_laser = true
78> look front door
p
  "You are standing in the "
  a cmd="CONTEMPLATE LIVING ROOM"
    "LIVING ROOM"
  " facing the "
  a cmd="CONTEMPLATE FRONT DOOR"
    "FRONT DOOR"
  ". From here you could "
  a cmd="ROTATE LEFT"
    "ROTATE LEFT"
  " to face the "
  a cmd="CONTEMPLATE FUTON"
    "FUTON"
  " or "
  a cmd="ROTATE RIGHT"
    "ROTATE RIGHT"
  " to face the "
  a cmd="CONTEMPLATE WORKBENCH"
    "WORKBENCH"
  "."
p
  "The "
  a cmd="CONTEMPLATE FRONT DOOR"
    "FRONT DOOR"
  " is closed."
p
  "The "
  a cmd="CONTEMPLATE FRONT DOOR"
    "FRONT DOOR"
  " is crawling with "
  a cmd="CONTEMPLATE BUGS"
    "BUGS"
  "!"
p
  "You could "
  a cmd="OPERATE THE FRONT DOOR"
    "OPERATE THE FRONT DOOR"
  " or "
  a cmd="COMMUNICATE ABOUT THE FRONT DOOR"
    "COMMUNICATE ABOUT THE FRONT DOOR"
  "."
bugs = true
dir = "WEST"
hit_HIVE = 1
hit_WORKBENCH = 1
is_CUPBOARD_open = true
is_FRONT_DOOR_open = false
is_REFRIGERATOR_open = false
is_WINDOW_open = false
laser = true
loc = "LIVING ROOM"
saw_bad_FRONT_DOOR = true
saw_bad_REFRIGERATOR = true
saw_bad_WINDOW = true
saw_good_CUPBOARD = true
saw_good_FRONT_DOOR = true
saw_good_REFRIGERATOR = true
saw_good_WINDOW = true
saw_laser = true
saw_you_bad_FRONT_DOOR = true
saw_you_bad_REFRIGERATOR = true
saw_you_bad_WINDOW = true
saw_you_good_FRONT_DOOR = true
saw_you_good_REFRIGERATOR = true
saw_you_good_WINDOW = true
sbugs = true
scom = true
shoo_FRONT_DOOR = true
shoo_HIVE = true
shoo_REFRIGERATOR = true
shoo_WINDOW = true
told_FRONT_DOOR = true
told_HIVE = true
used_laser = true
79> operate laser
p
  "You "
  a cmd="OPERATE THE LASER"
    "OPERATE THE LASER"
  ". The beam burns a hole in the "
  a cmd="CONTEMPLATE FRONT DOOR"
    "FRONT DOOR"
  "! "
  a cmd="CONTEMPLATE BUGS"
    "BUGS"
  " begin to fly in and out of the hole."
bugs = true
dir = "WEST"
fret_age = 1
hit_FRONT_DOOR = 1
hit_HIVE = 1
hit_WORKBENCH = 1
is_CUPBOARD_open = true
is_FRONT_DOOR_open = false
is_REFRIGERATOR_open = false
is_WINDOW_open = false
laser = true
loc = "LIVING ROOM"
saw_bad_FRONT_DOOR = true
saw_bad_REFRIGERATOR = true
saw_bad_WINDOW = true
saw_good_CUPBOARD = true
saw_good_FRONT_DOOR = true
saw_good_REFRIGERATOR = true
saw_good_WINDOW = true
saw_laser = true
saw_you_bad_FRONT_DOOR = true
saw_you_bad_REFRIGERATOR = true
saw_you_bad_WINDOW = true
saw_you_good_FRONT_DOOR = true
saw_you_good_REFRIGERATOR = true
saw_you_good_WINDOW = true
sbugs = true
scom = true
shoo_FRONT_DOOR = true
shoo_HIVE = true
shoo_REFRIGERATOR = true
shoo_WINDOW = true
told_FRONT_DOOR = true
told_HIVE = true
used_laser = true
80> rotate
p
  "You "
  a cmd="ROTATE RIGHT"
    "ROTATE RIGHT"
  "."
p
  "You are now facing the "
  a cmd="CONTEMPLATE WORKBENCH"
    "WORKBENCH"
  ". From here you could "
  a cmd="ROTATE LEFT"
    "ROTATE LEFT"
  " to face the "
  a cmd="CONTEMPLATE FRONT DOOR"
    "FRONT DOOR"
  " or "
  a cmd="ROTATE RIGHT"
    "ROTATE RIGHT"
  " to face the "
  a cmd="CONTEMPLATE KITCHEN"
    "KITCHEN"
  "."
p
  "On the "
  a cmd="CONTEMPLATE WORKBENCH"
    "WORKBENCH"
  " is a "
  a cmd="CONTEMPLATE SOLDERING TOOL"
    "SOLDERING TOOL"
  ". There is a charred hole in the "
  a cmd="CONTEMPLATE WORKBENCH"
    "WORKBENCH"
  "."
p
  "The "
  a cmd="CONTEMPLATE WORKBENCH"
    "WORKBENCH"
  " is crawling with "
  a cmd="CONTEMPLATE BUGS"
    "BUGS"
  "!"
bugs = true
dir = "NORTH"
fret_age = 2
hit_FRONT_DOOR = 1
hit_HIVE = 1
hit_WORKBENCH = 1
is_CUPBOARD_open = true
is_FRONT_DOOR_open = false
is_REFRIGERATOR_open = false
is_WINDOW_open = false
laser = true
loc = "LIVING ROOM"
saw_bad_FRONT_DOOR = true
saw_bad_REFRIGERATOR = true
saw_bad_WINDOW = true
saw_good_CUPBOARD = true
saw_good_FRONT_DOOR = true
saw_good_REFRIGERATOR = true
saw_good_WINDOW = true
saw_laser = true
saw_you_bad_FRONT_DOOR = true
saw_you_bad_REFRIGERATOR = true
saw_you_bad_WINDOW = true
saw_you_good_FRONT_DOOR = true
saw_you_good_REFRIGERATOR = true
saw_you_good_WINDOW = true
sbugs = true
scom = true
shoo_FRONT_DOOR = true
shoo_HIVE = true
shoo_REFRIGERATOR = true
shoo_WINDOW = true
told_FRONT_DOOR = true
told_HIVE = true
used_laser = true
81> operate laser
p
  "You "
  a cmd="OPERATE THE LASER"
    "OPERATE THE LASER"
  ". The WORKBENCH catches fire!"
--MORE--
p
  "After a moment, the flames die down."
bugs = true
dir = "NORTH"
fret_age = 3
hit_FRONT_DOOR = 1
hit_HIVE = 1
hit_WORKBENCH = 2
is_CUPBOARD_open = true
is_FRONT_DOOR_open = false
is_REFRIGERATOR_open = false
is_WINDOW_open = false
laser = true
loc = "LIVING ROOM"
saw_bad_FRONT_DOOR = true
saw_bad_REFRIGERATOR = true
saw_bad_WINDOW = true
saw_good_CUPBOARD = true
saw_good_FRONT_DOOR = true
saw_good_REFRIGERATOR = true
saw_good_WINDOW = true
saw_laser = true
saw_you_bad_FRONT_DOOR = true
saw_you_bad_REFRIGERATOR = true
saw_you_bad_WINDOW = true
saw_you_good_FRONT_DOOR = true
saw_you_good_REFRIGERATOR = true
saw_you_good_WINDOW = true
sbugs = true
scom = true
shoo_FRONT_DOOR = true
shoo_HIVE = true
shoo_REFRIGERATOR = true
shoo_WINDOW = true
told_FRONT_DOOR = true
told_HIVE = true
used_laser = true
82> operate laser
p
  "You "
  a cmd="OPERATE THE LASER"
    "OPERATE THE LASER"
  ". The WORKBENCH catches fire again!"
--MORE--
p
  "The flames grow quickly!"
--MORE--
p
  "Soon the entire apartment is consumed!"
--MORE--
hr

--MORE--
p
  "You are sitting in an UNKNOWN LOCATION facing the smoking ruin of your former home."
--MORE--
p
  "Your "
  a cmd="SWEETIE"
    "SWEETIE"
  " is here."
--MORE--
p
  "He gives you a hug."
--MORE--
hr class="end"

--MORE--
p class="end"
  "You have reached one of 3 possible endings!"
--MORE--
p class="end"
  "You could use one the [undo] links on the right to rewind to that point."
--MORE--
p class="end"
  "Or you could "
  a href="."
    "return to the front page"
  "."
bugs = true
dir = "NORTH"
fret_age = 3
hit_FRONT_DOOR = 1
hit_HIVE = 1
hit_WORKBENCH = 3
is_CUPBOARD_open = true
is_FRONT_DOOR_open = false
is_REFRIGERATOR_open = false
is_WINDOW_open = false
laser = true
loc = "LIVING ROOM"
over = true
saw_bad_FRONT_DOOR = true
saw_bad_REFRIGERATOR = true
saw_bad_WINDOW = true
saw_good_CUPBOARD = true
saw_good_FRONT_DOOR = true
saw_good_REFRIGERATOR = true
saw_good_WINDOW = true
saw_laser = true
saw_you_bad_FRONT_DOOR = true
saw_you_bad_REFRIGERATOR = true
saw_you_bad_WINDOW = true
saw_you_good_FRONT_DOOR = true
saw_you_good_REFRIGERATOR = true
saw_you_good_WINDOW = true
sbugs = true
scom = true
shoo_FRONT_DOOR = true
shoo_HIVE = true
shoo_REFRIGERATOR = true
shoo_WINDOW = true
told_FRONT_DOOR = true
told_HIVE = true
used_laser = true
--DONE--
