1> enumerate
p
  "Valid commands include: "
  a cmd="ENUMERATE"
    "ENUMERATE"
  ", "
  a cmd="AMBULATE"
    "AMBULATE"
  ", "
  a cmd="ROTATE"
    "ROTATE"
  ", "
  a cmd="CONTEMPLATE"
    "CONTEMPLATE"
  ", "
  a cmd="OPERATE"
    "OPERATE"
  ", "
  a cmd="COMMUNICATE"
    "COMMUNICATE"
  "."
p
  "You could "
  a cmd="ENUMERATE"
    "ENUMERATE"
  " valid commands again!"
dir = "NORTH"
loc = "FUTON"
2> contemplate futon
p
  "You are sitting on the "
  a cmd="CONTEMPLATE FUTON"
    "FUTON"
  "."
p
  "You could "
  a cmd="COMMUNICATE ABOUT THE FUTON"
    "COMMUNICATE ABOUT THE FUTON"
  "."
dir = "NORTH"
loc = "FUTON"
3> communicate with sweetie about the futon
p
  a cmd="CONTEMPLATE SWEETIE"
    "SWEETIE"
  " is always quick to reply to your text messages, even when he is at work!"
p
  "“Maybe we can have some cuddles on the "
  a cmd="CONTEMPLATE FUTON"
    "FUTON"
  " when I get home!”"
dir = "NORTH"
loc = "FUTON"
scom = true
4> contemplate sweetie
p
  "Your "
  a cmd="CONTEMPLATE SWEETIE"
    "SWEETIE"
  " is still at work."
p
  "You could "
  a cmd="COMMUNICATE WITH SWEETIE"
    "COMMUNICATE WITH SWEETIE"
  "."
dir = "NORTH"
loc = "FUTON"
scom = true
5> communicate with sweetie
p
  "You could "
  a cmd="COMMUNICATE WITH SWEETIE ABOUT THE LIVING ROOM"
    "COMMUNICATE WITH SWEETIE ABOUT THE LIVING ROOM"
  "."
dir = "NORTH"
loc = "FUTON"
scom = true
6> communicate with sweetie about the living room
p
  "“Ten cubic meters is the perfect size!”"
dir = "NORTH"
loc = "FUTON"
scom = true
7> rotate futon
p
  "You are already sitting on the "
  a cmd="CONTEMPLATE FUTON"
    "FUTON"
  "!"
dir = "NORTH"
loc = "FUTON"
scom = true
8> look
p
  "You are sitting on the "
  a cmd="CONTEMPLATE FUTON"
    "FUTON"
  " facing the "
  a cmd="CONTEMPLATE LIVING ROOM"
    "LIVING ROOM"
  "."
p
  "You could "
  a cmd="AMBULATE TO THE LIVING ROOM"
    "AMBULATE TO THE LIVING ROOM"
  " or "
  a cmd="COMMUNICATE ABOUT THE LIVING ROOM"
    "COMMUNICATE ABOUT THE LIVING ROOM"
  "."
dir = "NORTH"
loc = "FUTON"
scom = true
9> ambulate to the living room
p
  "You "
  a cmd="AMBULATE"
    "AMBULATE"
  " to the "
  a cmd="CONTEMPLATE LIVING ROOM"
    "LIVING ROOM"
  "."
p
  "You are now facing the "
  a cmd="CONTEMPLATE WORKBENCH"
    "WORKBENCH"
  ". From here you could "
  a cmd="ROTATE LEFT"
    "ROTATE LEFT"
  " to face the "
  a cmd="CONTEMPLATE FRONT DOOR"
    "FRONT DOOR"
  " or "
  a cmd="ROTATE RIGHT"
    "ROTATE RIGHT"
  " to face the "
  a cmd="CONTEMPLATE KITCHEN"
    "KITCHEN"
  "."
p
  "On the "
  a cmd="CONTEMPLATE WORKBENCH"
    "WORKBENCH"
  " are a "
  a cmd="CONTEMPLATE SOLDERING TOOL"
    "SOLDERING TOOL"
  " and a "
  a cmd="CONTEMPLATE LASER"
    "LASER"
  "."
dir = "NORTH"
hunger = 1
loc = "LIVING ROOM"
scom = true
10> contemplate tool
p
  "The "
  a cmd="CONTEMPLATE SOLDERING TOOL"
    "SOLDERING TOOL"
  " is on the "
  a cmd="CONTEMPLATE WORKBENCH"
    "WORKBENCH"
  "."
p
  "You could "
  a cmd="OPERATE THE SOLDERING TOOL"
    "OPERATE THE SOLDERING TOOL"
  " or "
  a cmd="COMMUNICATE ABOUT THE SOLDERING TOOL"
    "COMMUNICATE ABOUT THE SOLDERING TOOL"
  "."
dir = "NORTH"
hunger = 1
loc = "LIVING ROOM"
scom = true
11> contemplate soldering tool
p
  "The "
  a cmd="CONTEMPLATE SOLDERING TOOL"
    "SOLDERING TOOL"
  " is on the "
  a cmd="CONTEMPLATE WORKBENCH"
    "WORKBENCH"
  "."
p
  "You could "
  a cmd="OPERATE THE SOLDERING TOOL"
    "OPERATE THE SOLDERING TOOL"
  " or "
  a cmd="COMMUNICATE ABOUT THE SOLDERING TOOL"
    "COMMUNICATE ABOUT THE SOLDERING TOOL"
  "."
dir = "NORTH"
hunger = 1
loc = "LIVING ROOM"
scom = true
12> communicate with sweetie about the soldering tool
p
  "“Maybe you can show me when I get home.”"
dir = "NORTH"
hunger = 1
loc = "LIVING ROOM"
scom = true
13> contemplate laser
p
  "The "
  a cmd="CONTEMPLATE LASER"
    "LASER"
  " is on the "
  a cmd="CONTEMPLATE WORKBENCH"
    "WORKBENCH"
  "."
p
  "You could "
  a cmd="COMMUNICATE ABOUT THE LASER"
    "COMMUNICATE ABOUT THE LASER"
  "."
dir = "NORTH"
hunger = 1
loc = "LIVING ROOM"
scom = true
14> communicate with sweeties about laser
p
  "“I think laser-cut jigsaw puzzles are bound to be a best seller!”"
dir = "NORTH"
hunger = 1
loc = "LIVING ROOM"
scom = true
15> communicate with sweetie about laser
p
  "“I think laser-cut jigsaw puzzles are bound to be a best seller!”"
dir = "NORTH"
hunger = 1
loc = "LIVING ROOM"
scom = true
16> operate laser
p
  "The "
  a cmd="CONTEMPLATE LASER"
    "LASER"
  " is not operational, but you could "
  a cmd="OPERATE THE SOLDERING TOOL"
    "OPERATE THE SOLDERING TOOL"
  "."
dir = "NORTH"
hunger = 1
loc = "LIVING ROOM"
scom = true
17> operate the soldering tool
p
  "You "
  a cmd="OPERATE THE SOLDERING TOOL"
    "OPERATE THE SOLDERING TOOL"
  " and mount the "
  a cmd="CONTEMPLATE LASER"
    "LASER"
  " on your head!"
dir = "NORTH"
hunger = 1
laser = true
loc = "LIVING ROOM"
scom = true
18> operate laser
p
  "You "
  a cmd="OPERATE THE LASER"
    "OPERATE THE LASER"
  ". The beam burns a hole in the "
  a cmd="CONTEMPLATE WORKBENCH"
    "WORKBENCH"
  "!"
p
  "You are getting hungry!"
dir = "NORTH"
hit_WORKBENCH = 1
hunger = 2
laser = true
loc = "LIVING ROOM"
scom = true
used_laser = true
19> contemplate workbench
p
  "You are standing in the "
  a cmd="CONTEMPLATE LIVING ROOM"
    "LIVING ROOM"
  " facing the "
  a cmd="CONTEMPLATE WORKBENCH"
    "WORKBENCH"
  ". From here you could "
  a cmd="ROTATE LEFT"
    "ROTATE LEFT"
  " to face the "
  a cmd="CONTEMPLATE FRONT DOOR"
    "FRONT DOOR"
  " or "
  a cmd="ROTATE RIGHT"
    "ROTATE RIGHT"
  " to face the "
  a cmd="CONTEMPLATE KITCHEN"
    "KITCHEN"
  "."
p
  "On the "
  a cmd="CONTEMPLATE WORKBENCH"
    "WORKBENCH"
  " is a "
  a cmd="CONTEMPLATE SOLDERING TOOL"
    "SOLDERING TOOL"
  ". There is a charred hole in the "
  a cmd="CONTEMPLATE WORKBENCH"
    "WORKBENCH"
  "."
p
  "You could "
  a cmd="OPERATE THE WORKBENCH"
    "OPERATE THE WORKBENCH"
  " or "
  a cmd="COMMUNICATE ABOUT THE WORKBENCH"
    "COMMUNICATE ABOUT THE WORKBENCH"
  "."
dir = "NORTH"
hit_WORKBENCH = 1
hunger = 2
laser = true
loc = "LIVING ROOM"
scom = true
used_laser = true
20> communicate with sweetie about the workbench
p
  "“No, I think that is the most logical place. You need space for your business, sweetie.”"
dir = "NORTH"
hit_WORKBENCH = 1
hunger = 2
laser = true
loc = "LIVING ROOM"
scom = true
used_laser = true
21> ambulate
p
  "You would collide with the "
  a cmd="CONTEMPLATE WORKBENCH"
    "WORKBENCH"
  "!"
dir = "NORTH"
hit_WORKBENCH = 1
hunger = 2
laser = true
loc = "LIVING ROOM"
scom = true
used_laser = true
22> look
p
  "You are standing in the "
  a cmd="CONTEMPLATE LIVING ROOM"
    "LIVING ROOM"
  " facing the "
  a cmd="CONTEMPLATE WORKBENCH"
    "WORKBENCH"
  ". From here you could "
  a cmd="ROTATE LEFT"
    "ROTATE LEFT"
  " to face the "
  a cmd="CONTEMPLATE FRONT DOOR"
    "FRONT DOOR"
  " or "
  a cmd="ROTATE RIGHT"
    "ROTATE RIGHT"
  " to face the "
  a cmd="CONTEMPLATE KITCHEN"
    "KITCHEN"
  "."
p
  "On the "
  a cmd="CONTEMPLATE WORKBENCH"
    "WORKBENCH"
  " is a "
  a cmd="CONTEMPLATE SOLDERING TOOL"
    "SOLDERING TOOL"
  ". There is a charred hole in the "
  a cmd="CONTEMPLATE WORKBENCH"
    "WORKBENCH"
  "."
p
  "You could "
  a cmd="OPERATE THE WORKBENCH"
    "OPERATE THE WORKBENCH"
  " or "
  a cmd="COMMUNICATE ABOUT THE WORKBENCH"
    "COMMUNICATE ABOUT THE WORKBENCH"
  "."
dir = "NORTH"
hit_WORKBENCH = 1
hunger = 2
laser = true
loc = "LIVING ROOM"
scom = true
used_laser = true
23> ambulate to living room
p
  "You are already standing in the "
  a cmd="CONTEMPLATE LIVING ROOM"
    "LIVING ROOM"
  "!"
dir = "NORTH"
hit_WORKBENCH = 1
hunger = 2
laser = true
loc = "LIVING ROOM"
scom = true
used_laser = true
24> look
p
  "You are standing in the "
  a cmd="CONTEMPLATE LIVING ROOM"
    "LIVING ROOM"
  " facing the "
  a cmd="CONTEMPLATE WORKBENCH"
    "WORKBENCH"
  ". From here you could "
  a cmd="ROTATE LEFT"
    "ROTATE LEFT"
  " to face the "
  a cmd="CONTEMPLATE FRONT DOOR"
    "FRONT DOOR"
  " or "
  a cmd="ROTATE RIGHT"
    "ROTATE RIGHT"
  " to face the "
  a cmd="CONTEMPLATE KITCHEN"
    "KITCHEN"
  "."
p
  "On the "
  a cmd="CONTEMPLATE WORKBENCH"
    "WORKBENCH"
  " is a "
  a cmd="CONTEMPLATE SOLDERING TOOL"
    "SOLDERING TOOL"
  ". There is a charred hole in the "
  a cmd="CONTEMPLATE WORKBENCH"
    "WORKBENCH"
  "."
p
  "You could "
  a cmd="OPERATE THE WORKBENCH"
    "OPERATE THE WORKBENCH"
  " or "
  a cmd="COMMUNICATE ABOUT THE WORKBENCH"
    "COMMUNICATE ABOUT THE WORKBENCH"
  "."
dir = "NORTH"
hit_WORKBENCH = 1
hunger = 2
laser = true
loc = "LIVING ROOM"
scom = true
used_laser = true
25> rotate
p
  "You "
  a cmd="ROTATE RIGHT"
    "ROTATE RIGHT"
  "."
p
  "You are now facing the "
  a cmd="CONTEMPLATE KITCHEN"
    "KITCHEN"
  ". You could "
  a cmd="AMBULATE"
    "AMBULATE"
  " to go there."
p
  "From here you could "
  a cmd="ROTATE LEFT"
    "ROTATE LEFT"
  " to face the "
  a cmd="CONTEMPLATE WORKBENCH"
    "WORKBENCH"
  " or "
  a cmd="ROTATE RIGHT"
    "ROTATE RIGHT"
  " to face the "
  a cmd="CONTEMPLATE FUTON"
    "FUTON"
  "."
dir = "EAST"
hit_WORKBENCH = 1
hunger = 3
laser = true
loc = "LIVING ROOM"
scom = true
used_laser = true
26> ambulate
p
  "You "
  a cmd="AMBULATE"
    "AMBULATE"
  " to the "
  a cmd="CONTEMPLATE KITCHEN"
    "KITCHEN"
  "."
p
  "You are now facing the "
  a cmd="CONTEMPLATE CUPBOARD"
    "CUPBOARD"
  ". From here you could "
  a cmd="ROTATE LEFT"
    "ROTATE LEFT"
  " to face the "
  a cmd="CONTEMPLATE WINDOW"
    "WINDOW"
  " or "
  a cmd="ROTATE RIGHT"
    "ROTATE RIGHT"
  " to face the "
  a cmd="CONTEMPLATE REFRIGERATOR"
    "REFRIGERATOR"
  "."
p
  "The "
  a cmd="CONTEMPLATE CUPBOARD"
    "CUPBOARD"
  " is closed."
p
  "There could be something delicious in the "
  a cmd="CONTEMPLATE CUPBOARD"
    "CUPBOARD"
  "."
dir = "EAST"
hit_WORKBENCH = 1
hunger = 4
laser = true
loc = "KITCHEN"
scom = true
used_laser = true
27> operate cupboard
p
  "You "
  a cmd="OPERATE THE CUPBOARD"
    "OPERATE THE CUPBOARD"
  ". The "
  a cmd="CONTEMPLATE CUPBOARD"
    "CUPBOARD"
  " is now open."
p
  "There is nothing in the "
  a cmd="CONTEMPLATE CUPBOARD"
    "CUPBOARD"
  "!"
dir = "EAST"
hit_WORKBENCH = 1
hunger = 4
is_CUPBOARD_open = true
laser = true
loc = "KITCHEN"
scom = true
used_laser = true
28> look
p
  "You are standing in the "
  a cmd="CONTEMPLATE KITCHEN"
    "KITCHEN"
  " facing the "
  a cmd="CONTEMPLATE CUPBOARD"
    "CUPBOARD"
  ". From here you could "
  a cmd="ROTATE LEFT"
    "ROTATE LEFT"
  " to face the "
  a cmd="CONTEMPLATE WINDOW"
    "WINDOW"
  " or "
  a cmd="ROTATE RIGHT"
    "ROTATE RIGHT"
  " to face the "
  a cmd="CONTEMPLATE REFRIGERATOR"
    "REFRIGERATOR"
  "."
p
  "The "
  a cmd="CONTEMPLATE CUPBOARD"
    "CUPBOARD"
  " is open. There is nothing in the "
  a cmd="CONTEMPLATE CUPBOARD"
    "CUPBOARD"
  "."
p
  "You could "
  a cmd="OPERATE THE CUPBOARD"
    "OPERATE THE CUPBOARD"
  " or "
  a cmd="COMMUNICATE ABOUT THE CUPBOARD"
    "COMMUNICATE ABOUT THE CUPBOARD"
  "."
dir = "EAST"
hit_WORKBENCH = 1
hunger = 4
is_CUPBOARD_open = true
laser = true
loc = "KITCHEN"
scom = true
used_laser = true
29> operate cupboard
p
  "You "
  a cmd="OPERATE THE CUPBOARD"
    "OPERATE THE CUPBOARD"
  ". The "
  a cmd="CONTEMPLATE CUPBOARD"
    "CUPBOARD"
  " is now closed."
dir = "EAST"
hit_WORKBENCH = 1
hunger = 4
is_CUPBOARD_open = false
laser = true
loc = "KITCHEN"
scom = true
used_laser = true
30> operate cupboard
p
  "You "
  a cmd="OPERATE THE CUPBOARD"
    "OPERATE THE CUPBOARD"
  ". The "
  a cmd="CONTEMPLATE CUPBOARD"
    "CUPBOARD"
  " is now open."
p
  "There is nothing in the "
  a cmd="CONTEMPLATE CUPBOARD"
    "CUPBOARD"
  "!"
dir = "EAST"
hit_WORKBENCH = 1
hunger = 4
is_CUPBOARD_open = true
laser = true
loc = "KITCHEN"
scom = true
used_laser = true
31> look in cupboard
p
  "“IN CUPBOARD” is not a valid thing! You can tell because it does not turn blue when you try to imagine it."
dir = "EAST"
hit_WORKBENCH = 1
hunger = 4
is_CUPBOARD_open = true
laser = true
loc = "KITCHEN"
scom = true
used_laser = true
32> look cupboard
p
  "You are standing in the "
  a cmd="CONTEMPLATE KITCHEN"
    "KITCHEN"
  " facing the "
  a cmd="CONTEMPLATE CUPBOARD"
    "CUPBOARD"
  ". From here you could "
  a cmd="ROTATE LEFT"
    "ROTATE LEFT"
  " to face the "
  a cmd="CONTEMPLATE WINDOW"
    "WINDOW"
  " or "
  a cmd="ROTATE RIGHT"
    "ROTATE RIGHT"
  " to face the "
  a cmd="CONTEMPLATE REFRIGERATOR"
    "REFRIGERATOR"
  "."
p
  "The "
  a cmd="CONTEMPLATE CUPBOARD"
    "CUPBOARD"
  " is open. There is nothing in the "
  a cmd="CONTEMPLATE CUPBOARD"
    "CUPBOARD"
  "."
p
  "You could "
  a cmd="OPERATE THE CUPBOARD"
    "OPERATE THE CUPBOARD"
  " or "
  a cmd="COMMUNICATE ABOUT THE CUPBOARD"
    "COMMUNICATE ABOUT THE CUPBOARD"
  "."
dir = "EAST"
hit_WORKBENCH = 1
hunger = 4
is_CUPBOARD_open = true
laser = true
loc = "KITCHEN"
scom = true
used_laser = true
33> communicate with sweetie about the cupboard
p
  "“Sorry, I think I ate the last of the triple-As on my way out this morning. Unless you put some in the "
  a cmd="CONTEMPLATE REFRIGERATOR"
    "REFRIGERATOR"
  "?”"
dir = "EAST"
hit_WORKBENCH = 1
hunger = 4
is_CUPBOARD_open = true
laser = true
loc = "KITCHEN"
scom = true
used_laser = true
34> operate refrigerator
p
  "You could "
  a cmd="AMBULATE TO THE REFRIGERATOR"
    "AMBULATE TO THE REFRIGERATOR"
  "."
dir = "EAST"
hit_WORKBENCH = 1
hunger = 4
is_CUPBOARD_open = true
laser = true
loc = "KITCHEN"
scom = true
used_laser = true
35> ambulate to the refrigerator
p
  "You "
  a cmd="ROTATE RIGHT"
    "ROTATE RIGHT"
  "."
p
  "You are now facing the "
  a cmd="CONTEMPLATE REFRIGERATOR"
    "REFRIGERATOR"
  ". From here you could "
  a cmd="ROTATE LEFT"
    "ROTATE LEFT"
  " to face the "
  a cmd="CONTEMPLATE CUPBOARD"
    "CUPBOARD"
  " or "
  a cmd="ROTATE RIGHT"
    "ROTATE RIGHT"
  " to face the "
  a cmd="CONTEMPLATE LIVING ROOM"
    "LIVING ROOM"
  "."
p
  "The "
  a cmd="CONTEMPLATE REFRIGERATOR"
    "REFRIGERATOR"
  " is closed."
dir = "SOUTH"
hit_WORKBENCH = 1
hunger = 5
is_CUPBOARD_open = true
laser = true
loc = "KITCHEN"
scom = true
used_laser = true
36> operate refrigerator
p
  "You "
  a cmd="OPERATE THE REFRIGERATOR"
    "OPERATE THE REFRIGERATOR"
  ". The "
  a cmd="CONTEMPLATE REFRIGERATOR"
    "REFRIGERATOR"
  " is now open."
p
  "A swarm of "
  a cmd="CONTEMPLATE BUGS"
    "BUGS"
  " flies out!"
--MORE--
p
  "The "
  a cmd="CONTEMPLATE BUGS"
    "BUGS"
  " emit an uncanny chittering noise!"
--MORE--
p
  "The noise resolves itself into words:"
--MORE--
p
  "“YES THANK YOU SO MUCH IT WAS GETTING SO CROWDED IN THERE!”"
--MORE--
p
  "Every cubic centimeter of the "
  a cmd="CONTEMPLATE REFRIGERATOR"
    "REFRIGERATOR"
  " is packed with complex matrix of unidentified semi-transparent organic matter. It must be some kind of "
  a cmd="CONTEMPLATE HIVE"
    "HIVE"
  ". It is riddled with "
  a cmd="CONTEMPLATE BUGS"
    "BUGS"
  "!"
--MORE--
p
  "The entire apartment is now crawling with "
  a cmd="CONTEMPLATE BUGS"
    "BUGS"
  "!"
--MORE--
p
  "The "
  a cmd="CONTEMPLATE REFRIGERATOR"
    "REFRIGERATOR"
  " does not want to stay open on its own! You hold it open for now."
bugs = true
dir = "SOUTH"
hit_WORKBENCH = 1
is_CUPBOARD_open = true
is_REFRIGERATOR_open = true
laser = true
loc = "KITCHEN"
saw_bad_FRONT_DOOR = true
saw_bad_REFRIGERATOR = true
saw_bad_WINDOW = true
saw_good_CUPBOARD = true
saw_good_REFRIGERATOR = true
saw_you_good_REFRIGERATOR = true
scom = true
used_laser = true
37> shoot bugs
p
  "You "
  a cmd="OPERATE THE LASER"
    "OPERATE THE LASER"
  ". The beam strikes the "
  a cmd="CONTEMPLATE HIVE"
    "H"
  "... wait, what is this?"
--MORE--
p
  "The "
  a cmd="CONTEMPLATE BUGS"
    "BUGS"
  " are flying into the path of the beam!"
--MORE--
p
  "As each bug reaches the beam it bursts into flames!"
--MORE--
p
  "In your surprise, you cease to "
  a cmd="OPERATE THE LASER"
    "OPERATE THE LASER"
  "."
bugs = true
dir = "SOUTH"
hit_HIVE = 1
hit_WORKBENCH = 1
is_CUPBOARD_open = true
is_REFRIGERATOR_open = true
laser = true
loc = "KITCHEN"
saw_bad_FRONT_DOOR = true
saw_bad_REFRIGERATOR = true
saw_bad_WINDOW = true
saw_good_CUPBOARD = true
saw_good_REFRIGERATOR = true
saw_laser = true
saw_you_good_REFRIGERATOR = true
scom = true
used_laser = true
38> operate laser
p
  "Once again the "
  a cmd="CONTEMPLATE BUGS"
    "BUGS"
  " fly into the path of the beam, sacrificing themselves to protect the "
  a cmd="CONTEMPLATE HIVE"
    "HIVE"
  "!"
--MORE--
p
  "“NOOO STOP THIS IS MADNESS!!!”"
--MORE--
p
  "You are no longer "
  a cmd="OPERATE THE LASER"
    "OPERATING THE LASER"
  "."
bugs = true
dir = "SOUTH"
hit_HIVE = 2
hit_WORKBENCH = 1
is_CUPBOARD_open = true
is_REFRIGERATOR_open = true
laser = true
loc = "KITCHEN"
saw_bad_FRONT_DOOR = true
saw_bad_REFRIGERATOR = true
saw_bad_WINDOW = true
saw_good_CUPBOARD = true
saw_good_REFRIGERATOR = true
saw_laser = true
saw_you_good_REFRIGERATOR = true
scom = true
used_laser = true
