1> go to front door
p
  "You "
  a cmd="AMBULATE"
    "AMBULATE"
  " to the "
  a cmd="CONTEMPLATE LIVING ROOM"
    "LIVING ROOM"
  " and "
  a cmd="ROTATE LEFT"
    "ROTATE LEFT"
  "."
p
  "You are now facing the "
  a cmd="CONTEMPLATE FRONT DOOR"
    "FRONT DOOR"
  ". From here you could "
  a cmd="ROTATE LEFT"
    "ROTATE LEFT"
  " to face the "
  a cmd="CONTEMPLATE FUTON"
    "FUTON"
  " or "
  a cmd="ROTATE RIGHT"
    "ROTATE RIGHT"
  " to face the "
  a cmd="CONTEMPLATE WORKBENCH"
    "WORKBENCH"
  "."
p
  "The "
  a cmd="CONTEMPLATE FRONT DOOR"
    "FRONT DOOR"
  " is closed."
dir = "WEST"
hunger = 1
loc = "LIVING ROOM"
2> open front door
p
  "You "
  a cmd="OPERATE THE FRONT DOOR"
    "OPERATE THE FRONT DOOR"
  ". The "
  a cmd="CONTEMPLATE FRONT DOOR"
    "FRONT DOOR"
  " is now open. Through the "
  a cmd="CONTEMPLATE FRONT DOOR"
    "FRONT DOOR"
  " you can see the "
  a cmd="CONTEMPLATE LAWN"
    "LAWN"
  "."
dir = "WEST"
hunger = 1
is_FRONT_DOOR_open = true
loc = "LIVING ROOM"
3> close front door
p
  "You "
  a cmd="OPERATE THE FRONT DOOR"
    "OPERATE THE FRONT DOOR"
  ". The "
  a cmd="CONTEMPLATE FRONT DOOR"
    "FRONT DOOR"
  " is now closed."
dir = "WEST"
hunger = 1
is_FRONT_DOOR_open = false
loc = "LIVING ROOM"
4> go to window
p
  "You "
  a cmd="ROTATE"
    "ROTATE"
  " twice, "
  a cmd="AMBULATE"
    "AMBULATE"
  " to the "
  a cmd="CONTEMPLATE KITCHEN"
    "KITCHEN"
  " and "
  a cmd="ROTATE LEFT"
    "ROTATE LEFT"
  "."
p
  "You are now facing the "
  a cmd="CONTEMPLATE WINDOW"
    "WINDOW"
  ". From here you could "
  a cmd="ROTATE LEFT"
    "ROTATE LEFT"
  " to face the "
  a cmd="CONTEMPLATE LIVING ROOM"
    "LIVING ROOM"
  " or "
  a cmd="ROTATE RIGHT"
    "ROTATE RIGHT"
  " to face the "
  a cmd="CONTEMPLATE CUPBOARD"
    "CUPBOARD"
  "."
p
  "The "
  a cmd="CONTEMPLATE WINDOW"
    "WINDOW"
  " is closed. Through the "
  a cmd="CONTEMPLATE WINDOW"
    "WINDOW"
  " you see a "
  a cmd="CONTEMPLATE TREE"
    "TREE"
  "."
p
  "You receive a text message from "
  a cmd="SWEETIE"
    "SWEETIE"
  "!"
p
  "“I’ll be home soon!”"
p
  "You could "
  a cmd="COMMUNICATE WITH SWEETIE"
    "COMMUNICATE WITH SWEETIE"
  "."
dir = "NORTH"
hunger = 2
is_FRONT_DOOR_open = false
loc = "KITCHEN"
scom = true
5> open window
p
  "You "
  a cmd="OPERATE THE WINDOW"
    "OPERATE THE WINDOW"
  "."
p
  "The "
  a cmd="CONTEMPLATE WINDOW"
    "WINDOW"
  " does not want to stay open on its own! You hold it open for now."
dir = "NORTH"
hunger = 2
is_FRONT_DOOR_open = false
is_WINDOW_open = true
loc = "KITCHEN"
scom = true
6> close window
p
  "You "
  a cmd="OPERATE THE WINDOW"
    "OPERATE THE WINDOW"
  ". The "
  a cmd="CONTEMPLATE WINDOW"
    "WINDOW"
  " is now closed."
dir = "NORTH"
hunger = 2
is_FRONT_DOOR_open = false
is_WINDOW_open = false
loc = "KITCHEN"
scom = true
7> go to cupboard
p
  "You "
  a cmd="ROTATE RIGHT"
    "ROTATE RIGHT"
  "."
p
  "You are now facing the "
  a cmd="CONTEMPLATE CUPBOARD"
    "CUPBOARD"
  ". From here you could "
  a cmd="ROTATE LEFT"
    "ROTATE LEFT"
  " to face the "
  a cmd="CONTEMPLATE WINDOW"
    "WINDOW"
  " or "
  a cmd="ROTATE RIGHT"
    "ROTATE RIGHT"
  " to face the "
  a cmd="CONTEMPLATE REFRIGERATOR"
    "REFRIGERATOR"
  "."
p
  "The "
  a cmd="CONTEMPLATE CUPBOARD"
    "CUPBOARD"
  " is closed."
dir = "EAST"
hunger = 3
is_FRONT_DOOR_open = false
is_WINDOW_open = false
loc = "KITCHEN"
scom = true
8> open cupboard
p
  "You "
  a cmd="OPERATE THE CUPBOARD"
    "OPERATE THE CUPBOARD"
  ". The "
  a cmd="CONTEMPLATE CUPBOARD"
    "CUPBOARD"
  " is now open."
p
  "There is nothing in the "
  a cmd="CONTEMPLATE CUPBOARD"
    "CUPBOARD"
  "!"
dir = "EAST"
hunger = 3
is_CUPBOARD_open = true
is_FRONT_DOOR_open = false
is_WINDOW_open = false
loc = "KITCHEN"
scom = true
9> close cupboard
p
  "You "
  a cmd="OPERATE THE CUPBOARD"
    "OPERATE THE CUPBOARD"
  ". The "
  a cmd="CONTEMPLATE CUPBOARD"
    "CUPBOARD"
  " is now closed."
dir = "EAST"
hunger = 3
is_CUPBOARD_open = false
is_FRONT_DOOR_open = false
is_WINDOW_open = false
loc = "KITCHEN"
scom = true
10> go to fridge
p
  "You "
  a cmd="ROTATE RIGHT"
    "ROTATE RIGHT"
  "."
p
  "You are now facing the "
  a cmd="CONTEMPLATE REFRIGERATOR"
    "REFRIGERATOR"
  ". From here you could "
  a cmd="ROTATE LEFT"
    "ROTATE LEFT"
  " to face the "
  a cmd="CONTEMPLATE CUPBOARD"
    "CUPBOARD"
  " or "
  a cmd="ROTATE RIGHT"
    "ROTATE RIGHT"
  " to face the "
  a cmd="CONTEMPLATE LIVING ROOM"
    "LIVING ROOM"
  "."
p
  "The "
  a cmd="CONTEMPLATE REFRIGERATOR"
    "REFRIGERATOR"
  " is closed."
p
  "There could be something delicious in the "
  a cmd="CONTEMPLATE REFRIGERATOR"
    "REFRIGERATOR"
  "."
dir = "SOUTH"
hunger = 4
is_CUPBOARD_open = false
is_FRONT_DOOR_open = false
is_WINDOW_open = false
loc = "KITCHEN"
scom = true
11> open fridge
p
  "You "
  a cmd="OPERATE THE REFRIGERATOR"
    "OPERATE THE REFRIGERATOR"
  ". The "
  a cmd="CONTEMPLATE REFRIGERATOR"
    "REFRIGERATOR"
  " is now open."
p
  "A swarm of "
  a cmd="CONTEMPLATE BUGS"
    "BUGS"
  " flies out!"
--MORE--
p
  "The "
  a cmd="CONTEMPLATE BUGS"
    "BUGS"
  " emit an uncanny chittering noise!"
--MORE--
p
  "The noise resolves itself into words:"
--MORE--
p
  "“YES THANK YOU SO MUCH IT WAS GETTING SO CROWDED IN THERE!”"
--MORE--
p
  "Every cubic centimeter of the "
  a cmd="CONTEMPLATE REFRIGERATOR"
    "REFRIGERATOR"
  " is packed with complex matrix of unidentified semi-transparent organic matter. It must be some kind of "
  a cmd="CONTEMPLATE HIVE"
    "HIVE"
  ". It is riddled with "
  a cmd="CONTEMPLATE BUGS"
    "BUGS"
  "!"
--MORE--
p
  "The entire apartment is now crawling with "
  a cmd="CONTEMPLATE BUGS"
    "BUGS"
  "!"
--MORE--
p
  "The "
  a cmd="CONTEMPLATE REFRIGERATOR"
    "REFRIGERATOR"
  " does not want to stay open on its own! You hold it open for now."
bugs = true
dir = "SOUTH"
is_CUPBOARD_open = false
is_FRONT_DOOR_open = false
is_REFRIGERATOR_open = true
is_WINDOW_open = false
loc = "KITCHEN"
saw_bad_CUPBOARD = true
saw_bad_FRONT_DOOR = true
saw_bad_REFRIGERATOR = true
saw_bad_WINDOW = true
saw_good_REFRIGERATOR = true
saw_you_good_REFRIGERATOR = true
scom = true
12> close fridge
p
  "You "
  a cmd="OPERATE THE REFRIGERATOR"
    "OPERATE THE REFRIGERATOR"
  ". The "
  a cmd="CONTEMPLATE REFRIGERATOR"
    "REFRIGERATOR"
  " is now closed."
p
  "“EXCUSE US BUT SOMETHING HORRIBLE HAS JUST HAPPENED! WE ARE NO LONGER ABLE TO GET BACK INTO THE "
  a cmd="CONTEMPLATE REFRIGERATOR"
    "REFRIGERATOR"
  "!”"
bugs = true
dir = "SOUTH"
is_CUPBOARD_open = false
is_FRONT_DOOR_open = false
is_REFRIGERATOR_open = false
is_WINDOW_open = false
loc = "KITCHEN"
saw_bad_CUPBOARD = true
saw_bad_FRONT_DOOR = true
saw_bad_REFRIGERATOR = true
saw_bad_WINDOW = true
saw_good_REFRIGERATOR = true
saw_you_bad_REFRIGERATOR = true
saw_you_good_REFRIGERATOR = true
scom = true
13> go to front door
p
  "You "
  a cmd="ROTATE RIGHT"
    "ROTATE RIGHT"
  " and "
  a cmd="AMBULATE"
    "AMBULATE"
  " to the "
  a cmd="CONTEMPLATE LIVING ROOM"
    "LIVING ROOM"
  "."
p
  "You are now facing the "
  a cmd="CONTEMPLATE FRONT DOOR"
    "FRONT DOOR"
  ". From here you could "
  a cmd="ROTATE LEFT"
    "ROTATE LEFT"
  " to face the "
  a cmd="CONTEMPLATE FUTON"
    "FUTON"
  " or "
  a cmd="ROTATE RIGHT"
    "ROTATE RIGHT"
  " to face the "
  a cmd="CONTEMPLATE WORKBENCH"
    "WORKBENCH"
  "."
p
  "The "
  a cmd="CONTEMPLATE FRONT DOOR"
    "FRONT DOOR"
  " is closed."
p
  "The "
  a cmd="CONTEMPLATE FRONT DOOR"
    "FRONT DOOR"
  " is crawling with "
  a cmd="CONTEMPLATE BUGS"
    "BUGS"
  "!"
bugs = true
dir = "WEST"
is_CUPBOARD_open = false
is_FRONT_DOOR_open = false
is_REFRIGERATOR_open = false
is_WINDOW_open = false
loc = "LIVING ROOM"
saw_bad_CUPBOARD = true
saw_bad_FRONT_DOOR = true
saw_bad_REFRIGERATOR = true
saw_bad_WINDOW = true
saw_good_REFRIGERATOR = true
saw_you_bad_REFRIGERATOR = true
saw_you_good_REFRIGERATOR = true
scom = true
14> open front door
p
  "You "
  a cmd="OPERATE THE FRONT DOOR"
    "OPERATE THE FRONT DOOR"
  ". The "
  a cmd="CONTEMPLATE FRONT DOOR"
    "FRONT DOOR"
  " is now open. Through the "
  a cmd="CONTEMPLATE FRONT DOOR"
    "FRONT DOOR"
  " you can see the "
  a cmd="CONTEMPLATE LAWN"
    "LAWN"
  "."
p
  "Some of the "
  a cmd="CONTEMPLATE BUGS"
    "BUGS"
  " fly out the "
  a cmd="CONTEMPLATE FRONT DOOR"
    "FRONT DOOR"
  "! Soon there are "
  a cmd="CONTEMPLATE BUGS"
    "BUGS"
  " flying back and forth through the open "
  a cmd="CONTEMPLATE FRONT DOOR"
    "FRONT DOOR"
  "."
bugs = true
dir = "WEST"
is_CUPBOARD_open = false
is_FRONT_DOOR_open = true
is_REFRIGERATOR_open = false
is_WINDOW_open = false
loc = "LIVING ROOM"
saw_bad_CUPBOARD = true
saw_bad_FRONT_DOOR = true
saw_bad_REFRIGERATOR = true
saw_bad_WINDOW = true
saw_good_FRONT_DOOR = true
saw_good_REFRIGERATOR = true
saw_you_bad_REFRIGERATOR = true
saw_you_good_FRONT_DOOR = true
saw_you_good_REFRIGERATOR = true
scom = true
15> close front door
p
  "You "
  a cmd="OPERATE THE FRONT DOOR"
    "OPERATE THE FRONT DOOR"
  ". The "
  a cmd="CONTEMPLATE FRONT DOOR"
    "FRONT DOOR"
  " is now closed."
p
  "“EXCUSE US PLEASE BUT SOMETHING AWFUL HAS OCCURRED. WE CAN NO LONGER GET THROUGH THE DOOR!”"
bugs = true
dir = "WEST"
is_CUPBOARD_open = false
is_FRONT_DOOR_open = false
is_REFRIGERATOR_open = false
is_WINDOW_open = false
loc = "LIVING ROOM"
saw_bad_CUPBOARD = true
saw_bad_FRONT_DOOR = true
saw_bad_REFRIGERATOR = true
saw_bad_WINDOW = true
saw_good_FRONT_DOOR = true
saw_good_REFRIGERATOR = true
saw_you_bad_FRONT_DOOR = true
saw_you_bad_REFRIGERATOR = true
saw_you_good_FRONT_DOOR = true
saw_you_good_REFRIGERATOR = true
scom = true
16> go to window
p
  "You "
  a cmd="ROTATE"
    "ROTATE"
  " twice, "
  a cmd="AMBULATE"
    "AMBULATE"
  " to the "
  a cmd="CONTEMPLATE KITCHEN"
    "KITCHEN"
  " and "
  a cmd="ROTATE LEFT"
    "ROTATE LEFT"
  "."
p
  "You are now facing the "
  a cmd="CONTEMPLATE WINDOW"
    "WINDOW"
  ". From here you could "
  a cmd="ROTATE LEFT"
    "ROTATE LEFT"
  " to face the "
  a cmd="CONTEMPLATE LIVING ROOM"
    "LIVING ROOM"
  " or "
  a cmd="ROTATE RIGHT"
    "ROTATE RIGHT"
  " to face the "
  a cmd="CONTEMPLATE CUPBOARD"
    "CUPBOARD"
  "."
p
  "The "
  a cmd="CONTEMPLATE WINDOW"
    "WINDOW"
  " is closed. Through the "
  a cmd="CONTEMPLATE WINDOW"
    "WINDOW"
  " you see a "
  a cmd="CONTEMPLATE TREE"
    "TREE"
  "."
p
  "The "
  a cmd="CONTEMPLATE WINDOW"
    "WINDOW"
  " is crawling with "
  a cmd="CONTEMPLATE BUGS"
    "BUGS"
  "!"
bugs = true
dir = "NORTH"
is_CUPBOARD_open = false
is_FRONT_DOOR_open = false
is_REFRIGERATOR_open = false
is_WINDOW_open = false
loc = "KITCHEN"
saw_bad_CUPBOARD = true
saw_bad_FRONT_DOOR = true
saw_bad_REFRIGERATOR = true
saw_bad_WINDOW = true
saw_good_FRONT_DOOR = true
saw_good_REFRIGERATOR = true
saw_you_bad_FRONT_DOOR = true
saw_you_bad_REFRIGERATOR = true
saw_you_good_FRONT_DOOR = true
saw_you_good_REFRIGERATOR = true
scom = true
17> open window
p
  "You "
  a cmd="OPERATE THE WINDOW"
    "OPERATE THE WINDOW"
  "."
p
  "The "
  a cmd="CONTEMPLATE WINDOW"
    "WINDOW"
  " does not want to stay open on its own! You hold it open for now."
p
  a cmd="CONTEMPLATE BUGS"
    "BUGS"
  " begin to fly back and forth through the "
  a cmd="CONTEMPLATE WINDOW"
    "WINDOW"
  " between the "
  a cmd="CONTEMPLATE REFRIGERATOR"
    "REFRIGERATOR"
  " and the "
  a cmd="CONTEMPLATE TREE"
    "TREE"
  "."
bugs = true
dir = "NORTH"
is_CUPBOARD_open = false
is_FRONT_DOOR_open = false
is_REFRIGERATOR_open = false
is_WINDOW_open = true
loc = "KITCHEN"
saw_bad_CUPBOARD = true
saw_bad_FRONT_DOOR = true
saw_bad_REFRIGERATOR = true
saw_bad_WINDOW = true
saw_good_FRONT_DOOR = true
saw_good_REFRIGERATOR = true
saw_good_WINDOW = true
saw_you_bad_FRONT_DOOR = true
saw_you_bad_REFRIGERATOR = true
saw_you_good_FRONT_DOOR = true
saw_you_good_REFRIGERATOR = true
saw_you_good_WINDOW = true
scom = true
18> close window
p
  "You "
  a cmd="OPERATE THE WINDOW"
    "OPERATE THE WINDOW"
  ". The "
  a cmd="CONTEMPLATE WINDOW"
    "WINDOW"
  " is now closed."
p
  "“EXCUSE US PLEASE BUT THERE HAS BEEN A TERRIBLE TRAGEDY. WE ARE NO LONGER ABLE TO PASS THROUGH THE "
  a cmd="CONTEMPLATE WINDOW"
    "WINDOW"
  ".”"
bugs = true
dir = "NORTH"
is_CUPBOARD_open = false
is_FRONT_DOOR_open = false
is_REFRIGERATOR_open = false
is_WINDOW_open = false
loc = "KITCHEN"
saw_bad_CUPBOARD = true
saw_bad_FRONT_DOOR = true
saw_bad_REFRIGERATOR = true
saw_bad_WINDOW = true
saw_good_FRONT_DOOR = true
saw_good_REFRIGERATOR = true
saw_good_WINDOW = true
saw_you_bad_FRONT_DOOR = true
saw_you_bad_REFRIGERATOR = true
saw_you_bad_WINDOW = true
saw_you_good_FRONT_DOOR = true
saw_you_good_REFRIGERATOR = true
saw_you_good_WINDOW = true
scom = true
19> go to cupboard
p
  "You "
  a cmd="ROTATE RIGHT"
    "ROTATE RIGHT"
  "."
p
  "You are now facing the "
  a cmd="CONTEMPLATE CUPBOARD"
    "CUPBOARD"
  ". From here you could "
  a cmd="ROTATE LEFT"
    "ROTATE LEFT"
  " to face the "
  a cmd="CONTEMPLATE WINDOW"
    "WINDOW"
  " or "
  a cmd="ROTATE RIGHT"
    "ROTATE RIGHT"
  " to face the "
  a cmd="CONTEMPLATE REFRIGERATOR"
    "REFRIGERATOR"
  "."
p
  "The "
  a cmd="CONTEMPLATE CUPBOARD"
    "CUPBOARD"
  " is closed."
p
  "The "
  a cmd="CONTEMPLATE CUPBOARD"
    "CUPBOARD"
  " is crawling with "
  a cmd="CONTEMPLATE BUGS"
    "BUGS"
  "!"
bugs = true
dir = "EAST"
is_CUPBOARD_open = false
is_FRONT_DOOR_open = false
is_REFRIGERATOR_open = false
is_WINDOW_open = false
loc = "KITCHEN"
saw_bad_CUPBOARD = true
saw_bad_FRONT_DOOR = true
saw_bad_REFRIGERATOR = true
saw_bad_WINDOW = true
saw_good_FRONT_DOOR = true
saw_good_REFRIGERATOR = true
saw_good_WINDOW = true
saw_you_bad_FRONT_DOOR = true
saw_you_bad_REFRIGERATOR = true
saw_you_bad_WINDOW = true
saw_you_good_FRONT_DOOR = true
saw_you_good_REFRIGERATOR = true
saw_you_good_WINDOW = true
scom = true
20> open cupboard
p
  "You "
  a cmd="OPERATE THE CUPBOARD"
    "OPERATE THE CUPBOARD"
  ". The "
  a cmd="CONTEMPLATE CUPBOARD"
    "CUPBOARD"
  " is now open."
p
  "The "
  a cmd="CONTEMPLATE CUPBOARD"
    "CUPBOARD"
  " is full of "
  a cmd="CONTEMPLATE BUGS"
    "BUGS"
  "!"
bugs = true
dir = "EAST"
is_CUPBOARD_open = true
is_FRONT_DOOR_open = false
is_REFRIGERATOR_open = false
is_WINDOW_open = false
loc = "KITCHEN"
saw_bad_CUPBOARD = true
saw_bad_FRONT_DOOR = true
saw_bad_REFRIGERATOR = true
saw_bad_WINDOW = true
saw_good_CUPBOARD = true
saw_good_FRONT_DOOR = true
saw_good_REFRIGERATOR = true
saw_good_WINDOW = true
saw_you_bad_FRONT_DOOR = true
saw_you_bad_REFRIGERATOR = true
saw_you_bad_WINDOW = true
saw_you_good_CUPBOARD = true
saw_you_good_FRONT_DOOR = true
saw_you_good_REFRIGERATOR = true
saw_you_good_WINDOW = true
scom = true
21> close cupboard
p
  "As you "
  a cmd="OPERATE THE CUPBOARD"
    "OPERATE THE CUPBOARD"
  ", "
  a cmd="CONTEMPLATE BUGS"
    "BUGS"
  " swarm out and settle on its outside surface."
p
  "The "
  a cmd="CONTEMPLATE CUPBOARD"
    "CUPBOARD"
  " is now closed."
bugs = true
dir = "EAST"
is_CUPBOARD_open = false
is_FRONT_DOOR_open = false
is_REFRIGERATOR_open = false
is_WINDOW_open = false
loc = "KITCHEN"
saw_bad_CUPBOARD = true
saw_bad_FRONT_DOOR = true
saw_bad_REFRIGERATOR = true
saw_bad_WINDOW = true
saw_good_CUPBOARD = true
saw_good_FRONT_DOOR = true
saw_good_REFRIGERATOR = true
saw_good_WINDOW = true
saw_you_bad_CUPBOARD = true
saw_you_bad_FRONT_DOOR = true
saw_you_bad_REFRIGERATOR = true
saw_you_bad_WINDOW = true
saw_you_good_CUPBOARD = true
saw_you_good_FRONT_DOOR = true
saw_you_good_REFRIGERATOR = true
saw_you_good_WINDOW = true
scom = true
22> go to fridge
p
  "You "
  a cmd="ROTATE RIGHT"
    "ROTATE RIGHT"
  "."
p
  "You are now facing the "
  a cmd="CONTEMPLATE REFRIGERATOR"
    "REFRIGERATOR"
  ". From here you could "
  a cmd="ROTATE LEFT"
    "ROTATE LEFT"
  " to face the "
  a cmd="CONTEMPLATE CUPBOARD"
    "CUPBOARD"
  " or "
  a cmd="ROTATE RIGHT"
    "ROTATE RIGHT"
  " to face the "
  a cmd="CONTEMPLATE LIVING ROOM"
    "LIVING ROOM"
  "."
p
  "The "
  a cmd="CONTEMPLATE REFRIGERATOR"
    "REFRIGERATOR"
  " is closed."
p
  "The "
  a cmd="CONTEMPLATE REFRIGERATOR"
    "REFRIGERATOR"
  " is crawling with "
  a cmd="CONTEMPLATE BUGS"
    "BUGS"
  "!"
bugs = true
dir = "SOUTH"
is_CUPBOARD_open = false
is_FRONT_DOOR_open = false
is_REFRIGERATOR_open = false
is_WINDOW_open = false
loc = "KITCHEN"
saw_bad_CUPBOARD = true
saw_bad_FRONT_DOOR = true
saw_bad_REFRIGERATOR = true
saw_bad_WINDOW = true
saw_good_CUPBOARD = true
saw_good_FRONT_DOOR = true
saw_good_REFRIGERATOR = true
saw_good_WINDOW = true
saw_you_bad_CUPBOARD = true
saw_you_bad_FRONT_DOOR = true
saw_you_bad_REFRIGERATOR = true
saw_you_bad_WINDOW = true
saw_you_good_CUPBOARD = true
saw_you_good_FRONT_DOOR = true
saw_you_good_REFRIGERATOR = true
saw_you_good_WINDOW = true
scom = true
23> open fridge
p
  "You "
  a cmd="OPERATE THE REFRIGERATOR"
    "OPERATE THE REFRIGERATOR"
  "."
p
  "The "
  a cmd="CONTEMPLATE REFRIGERATOR"
    "REFRIGERATOR"
  " does not want to stay open on its own! You hold it open for now."
p
  "All space inside the "
  a cmd="CONTEMPLATE REFRIGERATOR"
    "REFRIGERATOR"
  " is filled by some kind of "
  a cmd="CONTEMPLATE HIVE"
    "HIVE"
  "."
p
  a cmd="CONTEMPLATE BUGS"
    "BUGS"
  " begin to fly in and out of the "
  a cmd="CONTEMPLATE REFRIGERATOR"
    "REFRIGERATOR"
  "!"
bugs = true
dir = "SOUTH"
is_CUPBOARD_open = false
is_FRONT_DOOR_open = false
is_REFRIGERATOR_open = true
is_WINDOW_open = false
loc = "KITCHEN"
saw_bad_CUPBOARD = true
saw_bad_FRONT_DOOR = true
saw_bad_REFRIGERATOR = true
saw_bad_WINDOW = true
saw_good_CUPBOARD = true
saw_good_FRONT_DOOR = true
saw_good_REFRIGERATOR = true
saw_good_WINDOW = true
saw_you_bad_CUPBOARD = true
saw_you_bad_FRONT_DOOR = true
saw_you_bad_REFRIGERATOR = true
saw_you_bad_WINDOW = true
saw_you_good_CUPBOARD = true
saw_you_good_FRONT_DOOR = true
saw_you_good_REFRIGERATOR = true
saw_you_good_WINDOW = true
scom = true
24> close fridge
p
  "You "
  a cmd="OPERATE THE REFRIGERATOR"
    "OPERATE THE REFRIGERATOR"
  ". The "
  a cmd="CONTEMPLATE REFRIGERATOR"
    "REFRIGERATOR"
  " is now closed."
p
  "“EXCUSE US BUT SOMETHING HORRIBLE HAS JUST HAPPENED! WE ARE NO LONGER ABLE TO GET BACK INTO THE "
  a cmd="CONTEMPLATE REFRIGERATOR"
    "REFRIGERATOR"
  "!”"
bugs = true
dir = "SOUTH"
is_CUPBOARD_open = false
is_FRONT_DOOR_open = false
is_REFRIGERATOR_open = false
is_WINDOW_open = false
loc = "KITCHEN"
saw_bad_CUPBOARD = true
saw_bad_FRONT_DOOR = true
saw_bad_REFRIGERATOR = true
saw_bad_WINDOW = true
saw_good_CUPBOARD = true
saw_good_FRONT_DOOR = true
saw_good_REFRIGERATOR = true
saw_good_WINDOW = true
saw_you_bad_CUPBOARD = true
saw_you_bad_FRONT_DOOR = true
saw_you_bad_REFRIGERATOR = true
saw_you_bad_WINDOW = true
saw_you_good_CUPBOARD = true
saw_you_good_FRONT_DOOR = true
saw_you_good_REFRIGERATOR = true
saw_you_good_WINDOW = true
scom = true
