1> ENUMERATE
p
  "Valid commands include: "
  a cmd="ENUMERATE"
    "ENUMERATE"
  ", "
  a cmd="AMBULATE"
    "AMBULATE"
  ", "
  a cmd="ROTATE"
    "ROTATE"
  ", "
  a cmd="CONTEMPLATE"
    "CONTEMPLATE"
  ", "
  a cmd="OPERATE"
    "OPERATE"
  ", "
  a cmd="COMMUNICATE"
    "COMMUNICATE"
  "."
p
  "You could "
  a cmd="ENUMERATE"
    "ENUMERATE"
  " valid commands again!"
dir = "NORTH"
loc = "FUTON"
2> COMMUNICATE
p
  "You could "
  a cmd="COMMUNICATE WITH SWEETIE ABOUT THE LIVING ROOM"
    "COMMUNICATE WITH SWEETIE ABOUT THE LIVING ROOM"
  "."
dir = "NORTH"
loc = "FUTON"
3> COMMUNICATE WITH SWEETIE ABOUT THE LIVING ROOM
p
  a cmd="CONTEMPLATE SWEETIE"
    "SWEETIE"
  " is always quick to reply to your text messages, even when he is at work!"
p
  "“Ten cubic meters is the perfect size!”"
dir = "NORTH"
loc = "FUTON"
scom = true
4> CONTEMPLATE
p
  "You are sitting on the "
  a cmd="CONTEMPLATE FUTON"
    "FUTON"
  " facing the "
  a cmd="CONTEMPLATE LIVING ROOM"
    "LIVING ROOM"
  "."
p
  "You could "
  a cmd="AMBULATE TO THE LIVING ROOM"
    "AMBULATE TO THE LIVING ROOM"
  " or "
  a cmd="COMMUNICATE ABOUT THE LIVING ROOM"
    "COMMUNICATE ABOUT THE LIVING ROOM"
  "."
dir = "NORTH"
loc = "FUTON"
scom = true
5> AMBULATE TO THE LIVING ROOM
p
  "You "
  a cmd="AMBULATE"
    "AMBULATE"
  " to the "
  a cmd="CONTEMPLATE LIVING ROOM"
    "LIVING ROOM"
  "."
p
  "You are now facing the "
  a cmd="CONTEMPLATE WORKBENCH"
    "WORKBENCH"
  ". From here you could "
  a cmd="ROTATE LEFT"
    "ROTATE LEFT"
  " to face the "
  a cmd="CONTEMPLATE FRONT DOOR"
    "FRONT DOOR"
  " or "
  a cmd="ROTATE RIGHT"
    "ROTATE RIGHT"
  " to face the "
  a cmd="CONTEMPLATE KITCHEN"
    "KITCHEN"
  "."
p
  "On the "
  a cmd="CONTEMPLATE WORKBENCH"
    "WORKBENCH"
  " are a "
  a cmd="CONTEMPLATE SOLDERING TOOL"
    "SOLDERING TOOL"
  " and a "
  a cmd="CONTEMPLATE LASER"
    "LASER"
  "."
dir = "NORTH"
hunger = 1
loc = "LIVING ROOM"
scom = true
6> CONTEMPLATE LASER
p
  "The "
  a cmd="CONTEMPLATE LASER"
    "LASER"
  " is on the "
  a cmd="CONTEMPLATE WORKBENCH"
    "WORKBENCH"
  "."
p
  "You could "
  a cmd="COMMUNICATE ABOUT THE LASER"
    "COMMUNICATE ABOUT THE LASER"
  "."
dir = "NORTH"
hunger = 1
loc = "LIVING ROOM"
scom = true
7> COMMUNICATE ABOUT THE LASER
p
  "“I think laser-cut jigsaw puzzles are bound to be a best seller!”"
dir = "NORTH"
hunger = 1
loc = "LIVING ROOM"
scom = true
8> CONTEMPLATE SOLDERING TOOL
p
  "The "
  a cmd="CONTEMPLATE SOLDERING TOOL"
    "SOLDERING TOOL"
  " is on the "
  a cmd="CONTEMPLATE WORKBENCH"
    "WORKBENCH"
  "."
p
  "You could "
  a cmd="OPERATE THE SOLDERING TOOL"
    "OPERATE THE SOLDERING TOOL"
  " or "
  a cmd="COMMUNICATE ABOUT THE SOLDERING TOOL"
    "COMMUNICATE ABOUT THE SOLDERING TOOL"
  "."
dir = "NORTH"
hunger = 1
loc = "LIVING ROOM"
scom = true
9> COMMUNICATE ABOUT THE SOLDERING TOOL
p
  "“Maybe you can show me when I get home.”"
dir = "NORTH"
hunger = 1
loc = "LIVING ROOM"
scom = true
10> OPERATE THE SOLDERING TOOL
p
  "You "
  a cmd="OPERATE THE SOLDERING TOOL"
    "OPERATE THE SOLDERING TOOL"
  " and mount the "
  a cmd="CONTEMPLATE LASER"
    "LASER"
  " on your head!"
dir = "NORTH"
hunger = 1
laser = true
loc = "LIVING ROOM"
scom = true
11> CONTEMPLATE LASER
p
  "The "
  a cmd="CONTEMPLATE LASER"
    "LASER"
  " is mounted on your head."
p
  "You could "
  a cmd="OPERATE THE LASER"
    "OPERATE THE LASER"
  " or "
  a cmd="COMMUNICATE ABOUT THE LASER"
    "COMMUNICATE ABOUT THE LASER"
  "."
dir = "NORTH"
hunger = 1
laser = true
loc = "LIVING ROOM"
scom = true
12> COMMUNICATE ABOUT THE LASER
p
  "“I think laser-cut jigsaw puzzles are bound to be a best seller!”"
dir = "NORTH"
hunger = 1
laser = true
loc = "LIVING ROOM"
scom = true
13> OPERATE THE LASER
p
  "You "
  a cmd="OPERATE THE LASER"
    "OPERATE THE LASER"
  ". The beam burns a hole in the "
  a cmd="CONTEMPLATE WORKBENCH"
    "WORKBENCH"
  "!"
p
  "You are getting hungry!"
dir = "NORTH"
hit_WORKBENCH = 1
hunger = 2
laser = true
loc = "LIVING ROOM"
scom = true
used_laser = true
14> CONTEMPLATE WORKBENCH
p
  "You are standing in the "
  a cmd="CONTEMPLATE LIVING ROOM"
    "LIVING ROOM"
  " facing the "
  a cmd="CONTEMPLATE WORKBENCH"
    "WORKBENCH"
  ". From here you could "
  a cmd="ROTATE LEFT"
    "ROTATE LEFT"
  " to face the "
  a cmd="CONTEMPLATE FRONT DOOR"
    "FRONT DOOR"
  " or "
  a cmd="ROTATE RIGHT"
    "ROTATE RIGHT"
  " to face the "
  a cmd="CONTEMPLATE KITCHEN"
    "KITCHEN"
  "."
p
  "On the "
  a cmd="CONTEMPLATE WORKBENCH"
    "WORKBENCH"
  " is a "
  a cmd="CONTEMPLATE SOLDERING TOOL"
    "SOLDERING TOOL"
  ". There is a charred hole in the "
  a cmd="CONTEMPLATE WORKBENCH"
    "WORKBENCH"
  "."
p
  "You could "
  a cmd="OPERATE THE WORKBENCH"
    "OPERATE THE WORKBENCH"
  " or "
  a cmd="COMMUNICATE ABOUT THE WORKBENCH"
    "COMMUNICATE ABOUT THE WORKBENCH"
  "."
dir = "NORTH"
hit_WORKBENCH = 1
hunger = 2
laser = true
loc = "LIVING ROOM"
scom = true
used_laser = true
15> ROTATE RIGHT
p
  "You "
  a cmd="ROTATE RIGHT"
    "ROTATE RIGHT"
  "."
p
  "You are now facing the "
  a cmd="CONTEMPLATE KITCHEN"
    "KITCHEN"
  ". You could "
  a cmd="AMBULATE"
    "AMBULATE"
  " to go there."
p
  "From here you could "
  a cmd="ROTATE LEFT"
    "ROTATE LEFT"
  " to face the "
  a cmd="CONTEMPLATE WORKBENCH"
    "WORKBENCH"
  " or "
  a cmd="ROTATE RIGHT"
    "ROTATE RIGHT"
  " to face the "
  a cmd="CONTEMPLATE FUTON"
    "FUTON"
  "."
dir = "EAST"
hit_WORKBENCH = 1
hunger = 3
laser = true
loc = "LIVING ROOM"
scom = true
used_laser = true
16> AMBULATE
p
  "You "
  a cmd="AMBULATE"
    "AMBULATE"
  " to the "
  a cmd="CONTEMPLATE KITCHEN"
    "KITCHEN"
  "."
p
  "You are now facing the "
  a cmd="CONTEMPLATE CUPBOARD"
    "CUPBOARD"
  ". From here you could "
  a cmd="ROTATE LEFT"
    "ROTATE LEFT"
  " to face the "
  a cmd="CONTEMPLATE WINDOW"
    "WINDOW"
  " or "
  a cmd="ROTATE RIGHT"
    "ROTATE RIGHT"
  " to face the "
  a cmd="CONTEMPLATE REFRIGERATOR"
    "REFRIGERATOR"
  "."
p
  "The "
  a cmd="CONTEMPLATE CUPBOARD"
    "CUPBOARD"
  " is closed."
p
  "There could be something delicious in the "
  a cmd="CONTEMPLATE CUPBOARD"
    "CUPBOARD"
  "."
dir = "EAST"
hit_WORKBENCH = 1
hunger = 4
laser = true
loc = "KITCHEN"
scom = true
used_laser = true
17> CONTEMPLATE CUPBOARD
p
  "You are standing in the "
  a cmd="CONTEMPLATE KITCHEN"
    "KITCHEN"
  " facing the "
  a cmd="CONTEMPLATE CUPBOARD"
    "CUPBOARD"
  ". From here you could "
  a cmd="ROTATE LEFT"
    "ROTATE LEFT"
  " to face the "
  a cmd="CONTEMPLATE WINDOW"
    "WINDOW"
  " or "
  a cmd="ROTATE RIGHT"
    "ROTATE RIGHT"
  " to face the "
  a cmd="CONTEMPLATE REFRIGERATOR"
    "REFRIGERATOR"
  "."
p
  "The "
  a cmd="CONTEMPLATE CUPBOARD"
    "CUPBOARD"
  " is closed."
p
  "You could "
  a cmd="OPERATE THE CUPBOARD"
    "OPERATE THE CUPBOARD"
  " or "
  a cmd="COMMUNICATE ABOUT THE CUPBOARD"
    "COMMUNICATE ABOUT THE CUPBOARD"
  "."
dir = "EAST"
hit_WORKBENCH = 1
hunger = 4
laser = true
loc = "KITCHEN"
scom = true
used_laser = true
18> OPERATE THE CUPBOARD
p
  "You "
  a cmd="OPERATE THE CUPBOARD"
    "OPERATE THE CUPBOARD"
  ". The "
  a cmd="CONTEMPLATE CUPBOARD"
    "CUPBOARD"
  " is now open."
p
  "There is nothing in the "
  a cmd="CONTEMPLATE CUPBOARD"
    "CUPBOARD"
  "!"
dir = "EAST"
hit_WORKBENCH = 1
hunger = 4
is_CUPBOARD_open = true
laser = true
loc = "KITCHEN"
scom = true
used_laser = true
19> CONTEMPLATE REFRIGERATOR
p
  "The last time you saw it, the "
  a cmd="CONTEMPLATE REFRIGERATOR"
    "REFRIGERATOR"
  " was closed."
p
  "You could "
  a cmd="ROTATE TO THE REFRIGERATOR"
    "ROTATE TO THE REFRIGERATOR"
  " or "
  a cmd="COMMUNICATE ABOUT THE REFRIGERATOR"
    "COMMUNICATE ABOUT THE REFRIGERATOR"
  "."
dir = "EAST"
hit_WORKBENCH = 1
hunger = 4
is_CUPBOARD_open = true
laser = true
loc = "KITCHEN"
scom = true
used_laser = true
20> ROTATE TO THE REFRIGERATOR
p
  "You "
  a cmd="ROTATE RIGHT"
    "ROTATE RIGHT"
  "."
p
  "You are now facing the "
  a cmd="CONTEMPLATE REFRIGERATOR"
    "REFRIGERATOR"
  ". From here you could "
  a cmd="ROTATE LEFT"
    "ROTATE LEFT"
  " to face the "
  a cmd="CONTEMPLATE CUPBOARD"
    "CUPBOARD"
  " or "
  a cmd="ROTATE RIGHT"
    "ROTATE RIGHT"
  " to face the "
  a cmd="CONTEMPLATE LIVING ROOM"
    "LIVING ROOM"
  "."
p
  "The "
  a cmd="CONTEMPLATE REFRIGERATOR"
    "REFRIGERATOR"
  " is closed."
dir = "SOUTH"
hit_WORKBENCH = 1
hunger = 5
is_CUPBOARD_open = true
laser = true
loc = "KITCHEN"
scom = true
used_laser = true
21> CONTEMPLATE REFRIGERATOR
p
  "You are standing in the "
  a cmd="CONTEMPLATE KITCHEN"
    "KITCHEN"
  " facing the "
  a cmd="CONTEMPLATE REFRIGERATOR"
    "REFRIGERATOR"
  ". From here you could "
  a cmd="ROTATE LEFT"
    "ROTATE LEFT"
  " to face the "
  a cmd="CONTEMPLATE CUPBOARD"
    "CUPBOARD"
  " or "
  a cmd="ROTATE RIGHT"
    "ROTATE RIGHT"
  " to face the "
  a cmd="CONTEMPLATE LIVING ROOM"
    "LIVING ROOM"
  "."
p
  "The "
  a cmd="CONTEMPLATE REFRIGERATOR"
    "REFRIGERATOR"
  " is closed."
p
  "You could "
  a cmd="OPERATE THE REFRIGERATOR"
    "OPERATE THE REFRIGERATOR"
  " or "
  a cmd="COMMUNICATE ABOUT THE REFRIGERATOR"
    "COMMUNICATE ABOUT THE REFRIGERATOR"
  "."
dir = "SOUTH"
hit_WORKBENCH = 1
hunger = 5
is_CUPBOARD_open = true
laser = true
loc = "KITCHEN"
scom = true
used_laser = true
22> OPERATE THE REFRIGERATOR
p
  "You "
  a cmd="OPERATE THE REFRIGERATOR"
    "OPERATE THE REFRIGERATOR"
  ". The "
  a cmd="CONTEMPLATE REFRIGERATOR"
    "REFRIGERATOR"
  " is now open."
p
  "A swarm of "
  a cmd="CONTEMPLATE BUGS"
    "BUGS"
  " flies out!"
--MORE--
p
  "The "
  a cmd="CONTEMPLATE BUGS"
    "BUGS"
  " emit an uncanny chittering noise!"
--MORE--
p
  "The noise resolves itself into words:"
--MORE--
p
  "“YES THANK YOU SO MUCH IT WAS GETTING SO CROWDED IN THERE!”"
--MORE--
p
  "Every cubic centimeter of the "
  a cmd="CONTEMPLATE REFRIGERATOR"
    "REFRIGERATOR"
  " is packed with complex matrix of unidentified semi-transparent organic matter. It must be some kind of "
  a cmd="CONTEMPLATE HIVE"
    "HIVE"
  ". It is riddled with "
  a cmd="CONTEMPLATE BUGS"
    "BUGS"
  "!"
--MORE--
p
  "The entire apartment is now crawling with "
  a cmd="CONTEMPLATE BUGS"
    "BUGS"
  "!"
--MORE--
p
  "The "
  a cmd="CONTEMPLATE REFRIGERATOR"
    "REFRIGERATOR"
  " does not want to stay open on its own! You hold it open for now."
bugs = true
dir = "SOUTH"
hit_WORKBENCH = 1
is_CUPBOARD_open = true
is_REFRIGERATOR_open = true
laser = true
loc = "KITCHEN"
saw_bad_FRONT_DOOR = true
saw_bad_REFRIGERATOR = true
saw_bad_WINDOW = true
saw_good_CUPBOARD = true
saw_good_REFRIGERATOR = true
saw_you_good_REFRIGERATOR = true
scom = true
used_laser = true
23> operate laser
p
  "You "
  a cmd="OPERATE THE LASER"
    "OPERATE THE LASER"
  ". The beam strikes the "
  a cmd="CONTEMPLATE HIVE"
    "H"
  "... wait, what is this?"
--MORE--
p
  "The "
  a cmd="CONTEMPLATE BUGS"
    "BUGS"
  " are flying into the path of the beam!"
--MORE--
p
  "As each bug reaches the beam it bursts into flames!"
--MORE--
p
  "In your surprise, you cease to "
  a cmd="OPERATE THE LASER"
    "OPERATE THE LASER"
  "."
bugs = true
dir = "SOUTH"
hit_HIVE = 1
hit_WORKBENCH = 1
is_CUPBOARD_open = true
is_REFRIGERATOR_open = true
laser = true
loc = "KITCHEN"
saw_bad_FRONT_DOOR = true
saw_bad_REFRIGERATOR = true
saw_bad_WINDOW = true
saw_good_CUPBOARD = true
saw_good_REFRIGERATOR = true
saw_laser = true
saw_you_good_REFRIGERATOR = true
scom = true
used_laser = true
24> OPERATE THE LASER
p
  "Once again the "
  a cmd="CONTEMPLATE BUGS"
    "BUGS"
  " fly into the path of the beam, sacrificing themselves to protect the "
  a cmd="CONTEMPLATE HIVE"
    "HIVE"
  "!"
--MORE--
p
  "“NOOO STOP THIS IS MADNESS!!!”"
--MORE--
p
  "You are no longer "
  a cmd="OPERATE THE LASER"
    "OPERATING THE LASER"
  "."
bugs = true
dir = "SOUTH"
hit_HIVE = 2
hit_WORKBENCH = 1
is_CUPBOARD_open = true
is_REFRIGERATOR_open = true
laser = true
loc = "KITCHEN"
saw_bad_FRONT_DOOR = true
saw_bad_REFRIGERATOR = true
saw_bad_WINDOW = true
saw_good_CUPBOARD = true
saw_good_REFRIGERATOR = true
saw_laser = true
saw_you_good_REFRIGERATOR = true
scom = true
used_laser = true
25> OPERATE THE LASER
p
  "That is not a valid command!"
--MORE--
p
  "Or is it?"
--MORE--
p
  "Maybe it is."
--MORE--
p
  "Calm down. You do not want to blow another capacitor!"
--MORE--
p
  "That is better."
--MORE--
p
  "You are standing in the "
  a cmd="CONTEMPLATE KITCHEN"
    "KITCHEN"
  " facing the "
  a cmd="CONTEMPLATE REFRIGERATOR"
    "REFRIGERATOR"
  "."
p
  "What were you doing here, again?"
bugs = true
dir = "SOUTH"
hit_HIVE = 3
hit_WORKBENCH = 1
is_CUPBOARD_open = true
is_REFRIGERATOR_open = true
laser = true
loc = "KITCHEN"
saw_bad_FRONT_DOOR = true
saw_bad_REFRIGERATOR = true
saw_bad_WINDOW = true
saw_good_CUPBOARD = true
saw_good_REFRIGERATOR = true
saw_laser = true
saw_you_good_REFRIGERATOR = true
scom = true
used_laser = true
26> CONTEMPLATE REFRIGERATOR
p
  "You are standing in the "
  a cmd="CONTEMPLATE KITCHEN"
    "KITCHEN"
  " facing the "
  a cmd="CONTEMPLATE REFRIGERATOR"
    "REFRIGERATOR"
  ". From here you could "
  a cmd="ROTATE LEFT"
    "ROTATE LEFT"
  " to face the "
  a cmd="CONTEMPLATE CUPBOARD"
    "CUPBOARD"
  " or "
  a cmd="ROTATE RIGHT"
    "ROTATE RIGHT"
  " to face the "
  a cmd="CONTEMPLATE LIVING ROOM"
    "LIVING ROOM"
  "."
p
  "The "
  a cmd="CONTEMPLATE REFRIGERATOR"
    "REFRIGERATOR"
  " is open. All space inside the "
  a cmd="CONTEMPLATE REFRIGERATOR"
    "REFRIGERATOR"
  " is filled by some kind of "
  a cmd="CONTEMPLATE HIVE"
    "HIVE"
  "."
p
  "The "
  a cmd="CONTEMPLATE REFRIGERATOR"
    "REFRIGERATOR"
  " is crawling with "
  a cmd="CONTEMPLATE BUGS"
    "BUGS"
  "!"
p
  "You could "
  a cmd="OPERATE THE REFRIGERATOR"
    "OPERATE THE REFRIGERATOR"
  " or "
  a cmd="COMMUNICATE ABOUT THE REFRIGERATOR"
    "COMMUNICATE ABOUT THE REFRIGERATOR"
  "."
bugs = true
dir = "SOUTH"
hit_HIVE = 3
hit_WORKBENCH = 1
is_CUPBOARD_open = true
is_REFRIGERATOR_open = true
laser = true
loc = "KITCHEN"
saw_bad_FRONT_DOOR = true
saw_bad_REFRIGERATOR = true
saw_bad_WINDOW = true
saw_good_CUPBOARD = true
saw_good_REFRIGERATOR = true
saw_laser = true
saw_you_good_REFRIGERATOR = true
scom = true
used_laser = true
27> OPERATE THE REFRIGERATOR
p
  "You "
  a cmd="OPERATE THE REFRIGERATOR"
    "OPERATE THE REFRIGERATOR"
  ". The "
  a cmd="CONTEMPLATE REFRIGERATOR"
    "REFRIGERATOR"
  " is now closed."
p
  "“EXCUSE US BUT SOMETHING HORRIBLE HAS JUST HAPPENED! WE ARE NO LONGER ABLE TO GET BACK INTO THE "
  a cmd="CONTEMPLATE REFRIGERATOR"
    "REFRIGERATOR"
  "!”"
bugs = true
dir = "SOUTH"
hit_HIVE = 3
hit_WORKBENCH = 1
is_CUPBOARD_open = true
is_REFRIGERATOR_open = false
laser = true
loc = "KITCHEN"
saw_bad_FRONT_DOOR = true
saw_bad_REFRIGERATOR = true
saw_bad_WINDOW = true
saw_good_CUPBOARD = true
saw_good_REFRIGERATOR = true
saw_laser = true
saw_you_bad_REFRIGERATOR = true
saw_you_good_REFRIGERATOR = true
scom = true
used_laser = true
28> CONTEMPLATE REFRIGERATOR
p
  "You are standing in the "
  a cmd="CONTEMPLATE KITCHEN"
    "KITCHEN"
  " facing the "
  a cmd="CONTEMPLATE REFRIGERATOR"
    "REFRIGERATOR"
  ". From here you could "
  a cmd="ROTATE LEFT"
    "ROTATE LEFT"
  " to face the "
  a cmd="CONTEMPLATE CUPBOARD"
    "CUPBOARD"
  " or "
  a cmd="ROTATE RIGHT"
    "ROTATE RIGHT"
  " to face the "
  a cmd="CONTEMPLATE LIVING ROOM"
    "LIVING ROOM"
  "."
p
  "The "
  a cmd="CONTEMPLATE REFRIGERATOR"
    "REFRIGERATOR"
  " is closed."
p
  "The "
  a cmd="CONTEMPLATE REFRIGERATOR"
    "REFRIGERATOR"
  " is crawling with "
  a cmd="CONTEMPLATE BUGS"
    "BUGS"
  "!"
p
  "You could "
  a cmd="OPERATE THE REFRIGERATOR"
    "OPERATE THE REFRIGERATOR"
  " or "
  a cmd="COMMUNICATE ABOUT THE REFRIGERATOR"
    "COMMUNICATE ABOUT THE REFRIGERATOR"
  "."
bugs = true
dir = "SOUTH"
hit_HIVE = 3
hit_WORKBENCH = 1
is_CUPBOARD_open = true
is_REFRIGERATOR_open = false
laser = true
loc = "KITCHEN"
saw_bad_FRONT_DOOR = true
saw_bad_REFRIGERATOR = true
saw_bad_WINDOW = true
saw_good_CUPBOARD = true
saw_good_REFRIGERATOR = true
saw_laser = true
saw_you_bad_REFRIGERATOR = true
saw_you_good_REFRIGERATOR = true
scom = true
used_laser = true
29> COMMUNICATE ABOUT THE REFRIGERATOR
p
  "You could "
  a cmd="COMMUNICATE WITH THE BUGS ABOUT THE REFRIGERATOR"
    "COMMUNICATE WITH THE BUGS ABOUT THE REFRIGERATOR"
  " or "
  a cmd="COMMUNICATE WITH SWEETIE ABOUT THE REFRIGERATOR"
    "COMMUNICATE WITH SWEETIE ABOUT THE REFRIGERATOR"
  "."
bugs = true
dir = "SOUTH"
hit_HIVE = 3
hit_WORKBENCH = 1
is_CUPBOARD_open = true
is_REFRIGERATOR_open = false
laser = true
loc = "KITCHEN"
saw_bad_FRONT_DOOR = true
saw_bad_REFRIGERATOR = true
saw_bad_WINDOW = true
saw_good_CUPBOARD = true
saw_good_REFRIGERATOR = true
saw_laser = true
saw_you_bad_REFRIGERATOR = true
saw_you_good_REFRIGERATOR = true
scom = true
used_laser = true
30> COMMUNICATE WITH THE BUGS ABOUT THE REFRIGERATOR
p
  "“YES THE "
  a cmd="CONTEMPLATE REFRIGERATOR"
    "REFRIGERATOR"
  " IS WHERE OUR CIVILIZATION EVOLVED. IT WILL ALWAYS BE OUR NATIVE LAND! UNFORTUNATELY WE ARE CUT OFF FROM OUR "
  a cmd="CONTEMPLATE HIVE"
    "HIVE"
  ". IT IS QUITE TRAGIC. THANK YOU SO MUCH FOR YOUR CONCERN.”"
bugs = true
dir = "SOUTH"
hit_HIVE = 3
hit_WORKBENCH = 1
is_CUPBOARD_open = true
is_REFRIGERATOR_open = false
laser = true
loc = "KITCHEN"
saw_bad_FRONT_DOOR = true
saw_bad_REFRIGERATOR = true
saw_bad_WINDOW = true
saw_good_CUPBOARD = true
saw_good_REFRIGERATOR = true
saw_laser = true
saw_you_bad_REFRIGERATOR = true
saw_you_good_REFRIGERATOR = true
scom = true
shoo_REFRIGERATOR = true
used_laser = true
31> COMMUNICATE WITH SWEETIE ABOUT THE REFRIGERATOR
p
  "“"
  a cmd="CONTEMPLATE BUGS"
    "BUGS"
  "? Oh dear! So they have been in there since we moved in? Longer, I guess. What about the "
  a cmd="CONTEMPLATE FUTON"
    "FUTON"
  "? Have the "
  a cmd="CONTEMPLATE BUGS"
    "BUGS"
  " gotten to it?”"
bugs = true
dir = "SOUTH"
hit_HIVE = 3
hit_WORKBENCH = 1
is_CUPBOARD_open = true
is_REFRIGERATOR_open = false
laser = true
loc = "KITCHEN"
saw_bad_FRONT_DOOR = true
saw_bad_REFRIGERATOR = true
saw_bad_WINDOW = true
saw_good_CUPBOARD = true
saw_good_REFRIGERATOR = true
saw_laser = true
saw_you_bad_REFRIGERATOR = true
saw_you_good_REFRIGERATOR = true
sbugs = true
scom = true
shoo_REFRIGERATOR = true
told_REFRIGERATOR = true
used_laser = true
32> CONTEMPLATE FUTON
p
  "You could "
  a cmd="AMBULATE TO THE FUTON"
    "AMBULATE TO THE FUTON"
  " or "
  a cmd="COMMUNICATE ABOUT THE FUTON"
    "COMMUNICATE ABOUT THE FUTON"
  "."
bugs = true
dir = "SOUTH"
hit_HIVE = 3
hit_WORKBENCH = 1
is_CUPBOARD_open = true
is_REFRIGERATOR_open = false
laser = true
loc = "KITCHEN"
saw_bad_FRONT_DOOR = true
saw_bad_REFRIGERATOR = true
saw_bad_WINDOW = true
saw_good_CUPBOARD = true
saw_good_REFRIGERATOR = true
saw_laser = true
saw_you_bad_REFRIGERATOR = true
saw_you_good_REFRIGERATOR = true
sbugs = true
scom = true
shoo_REFRIGERATOR = true
told_REFRIGERATOR = true
used_laser = true
33> AMBULATE TO THE FUTON
p
  "You "
  a cmd="ROTATE RIGHT"
    "ROTATE RIGHT"
  ", "
  a cmd="AMBULATE"
    "AMBULATE"
  " to the "
  a cmd="CONTEMPLATE LIVING ROOM"
    "LIVING ROOM"
  " and "
  a cmd="ROTATE LEFT"
    "ROTATE LEFT"
  "."
p
  "You are now facing the "
  a cmd="CONTEMPLATE FUTON"
    "FUTON"
  ". You could "
  a cmd="AMBULATE"
    "AMBULATE"
  " to go there."
p
  "From here you could "
  a cmd="ROTATE LEFT"
    "ROTATE LEFT"
  " to face the "
  a cmd="CONTEMPLATE KITCHEN"
    "KITCHEN"
  " or "
  a cmd="ROTATE RIGHT"
    "ROTATE RIGHT"
  " to face the "
  a cmd="CONTEMPLATE FRONT DOOR"
    "FRONT DOOR"
  "."
p
  "The "
  a cmd="CONTEMPLATE FUTON"
    "FUTON"
  " is crawling with "
  a cmd="CONTEMPLATE BUGS"
    "BUGS"
  "!"
bugs = true
dir = "SOUTH"
fret_age = 1
hit_HIVE = 3
hit_WORKBENCH = 1
is_CUPBOARD_open = true
is_REFRIGERATOR_open = false
laser = true
loc = "LIVING ROOM"
saw_bad_FRONT_DOOR = true
saw_bad_REFRIGERATOR = true
saw_bad_WINDOW = true
saw_good_CUPBOARD = true
saw_good_REFRIGERATOR = true
saw_laser = true
saw_you_bad_REFRIGERATOR = true
saw_you_good_REFRIGERATOR = true
sbugs = true
scom = true
shoo_REFRIGERATOR = true
told_REFRIGERATOR = true
used_laser = true
34> COMMUNICATE ABOUT THE FUTON
p
  "You could "
  a cmd="COMMUNICATE WITH THE BUGS ABOUT THE FUTON"
    "COMMUNICATE WITH THE BUGS ABOUT THE FUTON"
  " or "
  a cmd="COMMUNICATE WITH SWEETIE ABOUT THE FUTON"
    "COMMUNICATE WITH SWEETIE ABOUT THE FUTON"
  "."
bugs = true
dir = "SOUTH"
fret_age = 1
hit_HIVE = 3
hit_WORKBENCH = 1
is_CUPBOARD_open = true
is_REFRIGERATOR_open = false
laser = true
loc = "LIVING ROOM"
saw_bad_FRONT_DOOR = true
saw_bad_REFRIGERATOR = true
saw_bad_WINDOW = true
saw_good_CUPBOARD = true
saw_good_REFRIGERATOR = true
saw_laser = true
saw_you_bad_REFRIGERATOR = true
saw_you_good_REFRIGERATOR = true
sbugs = true
scom = true
shoo_REFRIGERATOR = true
told_REFRIGERATOR = true
used_laser = true
35> COMMUNICATE WITH SWEETIE ABOUT THE FUTON
p
  "“That does not sound conducive to cuddles on the "
  a cmd="CONTEMPLATE FUTON"
    "FUTON"
  "! There must be some way to get them off!”"
bugs = true
dir = "SOUTH"
fret_age = 1
hit_HIVE = 3
hit_WORKBENCH = 1
is_CUPBOARD_open = true
is_REFRIGERATOR_open = false
laser = true
loc = "LIVING ROOM"
saw_bad_FRONT_DOOR = true
saw_bad_REFRIGERATOR = true
saw_bad_WINDOW = true
saw_good_CUPBOARD = true
saw_good_REFRIGERATOR = true
saw_laser = true
saw_you_bad_REFRIGERATOR = true
saw_you_good_REFRIGERATOR = true
sbugs = true
scom = true
shoo_REFRIGERATOR = true
told_FUTON = true
told_REFRIGERATOR = true
used_laser = true
36> COMMUNICATE WITH THE BUGS ABOUT THE FUTON
p
  "“YES THANK YOU FOR WARNING US. WE DO NOT WISH TO INTERFERE WITH YOUR ACTIVITIES.”"
p
  "The "
  a cmd="CONTEMPLATE BUGS"
    "BUGS"
  " fly away from the "
  a cmd="CONTEMPLATE FUTON"
    "FUTON"
  "!"
bugs = true
dir = "SOUTH"
fret_age = 1
hit_HIVE = 3
hit_WORKBENCH = 1
is_CUPBOARD_open = true
is_REFRIGERATOR_open = false
laser = true
loc = "LIVING ROOM"
saw_bad_FRONT_DOOR = true
saw_bad_REFRIGERATOR = true
saw_bad_WINDOW = true
saw_good_CUPBOARD = true
saw_good_REFRIGERATOR = true
saw_laser = true
saw_you_bad_REFRIGERATOR = true
saw_you_good_REFRIGERATOR = true
sbugs = true
scom = true
shoo_FUTON = true
shoo_REFRIGERATOR = true
told_FUTON = true
told_REFRIGERATOR = true
used_laser = true
37> COMMUNICATE WITH SWEETIE ABOUT THE FUTON
p
  "“Good job, sweetie! But what about the "
  a cmd="CONTEMPLATE WORKBENCH"
    "WORKBENCH"
  "? Have the "
  a cmd="CONTEMPLATE BUGS"
    "BUGS"
  " gotten to it?”"
bugs = true
dir = "SOUTH"
hit_HIVE = 3
hit_WORKBENCH = 1
is_CUPBOARD_open = true
is_REFRIGERATOR_open = false
laser = true
loc = "LIVING ROOM"
saw_bad_FRONT_DOOR = true
saw_bad_REFRIGERATOR = true
saw_bad_WINDOW = true
saw_good_CUPBOARD = true
saw_good_REFRIGERATOR = true
saw_laser = true
saw_you_bad_REFRIGERATOR = true
saw_you_good_REFRIGERATOR = true
sbugs = true
scom = true
shoo_FUTON = true
shoo_REFRIGERATOR = true
told_FUTON = false
told_REFRIGERATOR = true
used_laser = true
38> CONTEMPLATE WORKBENCH
p
  "You could "
  a cmd="ROTATE TO THE WORKBENCH"
    "ROTATE TO THE WORKBENCH"
  " or "
  a cmd="COMMUNICATE ABOUT THE WORKBENCH"
    "COMMUNICATE ABOUT THE WORKBENCH"
  "."
bugs = true
dir = "SOUTH"
hit_HIVE = 3
hit_WORKBENCH = 1
is_CUPBOARD_open = true
is_REFRIGERATOR_open = false
laser = true
loc = "LIVING ROOM"
saw_bad_FRONT_DOOR = true
saw_bad_REFRIGERATOR = true
saw_bad_WINDOW = true
saw_good_CUPBOARD = true
saw_good_REFRIGERATOR = true
saw_laser = true
saw_you_bad_REFRIGERATOR = true
saw_you_good_REFRIGERATOR = true
sbugs = true
scom = true
shoo_FUTON = true
shoo_REFRIGERATOR = true
told_FUTON = false
told_REFRIGERATOR = true
used_laser = true
39> ROTATE TO THE WORKBENCH
p
  "You "
  a cmd="ROTATE"
    "ROTATE"
  " twice."
p
  "You are now facing the "
  a cmd="CONTEMPLATE WORKBENCH"
    "WORKBENCH"
  ". From here you could "
  a cmd="ROTATE LEFT"
    "ROTATE LEFT"
  " to face the "
  a cmd="CONTEMPLATE FRONT DOOR"
    "FRONT DOOR"
  " or "
  a cmd="ROTATE RIGHT"
    "ROTATE RIGHT"
  " to face the "
  a cmd="CONTEMPLATE KITCHEN"
    "KITCHEN"
  "."
p
  "On the "
  a cmd="CONTEMPLATE WORKBENCH"
    "WORKBENCH"
  " is a "
  a cmd="CONTEMPLATE SOLDERING TOOL"
    "SOLDERING TOOL"
  ". There is a charred hole in the "
  a cmd="CONTEMPLATE WORKBENCH"
    "WORKBENCH"
  "."
p
  "The "
  a cmd="CONTEMPLATE WORKBENCH"
    "WORKBENCH"
  " is crawling with "
  a cmd="CONTEMPLATE BUGS"
    "BUGS"
  "!"
bugs = true
dir = "NORTH"
fret_age = 1
hit_HIVE = 3
hit_WORKBENCH = 1
is_CUPBOARD_open = true
is_REFRIGERATOR_open = false
laser = true
loc = "LIVING ROOM"
saw_bad_FRONT_DOOR = true
saw_bad_REFRIGERATOR = true
saw_bad_WINDOW = true
saw_good_CUPBOARD = true
saw_good_REFRIGERATOR = true
saw_laser = true
saw_you_bad_REFRIGERATOR = true
saw_you_good_REFRIGERATOR = true
sbugs = true
scom = true
shoo_FUTON = true
shoo_REFRIGERATOR = true
told_FUTON = false
told_REFRIGERATOR = true
used_laser = true
40> COMMUNICATE ABOUT THE WORKBENCH
p
  "You could "
  a cmd="COMMUNICATE WITH THE BUGS ABOUT THE WORKBENCH"
    "COMMUNICATE WITH THE BUGS ABOUT THE WORKBENCH"
  " or "
  a cmd="COMMUNICATE WITH SWEETIE ABOUT THE WORKBENCH"
    "COMMUNICATE WITH SWEETIE ABOUT THE WORKBENCH"
  "."
bugs = true
dir = "NORTH"
fret_age = 1
hit_HIVE = 3
hit_WORKBENCH = 1
is_CUPBOARD_open = true
is_REFRIGERATOR_open = false
laser = true
loc = "LIVING ROOM"
saw_bad_FRONT_DOOR = true
saw_bad_REFRIGERATOR = true
saw_bad_WINDOW = true
saw_good_CUPBOARD = true
saw_good_REFRIGERATOR = true
saw_laser = true
saw_you_bad_REFRIGERATOR = true
saw_you_good_REFRIGERATOR = true
sbugs = true
scom = true
shoo_FUTON = true
shoo_REFRIGERATOR = true
told_FUTON = false
told_REFRIGERATOR = true
used_laser = true
41> COMMUNICATE WITH THE BUGS ABOUT THE WORKBENCH
p
  "“YES WE ARE DELIGHTED TO PARTICIPATE IN YOUR BUSINESS PLAN BY KEEPING OFF THE "
  a cmd="CONTEMPLATE WORKBENCH"
    "WORKBENCH"
  ".”"
p
  "The "
  a cmd="CONTEMPLATE BUGS"
    "BUGS"
  " fly away from the "
  a cmd="CONTEMPLATE WORKBENCH"
    "WORKBENCH"
  "!"
bugs = true
dir = "NORTH"
fret_age = 1
hit_HIVE = 3
hit_WORKBENCH = 1
is_CUPBOARD_open = true
is_REFRIGERATOR_open = false
laser = true
loc = "LIVING ROOM"
saw_bad_FRONT_DOOR = true
saw_bad_REFRIGERATOR = true
saw_bad_WINDOW = true
saw_good_CUPBOARD = true
saw_good_REFRIGERATOR = true
saw_laser = true
saw_you_bad_REFRIGERATOR = true
saw_you_good_REFRIGERATOR = true
sbugs = true
scom = true
shoo_FUTON = true
shoo_REFRIGERATOR = true
shoo_WORKBENCH = true
told_FUTON = false
told_REFRIGERATOR = true
used_laser = true
42> COMMUNICATE WITH SWEETIE ABOUT THE WORKBENCH
p
  "“Good job, sweetie! But what about the "
  a cmd="CONTEMPLATE FRONT DOOR"
    "FRONT DOOR"
  "? Have the "
  a cmd="CONTEMPLATE BUGS"
    "BUGS"
  " gotten to it?”"
bugs = true
dir = "NORTH"
hit_HIVE = 3
hit_WORKBENCH = 1
is_CUPBOARD_open = true
is_REFRIGERATOR_open = false
laser = true
loc = "LIVING ROOM"
saw_bad_FRONT_DOOR = true
saw_bad_REFRIGERATOR = true
saw_bad_WINDOW = true
saw_good_CUPBOARD = true
saw_good_REFRIGERATOR = true
saw_laser = true
saw_you_bad_REFRIGERATOR = true
saw_you_good_REFRIGERATOR = true
sbugs = true
scom = true
shoo_FUTON = true
shoo_REFRIGERATOR = true
shoo_WORKBENCH = true
told_FUTON = false
told_REFRIGERATOR = true
told_WORKBENCH = false
used_laser = true
43> CONTEMPLATE FRONT DOOR
p
  "The last time you saw it, the "
  a cmd="CONTEMPLATE FRONT DOOR"
    "FRONT DOOR"
  " was closed."
p
  "You could "
  a cmd="ROTATE TO THE FRONT DOOR"
    "ROTATE TO THE FRONT DOOR"
  " or "
  a cmd="COMMUNICATE ABOUT THE FRONT DOOR"
    "COMMUNICATE ABOUT THE FRONT DOOR"
  "."
bugs = true
dir = "NORTH"
hit_HIVE = 3
hit_WORKBENCH = 1
is_CUPBOARD_open = true
is_REFRIGERATOR_open = false
laser = true
loc = "LIVING ROOM"
saw_bad_FRONT_DOOR = true
saw_bad_REFRIGERATOR = true
saw_bad_WINDOW = true
saw_good_CUPBOARD = true
saw_good_REFRIGERATOR = true
saw_laser = true
saw_you_bad_REFRIGERATOR = true
saw_you_good_REFRIGERATOR = true
sbugs = true
scom = true
shoo_FUTON = true
shoo_REFRIGERATOR = true
shoo_WORKBENCH = true
told_FUTON = false
told_REFRIGERATOR = true
told_WORKBENCH = false
used_laser = true
44> ROTATE TO THE FRONT DOOR
p
  "You "
  a cmd="ROTATE LEFT"
    "ROTATE LEFT"
  "."
p
  "You are now facing the "
  a cmd="CONTEMPLATE FRONT DOOR"
    "FRONT DOOR"
  ". From here you could "
  a cmd="ROTATE LEFT"
    "ROTATE LEFT"
  " to face the "
  a cmd="CONTEMPLATE FUTON"
    "FUTON"
  " or "
  a cmd="ROTATE RIGHT"
    "ROTATE RIGHT"
  " to face the "
  a cmd="CONTEMPLATE WORKBENCH"
    "WORKBENCH"
  "."
p
  "The "
  a cmd="CONTEMPLATE FRONT DOOR"
    "FRONT DOOR"
  " is closed."
p
  "The "
  a cmd="CONTEMPLATE FRONT DOOR"
    "FRONT DOOR"
  " is crawling with "
  a cmd="CONTEMPLATE BUGS"
    "BUGS"
  "!"
bugs = true
dir = "WEST"
fret_age = 1
hit_HIVE = 3
hit_WORKBENCH = 1
is_CUPBOARD_open = true
is_REFRIGERATOR_open = false
laser = true
loc = "LIVING ROOM"
saw_bad_FRONT_DOOR = true
saw_bad_REFRIGERATOR = true
saw_bad_WINDOW = true
saw_good_CUPBOARD = true
saw_good_REFRIGERATOR = true
saw_laser = true
saw_you_bad_REFRIGERATOR = true
saw_you_good_REFRIGERATOR = true
sbugs = true
scom = true
shoo_FUTON = true
shoo_REFRIGERATOR = true
shoo_WORKBENCH = true
told_FUTON = false
told_REFRIGERATOR = true
told_WORKBENCH = false
used_laser = true
45> COMMUNICATE ABOUT THE FRONT DOOR
p
  "You could "
  a cmd="COMMUNICATE WITH THE BUGS ABOUT THE FRONT DOOR"
    "COMMUNICATE WITH THE BUGS ABOUT THE FRONT DOOR"
  " or "
  a cmd="COMMUNICATE WITH SWEETIE ABOUT THE FRONT DOOR"
    "COMMUNICATE WITH SWEETIE ABOUT THE FRONT DOOR"
  "."
bugs = true
dir = "WEST"
fret_age = 1
hit_HIVE = 3
hit_WORKBENCH = 1
is_CUPBOARD_open = true
is_REFRIGERATOR_open = false
laser = true
loc = "LIVING ROOM"
saw_bad_FRONT_DOOR = true
saw_bad_REFRIGERATOR = true
saw_bad_WINDOW = true
saw_good_CUPBOARD = true
saw_good_REFRIGERATOR = true
saw_laser = true
saw_you_bad_REFRIGERATOR = true
saw_you_good_REFRIGERATOR = true
sbugs = true
scom = true
shoo_FUTON = true
shoo_REFRIGERATOR = true
shoo_WORKBENCH = true
told_FUTON = false
told_REFRIGERATOR = true
told_WORKBENCH = false
used_laser = true
46> COMMUNICATE WITH THE BUGS ABOUT THE FRONT DOOR
p
  "“YES PLEASE DEMONSTRATE THE OPERATION OF THE "
  a cmd="CONTEMPLATE FRONT DOOR"
    "FRONT DOOR"
  " SO THAT WE MAY EVALUATE ITS RELEVANCE TO OUR STRATEGIC INTERESTS. THANK YOU SO MUCH!”"
bugs = true
dir = "WEST"
fret_age = 1
hit_HIVE = 3
hit_WORKBENCH = 1
is_CUPBOARD_open = true
is_REFRIGERATOR_open = false
laser = true
loc = "LIVING ROOM"
saw_bad_FRONT_DOOR = true
saw_bad_REFRIGERATOR = true
saw_bad_WINDOW = true
saw_good_CUPBOARD = true
saw_good_REFRIGERATOR = true
saw_laser = true
saw_you_bad_REFRIGERATOR = true
saw_you_good_REFRIGERATOR = true
sbugs = true
scom = true
shoo_FRONT_DOOR = true
shoo_FUTON = true
shoo_REFRIGERATOR = true
shoo_WORKBENCH = true
told_FUTON = false
told_REFRIGERATOR = true
told_WORKBENCH = false
used_laser = true
47> CONTEMPLATE FRONT DOOR
p
  "You are standing in the "
  a cmd="CONTEMPLATE LIVING ROOM"
    "LIVING ROOM"
  " facing the "
  a cmd="CONTEMPLATE FRONT DOOR"
    "FRONT DOOR"
  ". From here you could "
  a cmd="ROTATE LEFT"
    "ROTATE LEFT"
  " to face the "
  a cmd="CONTEMPLATE FUTON"
    "FUTON"
  " or "
  a cmd="ROTATE RIGHT"
    "ROTATE RIGHT"
  " to face the "
  a cmd="CONTEMPLATE WORKBENCH"
    "WORKBENCH"
  "."
p
  "The "
  a cmd="CONTEMPLATE FRONT DOOR"
    "FRONT DOOR"
  " is closed."
p
  "The "
  a cmd="CONTEMPLATE FRONT DOOR"
    "FRONT DOOR"
  " is crawling with "
  a cmd="CONTEMPLATE BUGS"
    "BUGS"
  "!"
p
  "You could "
  a cmd="OPERATE THE FRONT DOOR"
    "OPERATE THE FRONT DOOR"
  " or "
  a cmd="COMMUNICATE ABOUT THE FRONT DOOR"
    "COMMUNICATE ABOUT THE FRONT DOOR"
  "."
bugs = true
dir = "WEST"
fret_age = 1
hit_HIVE = 3
hit_WORKBENCH = 1
is_CUPBOARD_open = true
is_REFRIGERATOR_open = false
laser = true
loc = "LIVING ROOM"
saw_bad_FRONT_DOOR = true
saw_bad_REFRIGERATOR = true
saw_bad_WINDOW = true
saw_good_CUPBOARD = true
saw_good_REFRIGERATOR = true
saw_laser = true
saw_you_bad_REFRIGERATOR = true
saw_you_good_REFRIGERATOR = true
sbugs = true
scom = true
shoo_FRONT_DOOR = true
shoo_FUTON = true
shoo_REFRIGERATOR = true
shoo_WORKBENCH = true
told_FUTON = false
told_REFRIGERATOR = true
told_WORKBENCH = false
used_laser = true
48> OPERATE THE FRONT DOOR
p
  "You "
  a cmd="OPERATE THE FRONT DOOR"
    "OPERATE THE FRONT DOOR"
  ". The "
  a cmd="CONTEMPLATE FRONT DOOR"
    "FRONT DOOR"
  " is now open. Through the "
  a cmd="CONTEMPLATE FRONT DOOR"
    "FRONT DOOR"
  " you can see the "
  a cmd="CONTEMPLATE LAWN"
    "LAWN"
  "."
p
  "Some of the "
  a cmd="CONTEMPLATE BUGS"
    "BUGS"
  " fly out the "
  a cmd="CONTEMPLATE FRONT DOOR"
    "FRONT DOOR"
  "! Soon there are "
  a cmd="CONTEMPLATE BUGS"
    "BUGS"
  " flying back and forth through the open "
  a cmd="CONTEMPLATE FRONT DOOR"
    "FRONT DOOR"
  "."
bugs = true
dir = "WEST"
fret_age = 1
hit_HIVE = 3
hit_WORKBENCH = 1
is_CUPBOARD_open = true
is_FRONT_DOOR_open = true
is_REFRIGERATOR_open = false
laser = true
loc = "LIVING ROOM"
saw_bad_FRONT_DOOR = true
saw_bad_REFRIGERATOR = true
saw_bad_WINDOW = true
saw_good_CUPBOARD = true
saw_good_FRONT_DOOR = true
saw_good_REFRIGERATOR = true
saw_laser = true
saw_you_bad_REFRIGERATOR = true
saw_you_good_FRONT_DOOR = true
saw_you_good_REFRIGERATOR = true
sbugs = true
scom = true
shoo_FRONT_DOOR = true
shoo_FUTON = true
shoo_REFRIGERATOR = true
shoo_WORKBENCH = true
told_FUTON = false
told_REFRIGERATOR = true
told_WORKBENCH = false
used_laser = true
49> COMMUNICATE WITH THE BUGS ABOUT THE FRONT DOOR
p
  "“YES WE UNDERSTAND, HOWEVER BEFORE WE CAN PROPERLY DISCUSS THIS MATTER WE MUST REGRETFULLY BRING UP YOUR INCONSISTENT BEHAVIOR WITH RESPECT TO THE "
  a cmd="CONTEMPLATE REFRIGERATOR"
    "REFRIGERATOR"
  ". IF WE CANNOT REACH THEM WITH THE DELICIOUS NUTRIENTS FROM THE "
  a cmd="CONTEMPLATE TREE"
    "TREE"
  ", OUR PEOPLE IN THE "
  a cmd="CONTEMPLATE HIVE"
    "HIVE"
  " WILL SLOWLY STARVE TO DEATH. THANK YOU SO MUCH!”"
bugs = true
dir = "WEST"
fret_age = 1
hit_HIVE = 3
hit_WORKBENCH = 1
is_CUPBOARD_open = true
is_FRONT_DOOR_open = true
is_REFRIGERATOR_open = false
laser = true
loc = "LIVING ROOM"
saw_bad_FRONT_DOOR = true
saw_bad_REFRIGERATOR = true
saw_bad_WINDOW = true
saw_good_CUPBOARD = true
saw_good_FRONT_DOOR = true
saw_good_REFRIGERATOR = true
saw_laser = true
saw_you_bad_REFRIGERATOR = true
saw_you_good_FRONT_DOOR = true
saw_you_good_REFRIGERATOR = true
sbugs = true
scom = true
shoo_FRONT_DOOR = true
shoo_FUTON = true
shoo_REFRIGERATOR = true
shoo_WORKBENCH = true
told_FUTON = false
told_REFRIGERATOR = true
told_WORKBENCH = false
used_laser = true
50> CONTEMPLATE REFRIGERATOR
p
  "The last time you saw it, the "
  a cmd="CONTEMPLATE REFRIGERATOR"
    "REFRIGERATOR"
  " was closed."
p
  "You could "
  a cmd="AMBULATE TO THE REFRIGERATOR"
    "AMBULATE TO THE REFRIGERATOR"
  " or "
  a cmd="COMMUNICATE ABOUT THE REFRIGERATOR"
    "COMMUNICATE ABOUT THE REFRIGERATOR"
  "."
bugs = true
dir = "WEST"
fret_age = 1
hit_HIVE = 3
hit_WORKBENCH = 1
is_CUPBOARD_open = true
is_FRONT_DOOR_open = true
is_REFRIGERATOR_open = false
laser = true
loc = "LIVING ROOM"
saw_bad_FRONT_DOOR = true
saw_bad_REFRIGERATOR = true
saw_bad_WINDOW = true
saw_good_CUPBOARD = true
saw_good_FRONT_DOOR = true
saw_good_REFRIGERATOR = true
saw_laser = true
saw_you_bad_REFRIGERATOR = true
saw_you_good_FRONT_DOOR = true
saw_you_good_REFRIGERATOR = true
sbugs = true
scom = true
shoo_FRONT_DOOR = true
shoo_FUTON = true
shoo_REFRIGERATOR = true
shoo_WORKBENCH = true
told_FUTON = false
told_REFRIGERATOR = true
told_WORKBENCH = false
used_laser = true
51> AMBULATE TO THE REFRIGERATOR
p
  "You "
  a cmd="ROTATE"
    "ROTATE"
  " twice, "
  a cmd="AMBULATE"
    "AMBULATE"
  " to the "
  a cmd="CONTEMPLATE KITCHEN"
    "KITCHEN"
  " and "
  a cmd="ROTATE RIGHT"
    "ROTATE RIGHT"
  "."
p
  "You are now facing the "
  a cmd="CONTEMPLATE REFRIGERATOR"
    "REFRIGERATOR"
  ". From here you could "
  a cmd="ROTATE LEFT"
    "ROTATE LEFT"
  " to face the "
  a cmd="CONTEMPLATE CUPBOARD"
    "CUPBOARD"
  " or "
  a cmd="ROTATE RIGHT"
    "ROTATE RIGHT"
  " to face the "
  a cmd="CONTEMPLATE LIVING ROOM"
    "LIVING ROOM"
  "."
p
  "The "
  a cmd="CONTEMPLATE REFRIGERATOR"
    "REFRIGERATOR"
  " is closed."
p
  "The "
  a cmd="CONTEMPLATE REFRIGERATOR"
    "REFRIGERATOR"
  " is crawling with "
  a cmd="CONTEMPLATE BUGS"
    "BUGS"
  "!"
bugs = true
dir = "SOUTH"
fret_age = 2
hit_HIVE = 3
hit_WORKBENCH = 1
is_CUPBOARD_open = true
is_FRONT_DOOR_open = true
is_REFRIGERATOR_open = false
laser = true
loc = "KITCHEN"
saw_bad_FRONT_DOOR = true
saw_bad_REFRIGERATOR = true
saw_bad_WINDOW = true
saw_good_CUPBOARD = true
saw_good_FRONT_DOOR = true
saw_good_REFRIGERATOR = true
saw_laser = true
saw_you_bad_REFRIGERATOR = true
saw_you_good_FRONT_DOOR = true
saw_you_good_REFRIGERATOR = true
sbugs = true
scom = true
shoo_FRONT_DOOR = true
shoo_FUTON = true
shoo_REFRIGERATOR = true
shoo_WORKBENCH = true
told_FUTON = false
told_REFRIGERATOR = true
told_WORKBENCH = false
used_laser = true
52> CONTEMPLATE REFRIGERATOR
p
  "You are standing in the "
  a cmd="CONTEMPLATE KITCHEN"
    "KITCHEN"
  " facing the "
  a cmd="CONTEMPLATE REFRIGERATOR"
    "REFRIGERATOR"
  ". From here you could "
  a cmd="ROTATE LEFT"
    "ROTATE LEFT"
  " to face the "
  a cmd="CONTEMPLATE CUPBOARD"
    "CUPBOARD"
  " or "
  a cmd="ROTATE RIGHT"
    "ROTATE RIGHT"
  " to face the "
  a cmd="CONTEMPLATE LIVING ROOM"
    "LIVING ROOM"
  "."
p
  "The "
  a cmd="CONTEMPLATE REFRIGERATOR"
    "REFRIGERATOR"
  " is closed."
p
  "The "
  a cmd="CONTEMPLATE REFRIGERATOR"
    "REFRIGERATOR"
  " is crawling with "
  a cmd="CONTEMPLATE BUGS"
    "BUGS"
  "!"
p
  "You could "
  a cmd="OPERATE THE REFRIGERATOR"
    "OPERATE THE REFRIGERATOR"
  " or "
  a cmd="COMMUNICATE ABOUT THE REFRIGERATOR"
    "COMMUNICATE ABOUT THE REFRIGERATOR"
  "."
bugs = true
dir = "SOUTH"
fret_age = 2
hit_HIVE = 3
hit_WORKBENCH = 1
is_CUPBOARD_open = true
is_FRONT_DOOR_open = true
is_REFRIGERATOR_open = false
laser = true
loc = "KITCHEN"
saw_bad_FRONT_DOOR = true
saw_bad_REFRIGERATOR = true
saw_bad_WINDOW = true
saw_good_CUPBOARD = true
saw_good_FRONT_DOOR = true
saw_good_REFRIGERATOR = true
saw_laser = true
saw_you_bad_REFRIGERATOR = true
saw_you_good_FRONT_DOOR = true
saw_you_good_REFRIGERATOR = true
sbugs = true
scom = true
shoo_FRONT_DOOR = true
shoo_FUTON = true
shoo_REFRIGERATOR = true
shoo_WORKBENCH = true
told_FUTON = false
told_REFRIGERATOR = true
told_WORKBENCH = false
used_laser = true
53> OPERATE THE REFRIGERATOR
p
  "You "
  a cmd="OPERATE THE REFRIGERATOR"
    "OPERATE THE REFRIGERATOR"
  "."
p
  "The "
  a cmd="CONTEMPLATE REFRIGERATOR"
    "REFRIGERATOR"
  " does not want to stay open on its own! You hold it open for now."
p
  "All space inside the "
  a cmd="CONTEMPLATE REFRIGERATOR"
    "REFRIGERATOR"
  " is filled by some kind of "
  a cmd="CONTEMPLATE HIVE"
    "HIVE"
  "."
p
  a cmd="CONTEMPLATE BUGS"
    "BUGS"
  " begin to fly in and out of the "
  a cmd="CONTEMPLATE REFRIGERATOR"
    "REFRIGERATOR"
  "!"
bugs = true
dir = "SOUTH"
fret_age = 2
hit_HIVE = 3
hit_WORKBENCH = 1
is_CUPBOARD_open = true
is_FRONT_DOOR_open = true
is_REFRIGERATOR_open = true
laser = true
loc = "KITCHEN"
saw_bad_FRONT_DOOR = true
saw_bad_REFRIGERATOR = true
saw_bad_WINDOW = true
saw_good_CUPBOARD = true
saw_good_FRONT_DOOR = true
saw_good_REFRIGERATOR = true
saw_laser = true
saw_you_bad_REFRIGERATOR = true
saw_you_good_FRONT_DOOR = true
saw_you_good_REFRIGERATOR = true
sbugs = true
scom = true
shoo_FRONT_DOOR = true
shoo_FUTON = true
shoo_REFRIGERATOR = true
shoo_WORKBENCH = true
told_FUTON = false
told_REFRIGERATOR = true
told_WORKBENCH = false
used_laser = true
54> COMMUNICATE WITH THE BUGS ABOUT THE REFRIGERATOR
p
  "“YES THE "
  a cmd="CONTEMPLATE REFRIGERATOR"
    "REFRIGERATOR"
  " IS WHERE OUR CIVILIZATION EVOLVED. IT WILL ALWAYS BE OUR NATIVE LAND! THANK YOU SO MUCH FOR YOUR ASSISTANCE IN AVERTING DISASTER!”"
bugs = true
dir = "SOUTH"
fret_age = 2
hit_HIVE = 3
hit_WORKBENCH = 1
is_CUPBOARD_open = true
is_FRONT_DOOR_open = true
is_REFRIGERATOR_open = true
laser = true
loc = "KITCHEN"
saw_bad_FRONT_DOOR = true
saw_bad_REFRIGERATOR = true
saw_bad_WINDOW = true
saw_good_CUPBOARD = true
saw_good_FRONT_DOOR = true
saw_good_REFRIGERATOR = true
saw_laser = true
saw_you_bad_REFRIGERATOR = true
saw_you_good_FRONT_DOOR = true
saw_you_good_REFRIGERATOR = true
sbugs = true
scom = true
shoo_FRONT_DOOR = true
shoo_FUTON = true
shoo_REFRIGERATOR = true
shoo_WORKBENCH = true
told_FUTON = false
told_REFRIGERATOR = true
told_WORKBENCH = false
used_laser = true
55> COMMUNICATE WITH SWEETIE ABOUT THE REFRIGERATOR
p
  "“So they have been in there since we moved in? Longer, I guess. What about the "
  a cmd="CONTEMPLATE FRONT DOOR"
    "FRONT DOOR"
  "? Have the "
  a cmd="CONTEMPLATE BUGS"
    "BUGS"
  " gotten to it?”"
bugs = true
dir = "SOUTH"
hit_HIVE = 3
hit_WORKBENCH = 1
is_CUPBOARD_open = true
is_FRONT_DOOR_open = true
is_REFRIGERATOR_open = true
laser = true
loc = "KITCHEN"
saw_bad_FRONT_DOOR = true
saw_bad_REFRIGERATOR = true
saw_bad_WINDOW = true
saw_good_CUPBOARD = true
saw_good_FRONT_DOOR = true
saw_good_REFRIGERATOR = true
saw_laser = true
saw_you_bad_REFRIGERATOR = true
saw_you_good_FRONT_DOOR = true
saw_you_good_REFRIGERATOR = true
sbugs = true
scom = true
shoo_FRONT_DOOR = true
shoo_FUTON = true
shoo_REFRIGERATOR = true
shoo_WORKBENCH = true
told_FUTON = false
told_REFRIGERATOR = true
told_WORKBENCH = false
used_laser = true
56> CONTEMPLATE FRONT DOOR
p
  "The last time you saw it, the "
  a cmd="CONTEMPLATE FRONT DOOR"
    "FRONT DOOR"
  " was open."
p
  "You could "
  a cmd="AMBULATE TO THE FRONT DOOR"
    "AMBULATE TO THE FRONT DOOR"
  " or "
  a cmd="COMMUNICATE ABOUT THE FRONT DOOR"
    "COMMUNICATE ABOUT THE FRONT DOOR"
  "."
bugs = true
dir = "SOUTH"
hit_HIVE = 3
hit_WORKBENCH = 1
is_CUPBOARD_open = true
is_FRONT_DOOR_open = true
is_REFRIGERATOR_open = true
laser = true
loc = "KITCHEN"
saw_bad_FRONT_DOOR = true
saw_bad_REFRIGERATOR = true
saw_bad_WINDOW = true
saw_good_CUPBOARD = true
saw_good_FRONT_DOOR = true
saw_good_REFRIGERATOR = true
saw_laser = true
saw_you_bad_REFRIGERATOR = true
saw_you_good_FRONT_DOOR = true
saw_you_good_REFRIGERATOR = true
sbugs = true
scom = true
shoo_FRONT_DOOR = true
shoo_FUTON = true
shoo_REFRIGERATOR = true
shoo_WORKBENCH = true
told_FUTON = false
told_REFRIGERATOR = true
told_WORKBENCH = false
used_laser = true
57> COMMUNICATE ABOUT THE FRONT DOOR
p
  "You could "
  a cmd="COMMUNICATE WITH THE BUGS ABOUT THE FRONT DOOR"
    "COMMUNICATE WITH THE BUGS ABOUT THE FRONT DOOR"
  " or "
  a cmd="COMMUNICATE WITH SWEETIE ABOUT THE FRONT DOOR"
    "COMMUNICATE WITH SWEETIE ABOUT THE FRONT DOOR"
  "."
bugs = true
dir = "SOUTH"
hit_HIVE = 3
hit_WORKBENCH = 1
is_CUPBOARD_open = true
is_FRONT_DOOR_open = true
is_REFRIGERATOR_open = true
laser = true
loc = "KITCHEN"
saw_bad_FRONT_DOOR = true
saw_bad_REFRIGERATOR = true
saw_bad_WINDOW = true
saw_good_CUPBOARD = true
saw_good_FRONT_DOOR = true
saw_good_REFRIGERATOR = true
saw_laser = true
saw_you_bad_REFRIGERATOR = true
saw_you_good_FRONT_DOOR = true
saw_you_good_REFRIGERATOR = true
sbugs = true
scom = true
shoo_FRONT_DOOR = true
shoo_FUTON = true
shoo_REFRIGERATOR = true
shoo_WORKBENCH = true
told_FUTON = false
told_REFRIGERATOR = true
told_WORKBENCH = false
used_laser = true
58> COMMUNICATE WITH THE BUGS ABOUT THE FRONT DOOR
p
  "“YES WE UNDERSTAND. UNFORTUNATELY THE "
  a cmd="CONTEMPLATE WINDOW"
    "WINDOW"
  " HAS CLOSED AGAIN LEAVING THE "
  a cmd="CONTEMPLATE FRONT DOOR"
    "FRONT DOOR"
  " AS OUR ONLY MEANS OF ACCESS TO THE "
  a cmd="CONTEMPLATE TREE"
    "TREE"
  ". WE HAVE AN ENTIRE CIVILIZATION TO FEED. THANK YOU FOR YOUR UNDERSTANDING!”"
bugs = true
dir = "SOUTH"
hit_HIVE = 3
hit_WORKBENCH = 1
is_CUPBOARD_open = true
is_FRONT_DOOR_open = true
is_REFRIGERATOR_open = true
laser = true
loc = "KITCHEN"
saw_bad_FRONT_DOOR = true
saw_bad_REFRIGERATOR = true
saw_bad_WINDOW = true
saw_good_CUPBOARD = true
saw_good_FRONT_DOOR = true
saw_good_REFRIGERATOR = true
saw_laser = true
saw_you_bad_REFRIGERATOR = true
saw_you_good_FRONT_DOOR = true
saw_you_good_REFRIGERATOR = true
sbugs = true
scom = true
shoo_FRONT_DOOR = true
shoo_FUTON = true
shoo_REFRIGERATOR = true
shoo_WORKBENCH = true
told_FUTON = false
told_REFRIGERATOR = true
told_WORKBENCH = false
used_laser = true
59> CONTEMPLATE WINDOW
p
  "The last time you saw it, the "
  a cmd="CONTEMPLATE WINDOW"
    "WINDOW"
  " was closed."
p
  "You could "
  a cmd="ROTATE TO THE WINDOW"
    "ROTATE TO THE WINDOW"
  " or "
  a cmd="COMMUNICATE ABOUT THE WINDOW"
    "COMMUNICATE ABOUT THE WINDOW"
  "."
bugs = true
dir = "SOUTH"
hit_HIVE = 3
hit_WORKBENCH = 1
is_CUPBOARD_open = true
is_FRONT_DOOR_open = true
is_REFRIGERATOR_open = true
laser = true
loc = "KITCHEN"
saw_bad_FRONT_DOOR = true
saw_bad_REFRIGERATOR = true
saw_bad_WINDOW = true
saw_good_CUPBOARD = true
saw_good_FRONT_DOOR = true
saw_good_REFRIGERATOR = true
saw_laser = true
saw_you_bad_REFRIGERATOR = true
saw_you_good_FRONT_DOOR = true
saw_you_good_REFRIGERATOR = true
sbugs = true
scom = true
shoo_FRONT_DOOR = true
shoo_FUTON = true
shoo_REFRIGERATOR = true
shoo_WORKBENCH = true
told_FUTON = false
told_REFRIGERATOR = true
told_WORKBENCH = false
used_laser = true
60> ROTATE TO THE WINDOW
p
  "You "
  a cmd="ROTATE"
    "ROTATE"
  " twice."
p
  "The "
  a cmd="CONTEMPLATE REFRIGERATOR"
    "REFRIGERATOR"
  " swings shut as you "
  a cmd="ROTATE"
    "ROTATE"
  " away."
p
  "“NO WAIT COME BACK THE "
  a cmd="CONTEMPLATE REFRIGERATOR"
    "REFRIGERATOR"
  " HAS CLOSED AGAIN WE ARE DOOMED!”"
--MORE--
p
  "You are now facing the "
  a cmd="CONTEMPLATE WINDOW"
    "WINDOW"
  ". From here you could "
  a cmd="ROTATE LEFT"
    "ROTATE LEFT"
  " to face the "
  a cmd="CONTEMPLATE LIVING ROOM"
    "LIVING ROOM"
  " or "
  a cmd="ROTATE RIGHT"
    "ROTATE RIGHT"
  " to face the "
  a cmd="CONTEMPLATE CUPBOARD"
    "CUPBOARD"
  "."
p
  "The "
  a cmd="CONTEMPLATE WINDOW"
    "WINDOW"
  " is closed. Through the "
  a cmd="CONTEMPLATE WINDOW"
    "WINDOW"
  " you see a "
  a cmd="CONTEMPLATE TREE"
    "TREE"
  "."
p
  "The "
  a cmd="CONTEMPLATE WINDOW"
    "WINDOW"
  " is crawling with "
  a cmd="CONTEMPLATE BUGS"
    "BUGS"
  "!"
bugs = true
dir = "NORTH"
fret_age = 1
hit_HIVE = 3
hit_WORKBENCH = 1
is_CUPBOARD_open = true
is_FRONT_DOOR_open = true
is_REFRIGERATOR_open = false
laser = true
loc = "KITCHEN"
saw_bad_FRONT_DOOR = true
saw_bad_REFRIGERATOR = true
saw_bad_WINDOW = true
saw_good_CUPBOARD = true
saw_good_FRONT_DOOR = true
saw_good_REFRIGERATOR = true
saw_laser = true
saw_you_bad_REFRIGERATOR = true
saw_you_good_FRONT_DOOR = true
saw_you_good_REFRIGERATOR = true
sbugs = true
scom = true
shoo_FRONT_DOOR = true
shoo_FUTON = true
shoo_REFRIGERATOR = true
shoo_WORKBENCH = true
told_FUTON = false
told_REFRIGERATOR = true
told_WORKBENCH = false
used_laser = true
61> CONTEMPLATE WINDOW
p
  "You are standing in the "
  a cmd="CONTEMPLATE KITCHEN"
    "KITCHEN"
  " facing the "
  a cmd="CONTEMPLATE WINDOW"
    "WINDOW"
  ". From here you could "
  a cmd="ROTATE LEFT"
    "ROTATE LEFT"
  " to face the "
  a cmd="CONTEMPLATE LIVING ROOM"
    "LIVING ROOM"
  " or "
  a cmd="ROTATE RIGHT"
    "ROTATE RIGHT"
  " to face the "
  a cmd="CONTEMPLATE CUPBOARD"
    "CUPBOARD"
  "."
p
  "The "
  a cmd="CONTEMPLATE WINDOW"
    "WINDOW"
  " is closed. Through the "
  a cmd="CONTEMPLATE WINDOW"
    "WINDOW"
  " you see a "
  a cmd="CONTEMPLATE TREE"
    "TREE"
  "."
p
  "The "
  a cmd="CONTEMPLATE WINDOW"
    "WINDOW"
  " is crawling with "
  a cmd="CONTEMPLATE BUGS"
    "BUGS"
  "!"
p
  "You could "
  a cmd="OPERATE THE WINDOW"
    "OPERATE THE WINDOW"
  " or "
  a cmd="COMMUNICATE ABOUT THE WINDOW"
    "COMMUNICATE ABOUT THE WINDOW"
  "."
bugs = true
dir = "NORTH"
fret_age = 1
hit_HIVE = 3
hit_WORKBENCH = 1
is_CUPBOARD_open = true
is_FRONT_DOOR_open = true
is_REFRIGERATOR_open = false
laser = true
loc = "KITCHEN"
saw_bad_FRONT_DOOR = true
saw_bad_REFRIGERATOR = true
saw_bad_WINDOW = true
saw_good_CUPBOARD = true
saw_good_FRONT_DOOR = true
saw_good_REFRIGERATOR = true
saw_laser = true
saw_you_bad_REFRIGERATOR = true
saw_you_good_FRONT_DOOR = true
saw_you_good_REFRIGERATOR = true
sbugs = true
scom = true
shoo_FRONT_DOOR = true
shoo_FUTON = true
shoo_REFRIGERATOR = true
shoo_WORKBENCH = true
told_FUTON = false
told_REFRIGERATOR = true
told_WORKBENCH = false
used_laser = true
62> OPERATE THE WINDOW
p
  "You "
  a cmd="OPERATE THE WINDOW"
    "OPERATE THE WINDOW"
  "."
p
  "The "
  a cmd="CONTEMPLATE WINDOW"
    "WINDOW"
  " does not want to stay open on its own! You hold it open for now."
p
  a cmd="CONTEMPLATE BUGS"
    "BUGS"
  " begin to fly back and forth through the "
  a cmd="CONTEMPLATE WINDOW"
    "WINDOW"
  " between the "
  a cmd="CONTEMPLATE REFRIGERATOR"
    "REFRIGERATOR"
  " and the "
  a cmd="CONTEMPLATE TREE"
    "TREE"
  "."
bugs = true
dir = "NORTH"
fret_age = 1
hit_HIVE = 3
hit_WORKBENCH = 1
is_CUPBOARD_open = true
is_FRONT_DOOR_open = true
is_REFRIGERATOR_open = false
is_WINDOW_open = true
laser = true
loc = "KITCHEN"
saw_bad_FRONT_DOOR = true
saw_bad_REFRIGERATOR = true
saw_bad_WINDOW = true
saw_good_CUPBOARD = true
saw_good_FRONT_DOOR = true
saw_good_REFRIGERATOR = true
saw_good_WINDOW = true
saw_laser = true
saw_you_bad_REFRIGERATOR = true
saw_you_good_FRONT_DOOR = true
saw_you_good_REFRIGERATOR = true
saw_you_good_WINDOW = true
sbugs = true
scom = true
shoo_FRONT_DOOR = true
shoo_FUTON = true
shoo_REFRIGERATOR = true
shoo_WORKBENCH = true
told_FUTON = false
told_REFRIGERATOR = true
told_WORKBENCH = false
used_laser = true
63> CONTEMPLATE REFRIGERATOR
p
  "The last time you saw it, the "
  a cmd="CONTEMPLATE REFRIGERATOR"
    "REFRIGERATOR"
  " was closed."
p
  "You could "
  a cmd="ROTATE TO THE REFRIGERATOR"
    "ROTATE TO THE REFRIGERATOR"
  " or "
  a cmd="COMMUNICATE ABOUT THE REFRIGERATOR"
    "COMMUNICATE ABOUT THE REFRIGERATOR"
  "."
bugs = true
dir = "NORTH"
fret_age = 1
hit_HIVE = 3
hit_WORKBENCH = 1
is_CUPBOARD_open = true
is_FRONT_DOOR_open = true
is_REFRIGERATOR_open = false
is_WINDOW_open = true
laser = true
loc = "KITCHEN"
saw_bad_FRONT_DOOR = true
saw_bad_REFRIGERATOR = true
saw_bad_WINDOW = true
saw_good_CUPBOARD = true
saw_good_FRONT_DOOR = true
saw_good_REFRIGERATOR = true
saw_good_WINDOW = true
saw_laser = true
saw_you_bad_REFRIGERATOR = true
saw_you_good_FRONT_DOOR = true
saw_you_good_REFRIGERATOR = true
saw_you_good_WINDOW = true
sbugs = true
scom = true
shoo_FRONT_DOOR = true
shoo_FUTON = true
shoo_REFRIGERATOR = true
shoo_WORKBENCH = true
told_FUTON = false
told_REFRIGERATOR = true
told_WORKBENCH = false
used_laser = true
64> ROTATE TO THE REFRIGERATOR
p
  "You "
  a cmd="ROTATE"
    "ROTATE"
  " twice."
p
  "The "
  a cmd="CONTEMPLATE WINDOW"
    "WINDOW"
  " slides closed as you "
  a cmd="ROTATE"
    "ROTATE"
  " away."
p
  "“NO WAIT PLEASE THE "
  a cmd="CONTEMPLATE WINDOW"
    "WINDOW"
  " IS CLOSED NOW! HELP!”"
--MORE--
p
  "You are now facing the "
  a cmd="CONTEMPLATE REFRIGERATOR"
    "REFRIGERATOR"
  ". From here you could "
  a cmd="ROTATE LEFT"
    "ROTATE LEFT"
  " to face the "
  a cmd="CONTEMPLATE CUPBOARD"
    "CUPBOARD"
  " or "
  a cmd="ROTATE RIGHT"
    "ROTATE RIGHT"
  " to face the "
  a cmd="CONTEMPLATE LIVING ROOM"
    "LIVING ROOM"
  "."
p
  "The "
  a cmd="CONTEMPLATE REFRIGERATOR"
    "REFRIGERATOR"
  " is closed."
p
  "The "
  a cmd="CONTEMPLATE REFRIGERATOR"
    "REFRIGERATOR"
  " is crawling with "
  a cmd="CONTEMPLATE BUGS"
    "BUGS"
  "!"
bugs = true
dir = "SOUTH"
fret_age = 2
hit_HIVE = 3
hit_WORKBENCH = 1
is_CUPBOARD_open = true
is_FRONT_DOOR_open = true
is_REFRIGERATOR_open = false
is_WINDOW_open = false
laser = true
loc = "KITCHEN"
saw_bad_FRONT_DOOR = true
saw_bad_REFRIGERATOR = true
saw_bad_WINDOW = true
saw_good_CUPBOARD = true
saw_good_FRONT_DOOR = true
saw_good_REFRIGERATOR = true
saw_good_WINDOW = true
saw_laser = true
saw_you_bad_REFRIGERATOR = true
saw_you_bad_WINDOW = true
saw_you_good_FRONT_DOOR = true
saw_you_good_REFRIGERATOR = true
saw_you_good_WINDOW = true
sbugs = true
scom = true
shoo_FRONT_DOOR = true
shoo_FUTON = true
shoo_REFRIGERATOR = true
shoo_WORKBENCH = true
told_FUTON = false
told_REFRIGERATOR = true
told_WORKBENCH = false
used_laser = true
65> operate laser
p
  "You "
  a cmd="OPERATE THE LASER"
    "OPERATE THE LASER"
  ". The beam burns a hole in the "
  a cmd="CONTEMPLATE REFRIGERATOR"
    "REFRIGERATOR"
  "! "
  a cmd="CONTEMPLATE BUGS"
    "BUGS"
  " begin to fly in and out of the hole!"
bugs = true
dir = "SOUTH"
fret_age = 3
hit_HIVE = 3
hit_REFRIGERATOR = 1
hit_WORKBENCH = 1
is_CUPBOARD_open = true
is_FRONT_DOOR_open = true
is_REFRIGERATOR_open = false
is_WINDOW_open = false
laser = true
loc = "KITCHEN"
saw_bad_FRONT_DOOR = true
saw_bad_REFRIGERATOR = true
saw_bad_WINDOW = true
saw_good_CUPBOARD = true
saw_good_FRONT_DOOR = true
saw_good_REFRIGERATOR = true
saw_good_WINDOW = true
saw_laser = true
saw_you_bad_REFRIGERATOR = true
saw_you_bad_WINDOW = true
saw_you_good_FRONT_DOOR = true
saw_you_good_REFRIGERATOR = true
saw_you_good_WINDOW = true
sbugs = true
scom = true
shoo_FRONT_DOOR = true
shoo_FUTON = true
shoo_REFRIGERATOR = true
shoo_WORKBENCH = true
told_FUTON = false
told_REFRIGERATOR = true
told_WORKBENCH = false
used_laser = true
66> COMMUNICATE WITH THE BUGS ABOUT THE FRONT DOOR
p
  "“YES WE UNDERSTAND. UNFORTUNATELY THE "
  a cmd="CONTEMPLATE WINDOW"
    "WINDOW"
  " HAS CLOSED AGAIN LEAVING THE "
  a cmd="CONTEMPLATE FRONT DOOR"
    "FRONT DOOR"
  " AS OUR ONLY MEANS OF ACCESS TO THE "
  a cmd="CONTEMPLATE TREE"
    "TREE"
  ". WE HAVE AN ENTIRE CIVILIZATION TO FEED. THANK YOU FOR YOUR UNDERSTANDING!”"
bugs = true
dir = "SOUTH"
fret_age = 3
hit_HIVE = 3
hit_REFRIGERATOR = 1
hit_WORKBENCH = 1
is_CUPBOARD_open = true
is_FRONT_DOOR_open = true
is_REFRIGERATOR_open = false
is_WINDOW_open = false
laser = true
loc = "KITCHEN"
saw_bad_FRONT_DOOR = true
saw_bad_REFRIGERATOR = true
saw_bad_WINDOW = true
saw_good_CUPBOARD = true
saw_good_FRONT_DOOR = true
saw_good_REFRIGERATOR = true
saw_good_WINDOW = true
saw_laser = true
saw_you_bad_REFRIGERATOR = true
saw_you_bad_WINDOW = true
saw_you_good_FRONT_DOOR = true
saw_you_good_REFRIGERATOR = true
saw_you_good_WINDOW = true
sbugs = true
scom = true
shoo_FRONT_DOOR = true
shoo_FUTON = true
shoo_REFRIGERATOR = true
shoo_WORKBENCH = true
told_FUTON = false
told_REFRIGERATOR = true
told_WORKBENCH = false
used_laser = true
67> CONTEMPLATE WINDOW
p
  "The last time you saw it, the "
  a cmd="CONTEMPLATE WINDOW"
    "WINDOW"
  " was closed."
p
  "You could "
  a cmd="ROTATE TO THE WINDOW"
    "ROTATE TO THE WINDOW"
  " or "
  a cmd="COMMUNICATE ABOUT THE WINDOW"
    "COMMUNICATE ABOUT THE WINDOW"
  "."
bugs = true
dir = "SOUTH"
fret_age = 3
hit_HIVE = 3
hit_REFRIGERATOR = 1
hit_WORKBENCH = 1
is_CUPBOARD_open = true
is_FRONT_DOOR_open = true
is_REFRIGERATOR_open = false
is_WINDOW_open = false
laser = true
loc = "KITCHEN"
saw_bad_FRONT_DOOR = true
saw_bad_REFRIGERATOR = true
saw_bad_WINDOW = true
saw_good_CUPBOARD = true
saw_good_FRONT_DOOR = true
saw_good_REFRIGERATOR = true
saw_good_WINDOW = true
saw_laser = true
saw_you_bad_REFRIGERATOR = true
saw_you_bad_WINDOW = true
saw_you_good_FRONT_DOOR = true
saw_you_good_REFRIGERATOR = true
saw_you_good_WINDOW = true
sbugs = true
scom = true
shoo_FRONT_DOOR = true
shoo_FUTON = true
shoo_REFRIGERATOR = true
shoo_WORKBENCH = true
told_FUTON = false
told_REFRIGERATOR = true
told_WORKBENCH = false
used_laser = true
68> ROTATE TO THE WINDOW
p
  "You "
  a cmd="ROTATE"
    "ROTATE"
  " twice."
p
  "You are now facing the "
  a cmd="CONTEMPLATE WINDOW"
    "WINDOW"
  ". From here you could "
  a cmd="ROTATE LEFT"
    "ROTATE LEFT"
  " to face the "
  a cmd="CONTEMPLATE LIVING ROOM"
    "LIVING ROOM"
  " or "
  a cmd="ROTATE RIGHT"
    "ROTATE RIGHT"
  " to face the "
  a cmd="CONTEMPLATE CUPBOARD"
    "CUPBOARD"
  "."
p
  "The "
  a cmd="CONTEMPLATE WINDOW"
    "WINDOW"
  " is closed. Through the "
  a cmd="CONTEMPLATE WINDOW"
    "WINDOW"
  " you see a "
  a cmd="CONTEMPLATE TREE"
    "TREE"
  "."
p
  "The "
  a cmd="CONTEMPLATE WINDOW"
    "WINDOW"
  " is crawling with "
  a cmd="CONTEMPLATE BUGS"
    "BUGS"
  "!"
p
  "You receive a text message from "
  a cmd="SWEETIE"
    "SWEETIE"
  "!"
p
  "“What about the "
  a cmd="CONTEMPLATE FRONT DOOR"
    "FRONT DOOR"
  "? Have the "
  a cmd="CONTEMPLATE BUGS"
    "BUGS"
  " gotten to it?”"
bugs = true
dir = "NORTH"
hit_HIVE = 3
hit_REFRIGERATOR = 1
hit_WORKBENCH = 1
is_CUPBOARD_open = true
is_FRONT_DOOR_open = true
is_REFRIGERATOR_open = false
is_WINDOW_open = false
laser = true
loc = "KITCHEN"
saw_bad_FRONT_DOOR = true
saw_bad_REFRIGERATOR = true
saw_bad_WINDOW = true
saw_good_CUPBOARD = true
saw_good_FRONT_DOOR = true
saw_good_REFRIGERATOR = true
saw_good_WINDOW = true
saw_laser = true
saw_you_bad_REFRIGERATOR = true
saw_you_bad_WINDOW = true
saw_you_good_FRONT_DOOR = true
saw_you_good_REFRIGERATOR = true
saw_you_good_WINDOW = true
sbugs = true
scom = true
shoo_FRONT_DOOR = true
shoo_FUTON = true
shoo_REFRIGERATOR = true
shoo_WORKBENCH = true
told_FUTON = false
told_REFRIGERATOR = true
told_WORKBENCH = false
used_laser = true
69> operate laser
p
  "You "
  a cmd="OPERATE THE LASER"
    "OPERATE THE LASER"
  ". The beam shatters the "
  a cmd="CONTEMPLATE WINDOW"
    "WINDOW"
  "!"
p
  "Some of the "
  a cmd="CONTEMPLATE BUGS"
    "BUGS"
  " fly out the "
  a cmd="CONTEMPLATE WINDOW"
    "WINDOW"
  "! Soon there are "
  a cmd="CONTEMPLATE BUGS"
    "BUGS"
  " flying back and forth between the "
  a cmd="CONTEMPLATE REFRIGERATOR"
    "REFRIGERATOR"
  " and the "
  a cmd="CONTEMPLATE TREE"
    "TREE"
  "."
--MORE--
hr

--MORE--
p
  "You are sitting on the "
  a cmd="FUTON"
    "FUTON"
  " facing your "
  a cmd="SWEETIE"
    "SWEETIE"
  ". You can smell the "
  a cmd="CIDER"
    "CIDER"
  " in the "
  a cmd="KITCHEN"
    "KITCHEN"
  "."
--MORE--
p
  "“YES ER WE HOPE WE ARE NOT INTERRUPTING YOUR ACTIVITIES.”"
--MORE--
p
  "Your "
  a cmd="SWEETIE"
    "SWEETIE"
  " "
  a cmd="ROTATES"
    "ROTATES"
  " towards the "
  a cmd="KITCHEN"
    "KITCHEN"
  "."
--MORE--
p
  "“What is it?”"
--MORE--
p
  "“WE WERE JUST DROPPING OFF OUR PORTION OF THE RENT.”"
--MORE--
p
  "A group of "
  a cmd="BUGS"
    "BUGS"
  " slide a "
  a cmd="CHECK"
    "CHECK"
  " over the threshold of the "
  a cmd="LIVING ROOM"
    "LIVING ROOM"
  "!"
--MORE--
p
  "“Does that mean what I think it means?”"
--MORE--
p
  "“YES WE RECEIVED APPROVAL FOR THE LOAN. THANK YOU SO MUCH.”"
--MORE--
p
  "“No problem! We know how it is.”"
--MORE--
p
  "He "
  a cmd="ROTATES"
    "ROTATES"
  " to face you, then back again."
--MORE--
p
  "“In fact we were just going out to celebrate.”"
--MORE--
p
  "“YES CONGRATULATIONS ON YOUR HOME-BASED MANUFACTURING BUSINESS.”"
--MORE--
p
  "“Maybe you would like to spread out in here while we are out?”"
--MORE--
p
  "“YES THAT IS A VERY GENEROUS OFFER HOWEVER THE "
  a cmd="WINDOW"
    "WINDOW"
  " REALLY IS A MUCH MORE DIRECT ROUTE. THANK YOU SO MUCH.”"
--MORE--
p
  "“Well, thank you for the "
  a cmd="CHECK"
    "CHECK"
  "!”"
--MORE--
p
  "He "
  a cmd="ROTATES"
    "ROTATES"
  " to you again."
--MORE--
p
  "“All right, sweetie. Let us "
  a cmd="AMBULATE TO RADIO SHACK"
    "AMBULATE TO RADIO SHACK"
  "!”"
--MORE--
hr class="end"

--MORE--
p class="end"
  "You have reached the happiest of 3 possible endings!"
--MORE--
p class="end"
  "You could use one the [undo] links on the right to rewind to that point."
--MORE--
p class="end"
  "Or you could "
  a href="."
    "return to the front page"
  "."
bugs = true
dir = "NORTH"
hit_HIVE = 3
hit_REFRIGERATOR = 1
hit_WINDOW = 1
hit_WORKBENCH = 1
is_CUPBOARD_open = true
is_FRONT_DOOR_open = true
is_REFRIGERATOR_open = false
is_WINDOW_open = false
laser = true
loc = "KITCHEN"
over = true
saw_bad_FRONT_DOOR = true
saw_bad_REFRIGERATOR = true
saw_bad_WINDOW = true
saw_good_CUPBOARD = true
saw_good_FRONT_DOOR = true
saw_good_REFRIGERATOR = true
saw_good_WINDOW = true
saw_laser = true
saw_you_bad_REFRIGERATOR = true
saw_you_bad_WINDOW = true
saw_you_good_FRONT_DOOR = true
saw_you_good_REFRIGERATOR = true
saw_you_good_WINDOW = true
sbugs = true
scom = true
shoo_FRONT_DOOR = true
shoo_FUTON = true
shoo_REFRIGERATOR = true
shoo_WORKBENCH = true
told_FUTON = false
told_REFRIGERATOR = true
told_WORKBENCH = false
used_laser = true
--DONE--
